<?xml version="1.0" ?>
<!DOCTYPE coverage SYSTEM "http://cobertura.sourceforge.net/xml/coverage-04.dtd">
<coverage lines-valid="12278"  lines-covered="6680"  line-rate="0.5440999999999999"  branches-valid="5814"  branches-covered="2317"  branch-rate="0.3985"  timestamp="1453888947133" complexity="0" version="0.1">
<sources>
	<source>/Users/robevans/Dropbox/Development/ForerunnerDB</source>
</sources>
<packages>
	<package name="lib"  line-rate="0.5440999999999999"  branch-rate="0.3985" >
	<classes>
		<class name="fdb-all.js"  filename="js/unitTests/lib/fdb-all.js"  line-rate="0.5440999999999999"  branch-rate="0.3985" >
		<methods>
			<method name="e"  hits="1"  signature="()V" >
				<lines><line number="1"  hits="1" /></lines>
			</method>
			<method name="s"  hits="236"  signature="()V" >
				<lines><line number="1"  hits="236" /></lines>
			</method>
			<method name="(anonymous_3)"  hits="235"  signature="()V" >
				<lines><line number="1"  hits="235" /></lines>
			</method>
			<method name="(anonymous_4)"  hits="1"  signature="()V" >
				<lines><line number="1"  hits="1" /></lines>
			</method>
			<method name="(anonymous_5)"  hits="1"  signature="()V" >
				<lines><line number="18"  hits="1" /></lines>
			</method>
			<method name="(anonymous_6)"  hits="1"  signature="()V" >
				<lines><line number="26"  hits="1" /></lines>
			</method>
			<method name="(anonymous_7)"  hits="25"  signature="()V" >
				<lines><line number="40"  hits="25" /></lines>
			</method>
			<method name="(anonymous_8)"  hits="3181"  signature="()V" >
				<lines><line number="74"  hits="3181" /></lines>
			</method>
			<method name="(anonymous_9)"  hits="31167"  signature="()V" >
				<lines><line number="135"  hits="31167" /></lines>
			</method>
			<method name="(anonymous_10)"  hits="4150"  signature="()V" >
				<lines><line number="172"  hits="4150" /></lines>
			</method>
			<method name="(anonymous_11)"  hits="1"  signature="()V" >
				<lines><line number="201"  hits="1" /></lines>
			</method>
			<method name="(anonymous_12)"  hits="120"  signature="()V" >
				<lines><line number="230"  hits="120" /></lines>
			</method>
			<method name="(anonymous_13)"  hits="4270"  signature="()V" >
				<lines><line number="250"  hits="4270" /></lines>
			</method>
			<method name="(anonymous_14)"  hits="8"  signature="()V" >
				<lines><line number="278"  hits="8" /></lines>
			</method>
			<method name="(anonymous_15)"  hits="1"  signature="()V" >
				<lines><line number="284"  hits="1" /></lines>
			</method>
			<method name="(anonymous_16)"  hits="769"  signature="()V" >
				<lines><line number="297"  hits="769" /></lines>
			</method>
			<method name="(anonymous_17)"  hits="769"  signature="()V" >
				<lines><line number="301"  hits="769" /></lines>
			</method>
			<method name="(anonymous_18)"  hits="0"  signature="()V" >
				<lines><line number="323"  hits="0" /></lines>
			</method>
			<method name="(anonymous_19)"  hits="0"  signature="()V" >
				<lines><line number="330"  hits="0" /></lines>
			</method>
			<method name="(anonymous_20)"  hits="0"  signature="()V" >
				<lines><line number="338"  hits="0" /></lines>
			</method>
			<method name="(anonymous_21)"  hits="0"  signature="()V" >
				<lines><line number="373"  hits="0" /></lines>
			</method>
			<method name="(anonymous_22)"  hits="769"  signature="()V" >
				<lines><line number="385"  hits="769" /></lines>
			</method>
			<method name="(anonymous_23)"  hits="1"  signature="()V" >
				<lines><line number="392"  hits="1" /></lines>
			</method>
			<method name="(anonymous_24)"  hits="3576"  signature="()V" >
				<lines><line number="399"  hits="3576" /></lines>
			</method>
			<method name="(anonymous_25)"  hits="3576"  signature="()V" >
				<lines><line number="403"  hits="3576" /></lines>
			</method>
			<method name="(anonymous_26)"  hits="3576"  signature="()V" >
				<lines><line number="424"  hits="3576" /></lines>
			</method>
			<method name="(anonymous_27)"  hits="16"  signature="()V" >
				<lines><line number="440"  hits="16" /></lines>
			</method>
			<method name="(anonymous_28)"  hits="3574"  signature="()V" >
				<lines><line number="457"  hits="3574" /></lines>
			</method>
			<method name="(anonymous_29)"  hits="0"  signature="()V" >
				<lines><line number="473"  hits="0" /></lines>
			</method>
			<method name="(anonymous_30)"  hits="0"  signature="()V" >
				<lines><line number="487"  hits="0" /></lines>
			</method>
			<method name="(anonymous_31)"  hits="91314"  signature="()V" >
				<lines><line number="507"  hits="91314" /></lines>
			</method>
			<method name="(anonymous_32)"  hits="3574"  signature="()V" >
				<lines><line number="546"  hits="3574" /></lines>
			</method>
			<method name="(anonymous_33)"  hits="0"  signature="()V" >
				<lines><line number="568"  hits="0" /></lines>
			</method>
			<method name="(anonymous_34)"  hits="0"  signature="()V" >
				<lines><line number="583"  hits="0" /></lines>
			</method>
			<method name="(anonymous_35)"  hits="90528"  signature="()V" >
				<lines><line number="596"  hits="90528" /></lines>
			</method>
			<method name="(anonymous_36)"  hits="1"  signature="()V" >
				<lines><line number="696"  hits="1" /></lines>
			</method>
			<method name="(anonymous_37)"  hits="1"  signature="()V" >
				<lines><line number="738"  hits="1" /></lines>
			</method>
			<method name="(anonymous_38)"  hits="0"  signature="()V" >
				<lines><line number="774"  hits="0" /></lines>
			</method>
			<method name="(anonymous_39)"  hits="2"  signature="()V" >
				<lines><line number="782"  hits="2" /></lines>
			</method>
			<method name="(anonymous_40)"  hits="813"  signature="()V" >
				<lines><line number="799"  hits="813" /></lines>
			</method>
			<method name="(anonymous_41)"  hits="511"  signature="()V" >
				<lines><line number="827"  hits="511" /></lines>
			</method>
			<method name="(anonymous_42)"  hits="22"  signature="()V" >
				<lines><line number="868"  hits="22" /></lines>
			</method>
			<method name="(anonymous_43)"  hits="1011"  signature="()V" >
				<lines><line number="954"  hits="1011" /></lines>
			</method>
			<method name="(anonymous_44)"  hits="14"  signature="()V" >
				<lines><line number="1044"  hits="14" /></lines>
			</method>
			<method name="(anonymous_45)"  hits="1"  signature="()V" >
				<lines><line number="1082"  hits="1" /></lines>
			</method>
			<method name="(anonymous_46)"  hits="769"  signature="()V" >
				<lines><line number="1105"  hits="769" /></lines>
			</method>
			<method name="(anonymous_47)"  hits="769"  signature="()V" >
				<lines><line number="1109"  hits="769" /></lines>
			</method>
			<method name="(anonymous_48)"  hits="1"  signature="()V" >
				<lines><line number="1229"  hits="1" /></lines>
			</method>
			<method name="(anonymous_49)"  hits="1"  signature="()V" >
				<lines><line number="1233"  hits="1" /></lines>
			</method>
			<method name="(anonymous_50)"  hits="1"  signature="()V" >
				<lines><line number="1254"  hits="1" /></lines>
			</method>
			<method name="(anonymous_51)"  hits="662"  signature="()V" >
				<lines><line number="1262"  hits="662" /></lines>
			</method>
			<method name="(anonymous_52)"  hits="12470"  signature="()V" >
				<lines><line number="1314"  hits="12470" /></lines>
			</method>
			<method name="(anonymous_53)"  hits="1306"  signature="()V" >
				<lines><line number="1341"  hits="1306" /></lines>
			</method>
			<method name="(anonymous_54)"  hits="69"  signature="()V" >
				<lines><line number="1350"  hits="69" /></lines>
			</method>
			<method name="(anonymous_55)"  hits="40"  signature="()V" >
				<lines><line number="1359"  hits="40" /></lines>
			</method>
			<method name="(anonymous_56)"  hits="1837"  signature="()V" >
				<lines><line number="1367"  hits="1837" /></lines>
			</method>
			<method name="(anonymous_57)"  hits="790"  signature="()V" >
				<lines><line number="1379"  hits="790" /></lines>
			</method>
			<method name="(anonymous_58)"  hits="345"  signature="()V" >
				<lines><line number="1409"  hits="345" /></lines>
			</method>
			<method name="(anonymous_59)"  hits="347"  signature="()V" >
				<lines><line number="1467"  hits="347" /></lines>
			</method>
			<method name="(anonymous_60)"  hits="28115"  signature="()V" >
				<lines><line number="1525"  hits="28115" /></lines>
			</method>
			<method name="(anonymous_61)"  hits="79"  signature="()V" >
				<lines><line number="1536"  hits="79" /></lines>
			</method>
			<method name="(anonymous_62)"  hits="5"  signature="()V" >
				<lines><line number="1581"  hits="5" /></lines>
			</method>
			<method name="(anonymous_63)"  hits="1"  signature="()V" >
				<lines><line number="1666"  hits="1" /></lines>
			</method>
			<method name="(anonymous_64)"  hits="1"  signature="()V" >
				<lines><line number="1679"  hits="1" /></lines>
			</method>
			<method name="(anonymous_65)"  hits="76"  signature="()V" >
				<lines><line number="1716"  hits="76" /></lines>
			</method>
			<method name="(anonymous_66)"  hits="100"  signature="()V" >
				<lines><line number="1737"  hits="100" /></lines>
			</method>
			<method name="(anonymous_67)"  hits="0"  signature="()V" >
				<lines><line number="1826"  hits="0" /></lines>
			</method>
			<method name="(anonymous_68)"  hits="5"  signature="()V" >
				<lines><line number="1865"  hits="5" /></lines>
			</method>
			<method name="(anonymous_69)"  hits="160"  signature="()V" >
				<lines><line number="1884"  hits="160" /></lines>
			</method>
			<method name="(anonymous_70)"  hits="176"  signature="()V" >
				<lines><line number="2381"  hits="176" /></lines>
			</method>
			<method name="(anonymous_71)"  hits="48"  signature="()V" >
				<lines><line number="2393"  hits="48" /></lines>
			</method>
			<method name="(anonymous_72)"  hits="53"  signature="()V" >
				<lines><line number="2436"  hits="53" /></lines>
			</method>
			<method name="(anonymous_73)"  hits="4"  signature="()V" >
				<lines><line number="2499"  hits="4" /></lines>
			</method>
			<method name="(anonymous_74)"  hits="3"  signature="()V" >
				<lines><line number="2511"  hits="3" /></lines>
			</method>
			<method name="(anonymous_75)"  hits="2"  signature="()V" >
				<lines><line number="2546"  hits="2" /></lines>
			</method>
			<method name="(anonymous_76)"  hits="8"  signature="()V" >
				<lines><line number="2567"  hits="8" /></lines>
			</method>
			<method name="(anonymous_77)"  hits="1256"  signature="()V" >
				<lines><line number="2588"  hits="1256" /></lines>
			</method>
			<method name="(anonymous_78)"  hits="1307"  signature="()V" >
				<lines><line number="2611"  hits="1307" /></lines>
			</method>
			<method name="(anonymous_79)"  hits="2569"  signature="()V" >
				<lines><line number="2690"  hits="2569" /></lines>
			</method>
			<method name="(anonymous_80)"  hits="2560"  signature="()V" >
				<lines><line number="2705"  hits="2560" /></lines>
			</method>
			<method name="(anonymous_81)"  hits="2545"  signature="()V" >
				<lines><line number="2771"  hits="2545" /></lines>
			</method>
			<method name="(anonymous_82)"  hits="52"  signature="()V" >
				<lines><line number="2781"  hits="52" /></lines>
			</method>
			<method name="(anonymous_83)"  hits="337"  signature="()V" >
				<lines><line number="2791"  hits="337" /></lines>
			</method>
			<method name="(anonymous_84)"  hits="2660"  signature="()V" >
				<lines><line number="2807"  hits="2660" /></lines>
			</method>
			<method name="(anonymous_85)"  hits="153"  signature="()V" >
				<lines><line number="2833"  hits="153" /></lines>
			</method>
			<method name="(anonymous_86)"  hits="100"  signature="()V" >
				<lines><line number="2857"  hits="100" /></lines>
			</method>
			<method name="(anonymous_87)"  hits="345"  signature="()V" >
				<lines><line number="2866"  hits="345" /></lines>
			</method>
			<method name="(anonymous_88)"  hits="34"  signature="()V" >
				<lines><line number="2886"  hits="34" /></lines>
			</method>
			<method name="(anonymous_89)"  hits="1"  signature="()V" >
				<lines><line number="2913"  hits="1" /></lines>
			</method>
			<method name="(anonymous_90)"  hits="1"  signature="()V" >
				<lines><line number="2925"  hits="1" /></lines>
			</method>
			<method name="(anonymous_91)"  hits="22"  signature="()V" >
				<lines><line number="2956"  hits="22" /></lines>
			</method>
			<method name="(anonymous_92)"  hits="5"  signature="()V" >
				<lines><line number="2971"  hits="5" /></lines>
			</method>
			<method name="(anonymous_93)"  hits="3"  signature="()V" >
				<lines><line number="3004"  hits="3" /></lines>
			</method>
			<method name="(anonymous_94)"  hits="1010"  signature="()V" >
				<lines><line number="3016"  hits="1010" /></lines>
			</method>
			<method name="(anonymous_95)"  hits="665"  signature="()V" >
				<lines><line number="3040"  hits="665" /></lines>
			</method>
			<method name="(anonymous_96)"  hits="665"  signature="()V" >
				<lines><line number="3057"  hits="665" /></lines>
			</method>
			<method name="(anonymous_97)"  hits="39861"  signature="()V" >
				<lines><line number="3111"  hits="39861" /></lines>
			</method>
			<method name="(anonymous_98)"  hits="59"  signature="()V" >
				<lines><line number="3587"  hits="59" /></lines>
			</method>
			<method name="(anonymous_99)"  hits="3"  signature="()V" >
				<lines><line number="3649"  hits="3" /></lines>
			</method>
			<method name="(anonymous_100)"  hits="1"  signature="()V" >
				<lines><line number="3660"  hits="1" /></lines>
			</method>
			<method name="(anonymous_101)"  hits="2"  signature="()V" >
				<lines><line number="3687"  hits="2" /></lines>
			</method>
			<method name="(anonymous_102)"  hits="0"  signature="()V" >
				<lines><line number="3720"  hits="0" /></lines>
			</method>
			<method name="(anonymous_103)"  hits="4"  signature="()V" >
				<lines><line number="3741"  hits="4" /></lines>
			</method>
			<method name="(anonymous_104)"  hits="1677"  signature="()V" >
				<lines><line number="3774"  hits="1677" /></lines>
			</method>
			<method name="(anonymous_105)"  hits="1"  signature="()V" >
				<lines><line number="3806"  hits="1" /></lines>
			</method>
			<method name="(anonymous_106)"  hits="84"  signature="()V" >
				<lines><line number="3839"  hits="84" /></lines>
			</method>
			<method name="(anonymous_107)"  hits="148978"  signature="()V" >
				<lines><line number="3846"  hits="148978" /></lines>
			</method>
			<method name="(anonymous_108)"  hits="0"  signature="()V" >
				<lines><line number="3980"  hits="0" /></lines>
			</method>
			<method name="(anonymous_109)"  hits="0"  signature="()V" >
				<lines><line number="3990"  hits="0" /></lines>
			</method>
			<method name="(anonymous_110)"  hits="0"  signature="()V" >
				<lines><line number="3998"  hits="0" /></lines>
			</method>
			<method name="(anonymous_111)"  hits="661"  signature="()V" >
				<lines><line number="4021"  hits="661" /></lines>
			</method>
			<method name="(anonymous_112)"  hits="2"  signature="()V" >
				<lines><line number="4110"  hits="2" /></lines>
			</method>
			<method name="(anonymous_113)"  hits="14"  signature="()V" >
				<lines><line number="4183"  hits="14" /></lines>
			</method>
			<method name="(anonymous_114)"  hits="173"  signature="()V" >
				<lines><line number="4210"  hits="173" /></lines>
			</method>
			<method name="(anonymous_115)"  hits="8"  signature="()V" >
				<lines><line number="4231"  hits="8" /></lines>
			</method>
			<method name="(anonymous_116)"  hits="8"  signature="()V" >
				<lines><line number="4235"  hits="8" /></lines>
			</method>
			<method name="(anonymous_117)"  hits="0"  signature="()V" >
				<lines><line number="4300"  hits="0" /></lines>
			</method>
			<method name="(anonymous_118)"  hits="2569"  signature="()V" >
				<lines><line number="4311"  hits="2569" /></lines>
			</method>
			<method name="(anonymous_119)"  hits="29"  signature="()V" >
				<lines><line number="4345"  hits="29" /></lines>
			</method>
			<method name="(anonymous_120)"  hits="12"  signature="()V" >
				<lines><line number="4427"  hits="12" /></lines>
			</method>
			<method name="(anonymous_121)"  hits="1"  signature="()V" >
				<lines><line number="4437"  hits="1" /></lines>
			</method>
			<method name="(anonymous_122)"  hits="2"  signature="()V" >
				<lines><line number="4448"  hits="2" /></lines>
			</method>
			<method name="(anonymous_123)"  hits="0"  signature="()V" >
				<lines><line number="4522"  hits="0" /></lines>
			</method>
			<method name="(anonymous_124)"  hits="0"  signature="()V" >
				<lines><line number="4525"  hits="0" /></lines>
			</method>
			<method name="(anonymous_125)"  hits="1"  signature="()V" >
				<lines><line number="4586"  hits="1" /></lines>
			</method>
			<method name="(anonymous_126)"  hits="1"  signature="()V" >
				<lines><line number="4607"  hits="1" /></lines>
			</method>
			<method name="(anonymous_127)"  hits="0"  signature="()V" >
				<lines><line number="4635"  hits="0" /></lines>
			</method>
			<method name="(anonymous_128)"  hits="1"  signature="()V" >
				<lines><line number="4649"  hits="1" /></lines>
			</method>
			<method name="(anonymous_129)"  hits="856"  signature="()V" >
				<lines><line number="4672"  hits="856" /></lines>
			</method>
			<method name="(anonymous_130)"  hits="0"  signature="()V" >
				<lines><line number="4688"  hits="0" /></lines>
			</method>
			<method name="(anonymous_131)"  hits="5"  signature="()V" >
				<lines><line number="4704"  hits="5" /></lines>
			</method>
			<method name="(anonymous_132)"  hits="0"  signature="()V" >
				<lines><line number="4721"  hits="0" /></lines>
			</method>
			<method name="(anonymous_133)"  hits="861"  signature="()V" >
				<lines><line number="4736"  hits="861" /></lines>
			</method>
			<method name="(anonymous_134)"  hits="61"  signature="()V" >
				<lines><line number="4776"  hits="61" /></lines>
			</method>
			<method name="(anonymous_135)"  hits="0"  signature="()V" >
				<lines><line number="4797"  hits="0" /></lines>
			</method>
			<method name="(anonymous_136)"  hits="248"  signature="()V" >
				<lines><line number="4809"  hits="248" /></lines>
			</method>
			<method name="(anonymous_137)"  hits="10"  signature="()V" >
				<lines><line number="4844"  hits="10" /></lines>
			</method>
			<method name="(anonymous_138)"  hits="1"  signature="()V" >
				<lines><line number="4853"  hits="1" /></lines>
			</method>
			<method name="(anonymous_139)"  hits="19"  signature="()V" >
				<lines><line number="4871"  hits="19" /></lines>
			</method>
			<method name="(anonymous_140)"  hits="19"  signature="()V" >
				<lines><line number="4875"  hits="19" /></lines>
			</method>
			<method name="(anonymous_141)"  hits="12"  signature="()V" >
				<lines><line number="4895"  hits="12" /></lines>
			</method>
			<method name="(anonymous_142)"  hits="1"  signature="()V" >
				<lines><line number="4899"  hits="1" /></lines>
			</method>
			<method name="(anonymous_143)"  hits="0"  signature="()V" >
				<lines><line number="4903"  hits="0" /></lines>
			</method>
			<method name="(anonymous_144)"  hits="23"  signature="()V" >
				<lines><line number="4912"  hits="23" /></lines>
			</method>
			<method name="(anonymous_145)"  hits="21"  signature="()V" >
				<lines><line number="4942"  hits="21" /></lines>
			</method>
			<method name="(anonymous_146)"  hits="21"  signature="()V" >
				<lines><line number="4964"  hits="21" /></lines>
			</method>
			<method name="(anonymous_147)"  hits="21"  signature="()V" >
				<lines><line number="4993"  hits="21" /></lines>
			</method>
			<method name="(anonymous_148)"  hits="28"  signature="()V" >
				<lines><line number="5021"  hits="28" /></lines>
			</method>
			<method name="(anonymous_149)"  hits="0"  signature="()V" >
				<lines><line number="5057"  hits="0" /></lines>
			</method>
			<method name="(anonymous_150)"  hits="0"  signature="()V" >
				<lines><line number="5061"  hits="0" /></lines>
			</method>
			<method name="(anonymous_151)"  hits="0"  signature="()V" >
				<lines><line number="5065"  hits="0" /></lines>
			</method>
			<method name="(anonymous_152)"  hits="0"  signature="()V" >
				<lines><line number="5069"  hits="0" /></lines>
			</method>
			<method name="(anonymous_153)"  hits="0"  signature="()V" >
				<lines><line number="5073"  hits="0" /></lines>
			</method>
			<method name="(anonymous_154)"  hits="13"  signature="()V" >
				<lines><line number="5079"  hits="13" /></lines>
			</method>
			<method name="(anonymous_155)"  hits="0"  signature="()V" >
				<lines><line number="5087"  hits="0" /></lines>
			</method>
			<method name="(anonymous_156)"  hits="0"  signature="()V" >
				<lines><line number="5102"  hits="0" /></lines>
			</method>
			<method name="(anonymous_157)"  hits="0"  signature="()V" >
				<lines><line number="5115"  hits="0" /></lines>
			</method>
			<method name="(anonymous_158)"  hits="250"  signature="()V" >
				<lines><line number="5154"  hits="250" /></lines>
			</method>
			<method name="(anonymous_159)"  hits="19"  signature="()V" >
				<lines><line number="5167"  hits="19" /></lines>
			</method>
			<method name="(anonymous_160)"  hits="0"  signature="()V" >
				<lines><line number="5196"  hits="0" /></lines>
			</method>
			<method name="(anonymous_161)"  hits="1"  signature="()V" >
				<lines><line number="5212"  hits="1" /></lines>
			</method>
			<method name="(anonymous_162)"  hits="2"  signature="()V" >
				<lines><line number="5239"  hits="2" /></lines>
			</method>
			<method name="(anonymous_163)"  hits="2"  signature="()V" >
				<lines><line number="5243"  hits="2" /></lines>
			</method>
			<method name="(anonymous_164)"  hits="0"  signature="()V" >
				<lines><line number="5255"  hits="0" /></lines>
			</method>
			<method name="(anonymous_165)"  hits="0"  signature="()V" >
				<lines><line number="5265"  hits="0" /></lines>
			</method>
			<method name="(anonymous_166)"  hits="0"  signature="()V" >
				<lines><line number="5279"  hits="0" /></lines>
			</method>
			<method name="(anonymous_167)"  hits="0"  signature="()V" >
				<lines><line number="5310"  hits="0" /></lines>
			</method>
			<method name="(anonymous_168)"  hits="21"  signature="()V" >
				<lines><line number="5337"  hits="21" /></lines>
			</method>
			<method name="(anonymous_169)"  hits="3"  signature="()V" >
				<lines><line number="5362"  hits="3" /></lines>
			</method>
			<method name="(anonymous_170)"  hits="0"  signature="()V" >
				<lines><line number="5395"  hits="0" /></lines>
			</method>
			<method name="(anonymous_171)"  hits="6"  signature="()V" >
				<lines><line number="5421"  hits="6" /></lines>
			</method>
			<method name="(anonymous_172)"  hits="0"  signature="()V" >
				<lines><line number="5480"  hits="0" /></lines>
			</method>
			<method name="(anonymous_173)"  hits="0"  signature="()V" >
				<lines><line number="5489"  hits="0" /></lines>
			</method>
			<method name="(anonymous_174)"  hits="0"  signature="()V" >
				<lines><line number="5498"  hits="0" /></lines>
			</method>
			<method name="(anonymous_175)"  hits="1"  signature="()V" >
				<lines><line number="5503"  hits="1" /></lines>
			</method>
			<method name="(anonymous_176)"  hits="1"  signature="()V" >
				<lines><line number="5509"  hits="1" /></lines>
			</method>
			<method name="(anonymous_177)"  hits="0"  signature="()V" >
				<lines><line number="5526"  hits="0" /></lines>
			</method>
			<method name="(anonymous_178)"  hits="1"  signature="()V" >
				<lines><line number="5536"  hits="1" /></lines>
			</method>
			<method name="(anonymous_179)"  hits="250"  signature="()V" >
				<lines><line number="5553"  hits="250" /></lines>
			</method>
			<method name="(anonymous_180)"  hits="250"  signature="()V" >
				<lines><line number="5557"  hits="250" /></lines>
			</method>
			<method name="(anonymous_181)"  hits="0"  signature="()V" >
				<lines><line number="5575"  hits="0" /></lines>
			</method>
			<method name="(anonymous_182)"  hits="0"  signature="()V" >
				<lines><line number="5602"  hits="0" /></lines>
			</method>
			<method name="(anonymous_183)"  hits="0"  signature="()V" >
				<lines><line number="5628"  hits="0" /></lines>
			</method>
			<method name="(anonymous_184)"  hits="0"  signature="()V" >
				<lines><line number="5654"  hits="0" /></lines>
			</method>
			<method name="(anonymous_185)"  hits="0"  signature="()V" >
				<lines><line number="5727"  hits="0" /></lines>
			</method>
			<method name="(anonymous_186)"  hits="0"  signature="()V" >
				<lines><line number="5735"  hits="0" /></lines>
			</method>
			<method name="(anonymous_187)"  hits="250"  signature="()V" >
				<lines><line number="5751"  hits="250" /></lines>
			</method>
			<method name="(anonymous_188)"  hits="0"  signature="()V" >
				<lines><line number="5760"  hits="0" /></lines>
			</method>
			<method name="(anonymous_189)"  hits="0"  signature="()V" >
				<lines><line number="5770"  hits="0" /></lines>
			</method>
			<method name="(anonymous_190)"  hits="0"  signature="()V" >
				<lines><line number="5781"  hits="0" /></lines>
			</method>
			<method name="(anonymous_191)"  hits="0"  signature="()V" >
				<lines><line number="5796"  hits="0" /></lines>
			</method>
			<method name="(anonymous_192)"  hits="1024"  signature="()V" >
				<lines><line number="5815"  hits="1024" /></lines>
			</method>
			<method name="(anonymous_193)"  hits="0"  signature="()V" >
				<lines><line number="5831"  hits="0" /></lines>
			</method>
			<method name="(anonymous_194)"  hits="1"  signature="()V" >
				<lines><line number="5859"  hits="1" /></lines>
			</method>
			<method name="(anonymous_195)"  hits="1"  signature="()V" >
				<lines><line number="5888"  hits="1" /></lines>
			</method>
			<method name="(anonymous_196)"  hits="244"  signature="()V" >
				<lines><line number="5925"  hits="244" /></lines>
			</method>
			<method name="(anonymous_197)"  hits="0"  signature="()V" >
				<lines><line number="5953"  hits="0" /></lines>
			</method>
			<method name="(anonymous_198)"  hits="0"  signature="()V" >
				<lines><line number="5959"  hits="0" /></lines>
			</method>
			<method name="(anonymous_199)"  hits="5"  signature="()V" >
				<lines><line number="5991"  hits="5" /></lines>
			</method>
			<method name="(anonymous_200)"  hits="0"  signature="()V" >
				<lines><line number="6021"  hits="0" /></lines>
			</method>
			<method name="(anonymous_201)"  hits="0"  signature="()V" >
				<lines><line number="6027"  hits="0" /></lines>
			</method>
			<method name="(anonymous_202)"  hits="252"  signature="()V" >
				<lines><line number="6059"  hits="252" /></lines>
			</method>
			<method name="(anonymous_203)"  hits="0"  signature="()V" >
				<lines><line number="6084"  hits="0" /></lines>
			</method>
			<method name="(anonymous_204)"  hits="0"  signature="()V" >
				<lines><line number="6166"  hits="0" /></lines>
			</method>
			<method name="(anonymous_205)"  hits="1"  signature="()V" >
				<lines><line number="6175"  hits="1" /></lines>
			</method>
			<method name="(anonymous_206)"  hits="7"  signature="()V" >
				<lines><line number="6195"  hits="7" /></lines>
			</method>
			<method name="(anonymous_207)"  hits="7"  signature="()V" >
				<lines><line number="6199"  hits="7" /></lines>
			</method>
			<method name="(anonymous_208)"  hits="10"  signature="()V" >
				<lines><line number="6252"  hits="10" /></lines>
			</method>
			<method name="(anonymous_209)"  hits="0"  signature="()V" >
				<lines><line number="6303"  hits="0" /></lines>
			</method>
			<method name="(anonymous_210)"  hits="1"  signature="()V" >
				<lines><line number="6327"  hits="1" /></lines>
			</method>
			<method name="(anonymous_211)"  hits="11"  signature="()V" >
				<lines><line number="6361"  hits="11" /></lines>
			</method>
			<method name="(anonymous_212)"  hits="3"  signature="()V" >
				<lines><line number="6375"  hits="3" /></lines>
			</method>
			<method name="(anonymous_213)"  hits="0"  signature="()V" >
				<lines><line number="6400"  hits="0" /></lines>
			</method>
			<method name="(anonymous_214)"  hits="0"  signature="()V" >
				<lines><line number="6417"  hits="0" /></lines>
			</method>
			<method name="(anonymous_215)"  hits="0"  signature="()V" >
				<lines><line number="6442"  hits="0" /></lines>
			</method>
			<method name="(anonymous_216)"  hits="0"  signature="()V" >
				<lines><line number="6466"  hits="0" /></lines>
			</method>
			<method name="(anonymous_217)"  hits="0"  signature="()V" >
				<lines><line number="6482"  hits="0" /></lines>
			</method>
			<method name="(anonymous_218)"  hits="0"  signature="()V" >
				<lines><line number="6499"  hits="0" /></lines>
			</method>
			<method name="(anonymous_219)"  hits="0"  signature="()V" >
				<lines><line number="6516"  hits="0" /></lines>
			</method>
			<method name="(anonymous_220)"  hits="1"  signature="()V" >
				<lines><line number="6535"  hits="1" /></lines>
			</method>
			<method name="(anonymous_221)"  hits="0"  signature="()V" >
				<lines><line number="6549"  hits="0" /></lines>
			</method>
			<method name="(anonymous_222)"  hits="7"  signature="()V" >
				<lines><line number="6582"  hits="7" /></lines>
			</method>
			<method name="(anonymous_223)"  hits="0"  signature="()V" >
				<lines><line number="6618"  hits="0" /></lines>
			</method>
			<method name="(anonymous_224)"  hits="1"  signature="()V" >
				<lines><line number="6639"  hits="1" /></lines>
			</method>
			<method name="(anonymous_225)"  hits="1"  signature="()V" >
				<lines><line number="6688"  hits="1" /></lines>
			</method>
			<method name="(anonymous_226)"  hits="0"  signature="()V" >
				<lines><line number="6690"  hits="0" /></lines>
			</method>
			<method name="(anonymous_227)"  hits="1"  signature="()V" >
				<lines><line number="6704"  hits="1" /></lines>
			</method>
			<method name="(anonymous_228)"  hits="11"  signature="()V" >
				<lines><line number="6745"  hits="11" /></lines>
			</method>
			<method name="(anonymous_229)"  hits="0"  signature="()V" >
				<lines><line number="6764"  hits="0" /></lines>
			</method>
			<method name="(anonymous_230)"  hits="5"  signature="()V" >
				<lines><line number="6815"  hits="5" /></lines>
			</method>
			<method name="(anonymous_231)"  hits="1"  signature="()V" >
				<lines><line number="6867"  hits="1" /></lines>
			</method>
			<method name="(anonymous_232)"  hits="3"  signature="()V" >
				<lines><line number="6892"  hits="3" /></lines>
			</method>
			<method name="(anonymous_233)"  hits="3"  signature="()V" >
				<lines><line number="6896"  hits="3" /></lines>
			</method>
			<method name="(anonymous_234)"  hits="0"  signature="()V" >
				<lines><line number="6905"  hits="0" /></lines>
			</method>
			<method name="(anonymous_235)"  hits="0"  signature="()V" >
				<lines><line number="6949"  hits="0" /></lines>
			</method>
			<method name="(anonymous_236)"  hits="0"  signature="()V" >
				<lines><line number="6958"  hits="0" /></lines>
			</method>
			<method name="(anonymous_237)"  hits="0"  signature="()V" >
				<lines><line number="6967"  hits="0" /></lines>
			</method>
			<method name="(anonymous_238)"  hits="0"  signature="()V" >
				<lines><line number="6976"  hits="0" /></lines>
			</method>
			<method name="(anonymous_239)"  hits="2"  signature="()V" >
				<lines><line number="6987"  hits="2" /></lines>
			</method>
			<method name="(anonymous_240)"  hits="3"  signature="()V" >
				<lines><line number="7017"  hits="3" /></lines>
			</method>
			<method name="(anonymous_241)"  hits="0"  signature="()V" >
				<lines><line number="7026"  hits="0" /></lines>
			</method>
			<method name="(anonymous_242)"  hits="2"  signature="()V" >
				<lines><line number="7039"  hits="2" /></lines>
			</method>
			<method name="(anonymous_243)"  hits="4"  signature="()V" >
				<lines><line number="7085"  hits="4" /></lines>
			</method>
			<method name="(anonymous_244)"  hits="0"  signature="()V" >
				<lines><line number="7094"  hits="0" /></lines>
			</method>
			<method name="(anonymous_245)"  hits="2"  signature="()V" >
				<lines><line number="7123"  hits="2" /></lines>
			</method>
			<method name="(anonymous_246)"  hits="0"  signature="()V" >
				<lines><line number="7128"  hits="0" /></lines>
			</method>
			<method name="(anonymous_247)"  hits="6"  signature="()V" >
				<lines><line number="7163"  hits="6" /></lines>
			</method>
			<method name="(anonymous_248)"  hits="0"  signature="()V" >
				<lines><line number="7230"  hits="0" /></lines>
			</method>
			<method name="(anonymous_249)"  hits="0"  signature="()V" >
				<lines><line number="7244"  hits="0" /></lines>
			</method>
			<method name="(anonymous_250)"  hits="0"  signature="()V" >
				<lines><line number="7254"  hits="0" /></lines>
			</method>
			<method name="(anonymous_251)"  hits="0"  signature="()V" >
				<lines><line number="7356"  hits="0" /></lines>
			</method>
			<method name="(anonymous_252)"  hits="2"  signature="()V" >
				<lines><line number="7369"  hits="2" /></lines>
			</method>
			<method name="(anonymous_253)"  hits="0"  signature="()V" >
				<lines><line number="7407"  hits="0" /></lines>
			</method>
			<method name="(anonymous_254)"  hits="0"  signature="()V" >
				<lines><line number="7449"  hits="0" /></lines>
			</method>
			<method name="(anonymous_255)"  hits="2"  signature="()V" >
				<lines><line number="7466"  hits="2" /></lines>
			</method>
			<method name="(anonymous_256)"  hits="250"  signature="()V" >
				<lines><line number="7478"  hits="250" /></lines>
			</method>
			<method name="(anonymous_257)"  hits="0"  signature="()V" >
				<lines><line number="7490"  hits="0" /></lines>
			</method>
			<method name="(anonymous_258)"  hits="1"  signature="()V" >
				<lines><line number="7503"  hits="1" /></lines>
			</method>
			<method name="(anonymous_259)"  hits="0"  signature="()V" >
				<lines><line number="7523"  hits="0" /></lines>
			</method>
			<method name="(anonymous_260)"  hits="0"  signature="()V" >
				<lines><line number="7541"  hits="0" /></lines>
			</method>
			<method name="(anonymous_261)"  hits="1"  signature="()V" >
				<lines><line number="7563"  hits="1" /></lines>
			</method>
			<method name="(anonymous_262)"  hits="1"  signature="()V" >
				<lines><line number="7580"  hits="1" /></lines>
			</method>
			<method name="(anonymous_263)"  hits="1"  signature="()V" >
				<lines><line number="7584"  hits="1" /></lines>
			</method>
			<method name="(anonymous_264)"  hits="0"  signature="()V" >
				<lines><line number="7690"  hits="0" /></lines>
			</method>
			<method name="(anonymous_265)"  hits="1"  signature="()V" >
				<lines><line number="7708"  hits="1" /></lines>
			</method>
			<method name="(anonymous_266)"  hits="1"  signature="()V" >
				<lines><line number="7774"  hits="1" /></lines>
			</method>
			<method name="(anonymous_267)"  hits="0"  signature="()V" >
				<lines><line number="7777"  hits="0" /></lines>
			</method>
			<method name="(anonymous_268)"  hits="1"  signature="()V" >
				<lines><line number="7782"  hits="1" /></lines>
			</method>
			<method name="(anonymous_269)"  hits="0"  signature="()V" >
				<lines><line number="7792"  hits="0" /></lines>
			</method>
			<method name="(anonymous_270)"  hits="1"  signature="()V" >
				<lines><line number="7860"  hits="1" /></lines>
			</method>
			<method name="(anonymous_271)"  hits="769"  signature="()V" >
				<lines><line number="7896"  hits="769" /></lines>
			</method>
			<method name="(anonymous_272)"  hits="0"  signature="()V" >
				<lines><line number="7913"  hits="0" /></lines>
			</method>
			<method name="(anonymous_273)"  hits="0"  signature="()V" >
				<lines><line number="7938"  hits="0" /></lines>
			</method>
			<method name="(anonymous_274)"  hits="0"  signature="()V" >
				<lines><line number="7963"  hits="0" /></lines>
			</method>
			<method name="(anonymous_275)"  hits="1"  signature="()V" >
				<lines><line number="7974"  hits="1" /></lines>
			</method>
			<method name="(anonymous_276)"  hits="1"  signature="()V" >
				<lines><line number="7999"  hits="1" /></lines>
			</method>
			<method name="(anonymous_277)"  hits="0"  signature="()V" >
				<lines><line number="8024"  hits="0" /></lines>
			</method>
			<method name="(anonymous_278)"  hits="0"  signature="()V" >
				<lines><line number="8049"  hits="0" /></lines>
			</method>
			<method name="(anonymous_279)"  hits="0"  signature="()V" >
				<lines><line number="8074"  hits="0" /></lines>
			</method>
			<method name="(anonymous_280)"  hits="0"  signature="()V" >
				<lines><line number="8099"  hits="0" /></lines>
			</method>
			<method name="(anonymous_281)"  hits="0"  signature="()V" >
				<lines><line number="8124"  hits="0" /></lines>
			</method>
			<method name="(anonymous_282)"  hits="0"  signature="()V" >
				<lines><line number="8149"  hits="0" /></lines>
			</method>
			<method name="(anonymous_283)"  hits="0"  signature="()V" >
				<lines><line number="8174"  hits="0" /></lines>
			</method>
			<method name="(anonymous_284)"  hits="0"  signature="()V" >
				<lines><line number="8203"  hits="0" /></lines>
			</method>
			<method name="(anonymous_285)"  hits="0"  signature="()V" >
				<lines><line number="8221"  hits="0" /></lines>
			</method>
			<method name="(anonymous_286)"  hits="1"  signature="()V" >
				<lines><line number="8229"  hits="1" /></lines>
			</method>
			<method name="(anonymous_287)"  hits="3"  signature="()V" >
				<lines><line number="8272"  hits="3" /></lines>
			</method>
			<method name="(anonymous_288)"  hits="3"  signature="()V" >
				<lines><line number="8276"  hits="3" /></lines>
			</method>
			<method name="(anonymous_289)"  hits="6"  signature="()V" >
				<lines><line number="8303"  hits="6" /></lines>
			</method>
			<method name="(anonymous_290)"  hits="3"  signature="()V" >
				<lines><line number="8307"  hits="3" /></lines>
			</method>
			<method name="(anonymous_291)"  hits="0"  signature="()V" >
				<lines><line number="8311"  hits="0" /></lines>
			</method>
			<method name="(anonymous_292)"  hits="3"  signature="()V" >
				<lines><line number="8321"  hits="3" /></lines>
			</method>
			<method name="(anonymous_293)"  hits="3"  signature="()V" >
				<lines><line number="8333"  hits="3" /></lines>
			</method>
			<method name="(anonymous_294)"  hits="4"  signature="()V" >
				<lines><line number="8369"  hits="4" /></lines>
			</method>
			<method name="(anonymous_295)"  hits="0"  signature="()V" >
				<lines><line number="8410"  hits="0" /></lines>
			</method>
			<method name="(anonymous_296)"  hits="0"  signature="()V" >
				<lines><line number="8428"  hits="0" /></lines>
			</method>
			<method name="(anonymous_297)"  hits="0"  signature="()V" >
				<lines><line number="8436"  hits="0" /></lines>
			</method>
			<method name="(anonymous_298)"  hits="1"  signature="()V" >
				<lines><line number="8441"  hits="1" /></lines>
			</method>
			<method name="(anonymous_299)"  hits="1"  signature="()V" >
				<lines><line number="8476"  hits="1" /></lines>
			</method>
			<method name="(anonymous_300)"  hits="1"  signature="()V" >
				<lines><line number="8560"  hits="1" /></lines>
			</method>
			<method name="(anonymous_301)"  hits="0"  signature="()V" >
				<lines><line number="8569"  hits="0" /></lines>
			</method>
			<method name="(anonymous_302)"  hits="2"  signature="()V" >
				<lines><line number="8573"  hits="2" /></lines>
			</method>
			<method name="(anonymous_303)"  hits="8"  signature="()V" >
				<lines><line number="8589"  hits="8" /></lines>
			</method>
			<method name="(anonymous_304)"  hits="2"  signature="()V" >
				<lines><line number="8593"  hits="2" /></lines>
			</method>
			<method name="(anonymous_305)"  hits="0"  signature="()V" >
				<lines><line number="8599"  hits="0" /></lines>
			</method>
			<method name="(anonymous_306)"  hits="3"  signature="()V" >
				<lines><line number="8615"  hits="3" /></lines>
			</method>
			<method name="(anonymous_307)"  hits="0"  signature="()V" >
				<lines><line number="8631"  hits="0" /></lines>
			</method>
			<method name="(anonymous_308)"  hits="1"  signature="()V" >
				<lines><line number="8662"  hits="1" /></lines>
			</method>
			<method name="(anonymous_309)"  hits="13"  signature="()V" >
				<lines><line number="8687"  hits="13" /></lines>
			</method>
			<method name="(anonymous_310)"  hits="13"  signature="()V" >
				<lines><line number="8691"  hits="13" /></lines>
			</method>
			<method name="(anonymous_311)"  hits="26"  signature="()V" >
				<lines><line number="8717"  hits="26" /></lines>
			</method>
			<method name="(anonymous_312)"  hits="13"  signature="()V" >
				<lines><line number="8721"  hits="13" /></lines>
			</method>
			<method name="(anonymous_313)"  hits="4"  signature="()V" >
				<lines><line number="8725"  hits="4" /></lines>
			</method>
			<method name="(anonymous_314)"  hits="13"  signature="()V" >
				<lines><line number="8735"  hits="13" /></lines>
			</method>
			<method name="(anonymous_315)"  hits="13"  signature="()V" >
				<lines><line number="8747"  hits="13" /></lines>
			</method>
			<method name="(anonymous_316)"  hits="1046"  signature="()V" >
				<lines><line number="8783"  hits="1046" /></lines>
			</method>
			<method name="(anonymous_317)"  hits="1"  signature="()V" >
				<lines><line number="8801"  hits="1" /></lines>
			</method>
			<method name="(anonymous_318)"  hits="11"  signature="()V" >
				<lines><line number="8819"  hits="11" /></lines>
			</method>
			<method name="(anonymous_319)"  hits="0"  signature="()V" >
				<lines><line number="8827"  hits="0" /></lines>
			</method>
			<method name="(anonymous_320)"  hits="9"  signature="()V" >
				<lines><line number="8832"  hits="9" /></lines>
			</method>
			<method name="(anonymous_321)"  hits="10"  signature="()V" >
				<lines><line number="8836"  hits="10" /></lines>
			</method>
			<method name="(anonymous_322)"  hits="45"  signature="()V" >
				<lines><line number="8840"  hits="45" /></lines>
			</method>
			<method name="(anonymous_323)"  hits="13"  signature="()V" >
				<lines><line number="8856"  hits="13" /></lines>
			</method>
			<method name="(anonymous_324)"  hits="0"  signature="()V" >
				<lines><line number="8872"  hits="0" /></lines>
			</method>
			<method name="(anonymous_325)"  hits="1"  signature="()V" >
				<lines><line number="8903"  hits="1" /></lines>
			</method>
			<method name="(anonymous_326)"  hits="13"  signature="()V" >
				<lines><line number="8914"  hits="13" /></lines>
			</method>
			<method name="(anonymous_327)"  hits="13"  signature="()V" >
				<lines><line number="8918"  hits="13" /></lines>
			</method>
			<method name="(anonymous_328)"  hits="26"  signature="()V" >
				<lines><line number="8940"  hits="26" /></lines>
			</method>
			<method name="(anonymous_329)"  hits="13"  signature="()V" >
				<lines><line number="8944"  hits="13" /></lines>
			</method>
			<method name="(anonymous_330)"  hits="2"  signature="()V" >
				<lines><line number="8948"  hits="2" /></lines>
			</method>
			<method name="(anonymous_331)"  hits="13"  signature="()V" >
				<lines><line number="8958"  hits="13" /></lines>
			</method>
			<method name="(anonymous_332)"  hits="13"  signature="()V" >
				<lines><line number="8970"  hits="13" /></lines>
			</method>
			<method name="(anonymous_333)"  hits="10041"  signature="()V" >
				<lines><line number="9006"  hits="10041" /></lines>
			</method>
			<method name="(anonymous_334)"  hits="0"  signature="()V" >
				<lines><line number="9026"  hits="0" /></lines>
			</method>
			<method name="(anonymous_335)"  hits="1"  signature="()V" >
				<lines><line number="9034"  hits="1" /></lines>
			</method>
			<method name="(anonymous_336)"  hits="5"  signature="()V" >
				<lines><line number="9054"  hits="5" /></lines>
			</method>
			<method name="(anonymous_337)"  hits="0"  signature="()V" >
				<lines><line number="9062"  hits="0" /></lines>
			</method>
			<method name="(anonymous_338)"  hits="10065"  signature="()V" >
				<lines><line number="9067"  hits="10065" /></lines>
			</method>
			<method name="(anonymous_339)"  hits="1"  signature="()V" >
				<lines><line number="9083"  hits="1" /></lines>
			</method>
			<method name="(anonymous_340)"  hits="0"  signature="()V" >
				<lines><line number="9108"  hits="0" /></lines>
			</method>
			<method name="(anonymous_341)"  hits="0"  signature="()V" >
				<lines><line number="9130"  hits="0" /></lines>
			</method>
			<method name="(anonymous_342)"  hits="10065"  signature="()V" >
				<lines><line number="9140"  hits="10065" /></lines>
			</method>
			<method name="(anonymous_343)"  hits="1"  signature="()V" >
				<lines><line number="9155"  hits="1" /></lines>
			</method>
			<method name="(anonymous_344)"  hits="9"  signature="()V" >
				<lines><line number="9161"  hits="9" /></lines>
			</method>
			<method name="(anonymous_345)"  hits="11"  signature="()V" >
				<lines><line number="9165"  hits="11" /></lines>
			</method>
			<method name="(anonymous_346)"  hits="43"  signature="()V" >
				<lines><line number="9200"  hits="43" /></lines>
			</method>
			<method name="(anonymous_347)"  hits="13"  signature="()V" >
				<lines><line number="9216"  hits="13" /></lines>
			</method>
			<method name="(anonymous_348)"  hits="10042"  signature="()V" >
				<lines><line number="9232"  hits="10042" /></lines>
			</method>
			<method name="(anonymous_349)"  hits="1"  signature="()V" >
				<lines><line number="9263"  hits="1" /></lines>
			</method>
			<method name="(anonymous_350)"  hits="2544"  signature="()V" >
				<lines><line number="9275"  hits="2544" /></lines>
			</method>
			<method name="(anonymous_351)"  hits="2544"  signature="()V" >
				<lines><line number="9279"  hits="2544" /></lines>
			</method>
			<method name="(anonymous_352)"  hits="2"  signature="()V" >
				<lines><line number="9300"  hits="2" /></lines>
			</method>
			<method name="(anonymous_353)"  hits="1041"  signature="()V" >
				<lines><line number="9313"  hits="1041" /></lines>
			</method>
			<method name="(anonymous_354)"  hits="51092"  signature="()V" >
				<lines><line number="9324"  hits="51092" /></lines>
			</method>
			<method name="(anonymous_355)"  hits="3178"  signature="()V" >
				<lines><line number="9334"  hits="3178" /></lines>
			</method>
			<method name="(anonymous_356)"  hits="357"  signature="()V" >
				<lines><line number="9343"  hits="357" /></lines>
			</method>
			<method name="(anonymous_357)"  hits="459"  signature="()V" >
				<lines><line number="9491"  hits="459" /></lines>
			</method>
			<method name="(anonymous_358)"  hits="33526"  signature="()V" >
				<lines><line number="9504"  hits="33526" /></lines>
			</method>
			<method name="(anonymous_359)"  hits="1"  signature="()V" >
				<lines><line number="9515"  hits="1" /></lines>
			</method>
			<method name="(anonymous_360)"  hits="769"  signature="()V" >
				<lines><line number="9525"  hits="769" /></lines>
			</method>
			<method name="(anonymous_361)"  hits="769"  signature="()V" >
				<lines><line number="9529"  hits="769" /></lines>
			</method>
			<method name="(anonymous_362)"  hits="1086"  signature="()V" >
				<lines><line number="9543"  hits="1086" /></lines>
			</method>
			<method name="(anonymous_363)"  hits="0"  signature="()V" >
				<lines><line number="9557"  hits="0" /></lines>
			</method>
			<method name="(anonymous_364)"  hits="0"  signature="()V" >
				<lines><line number="9566"  hits="0" /></lines>
			</method>
			<method name="(anonymous_365)"  hits="0"  signature="()V" >
				<lines><line number="9575"  hits="0" /></lines>
			</method>
			<method name="(anonymous_366)"  hits="1"  signature="()V" >
				<lines><line number="9584"  hits="1" /></lines>
			</method>
			<method name="(anonymous_367)"  hits="1"  signature="()V" >
				<lines><line number="9590"  hits="1" /></lines>
			</method>
			<method name="(anonymous_368)"  hits="345"  signature="()V" >
				<lines><line number="9594"  hits="345" /></lines>
			</method>
			<method name="(anonymous_369)"  hits="0"  signature="()V" >
				<lines><line number="9598"  hits="0" /></lines>
			</method>
			<method name="(anonymous_370)"  hits="1"  signature="()V" >
				<lines><line number="9604"  hits="1" /></lines>
			</method>
			<method name="(anonymous_371)"  hits="103"  signature="()V" >
				<lines><line number="9618"  hits="103" /></lines>
			</method>
			<method name="(anonymous_372)"  hits="37"  signature="()V" >
				<lines><line number="9635"  hits="37" /></lines>
			</method>
			<method name="(anonymous_373)"  hits="4367"  signature="()V" >
				<lines><line number="9653"  hits="4367" /></lines>
			</method>
			<method name="(anonymous_374)"  hits="193"  signature="()V" >
				<lines><line number="9685"  hits="193" /></lines>
			</method>
			<method name="(anonymous_375)"  hits="1"  signature="()V" >
				<lines><line number="9706"  hits="1" /></lines>
			</method>
			<method name="(anonymous_376)"  hits="0"  signature="()V" >
				<lines><line number="9733"  hits="0" /></lines>
			</method>
			<method name="(anonymous_377)"  hits="0"  signature="()V" >
				<lines><line number="9757"  hits="0" /></lines>
			</method>
			<method name="(anonymous_378)"  hits="1960"  signature="()V" >
				<lines><line number="9772"  hits="1960" /></lines>
			</method>
			<method name="(anonymous_379)"  hits="1972"  signature="()V" >
				<lines><line number="9797"  hits="1972" /></lines>
			</method>
			<method name="(anonymous_380)"  hits="30373"  signature="()V" >
				<lines><line number="9807"  hits="30373" /></lines>
			</method>
			<method name="(anonymous_381)"  hits="2823"  signature="()V" >
				<lines><line number="9820"  hits="2823" /></lines>
			</method>
			<method name="(anonymous_382)"  hits="385282"  signature="()V" >
				<lines><line number="9862"  hits="385282" /></lines>
			</method>
			<method name="(anonymous_383)"  hits="1163"  signature="()V" >
				<lines><line number="9866"  hits="1163" /></lines>
			</method>
			<method name="(anonymous_384)"  hits="0"  signature="()V" >
				<lines><line number="9881"  hits="0" /></lines>
			</method>
			<method name="(anonymous_385)"  hits="2102"  signature="()V" >
				<lines><line number="9901"  hits="2102" /></lines>
			</method>
			<method name="(anonymous_386)"  hits="2312"  signature="()V" >
				<lines><line number="9910"  hits="2312" /></lines>
			</method>
			<method name="(anonymous_387)"  hits="2102"  signature="()V" >
				<lines><line number="9919"  hits="2102" /></lines>
			</method>
			<method name="(anonymous_388)"  hits="5"  signature="()V" >
				<lines><line number="9928"  hits="5" /></lines>
			</method>
			<method name="(anonymous_389)"  hits="4842"  signature="()V" >
				<lines><line number="9966"  hits="4842" /></lines>
			</method>
			<method name="(anonymous_390)"  hits="0"  signature="()V" >
				<lines><line number="9981"  hits="0" /></lines>
			</method>
			<method name="(anonymous_391)"  hits="0"  signature="()V" >
				<lines><line number="9994"  hits="0" /></lines>
			</method>
			<method name="(anonymous_392)"  hits="1"  signature="()V" >
				<lines><line number="10009"  hits="1" /></lines>
			</method>
			<method name="(anonymous_393)"  hits="1"  signature="()V" >
				<lines><line number="10026"  hits="1" /></lines>
			</method>
			<method name="(anonymous_394)"  hits="784"  signature="()V" >
				<lines><line number="10042"  hits="784" /></lines>
			</method>
			<method name="(anonymous_395)"  hits="2"  signature="()V" >
				<lines><line number="10058"  hits="2" /></lines>
			</method>
			<method name="(anonymous_396)"  hits="1"  signature="()V" >
				<lines><line number="10069"  hits="1" /></lines>
			</method>
			<method name="(anonymous_397)"  hits="1"  signature="()V" >
				<lines><line number="10071"  hits="1" /></lines>
			</method>
			<method name="(anonymous_398)"  hits="0"  signature="()V" >
				<lines><line number="10079"  hits="0" /></lines>
			</method>
			<method name="(anonymous_399)"  hits="0"  signature="()V" >
				<lines><line number="10081"  hits="0" /></lines>
			</method>
			<method name="(anonymous_400)"  hits="21"  signature="()V" >
				<lines><line number="10091"  hits="21" /></lines>
			</method>
			<method name="(anonymous_401)"  hits="17"  signature="()V" >
				<lines><line number="10099"  hits="17" /></lines>
			</method>
			<method name="(anonymous_402)"  hits="0"  signature="()V" >
				<lines><line number="10121"  hits="0" /></lines>
			</method>
			<method name="(anonymous_403)"  hits="0"  signature="()V" >
				<lines><line number="10132"  hits="0" /></lines>
			</method>
			<method name="(anonymous_404)"  hits="4302"  signature="()V" >
				<lines><line number="10140"  hits="4302" /></lines>
			</method>
			<method name="(anonymous_405)"  hits="1505"  signature="()V" >
				<lines><line number="10204"  hits="1505" /></lines>
			</method>
			<method name="(anonymous_406)"  hits="190"  signature="()V" >
				<lines><line number="10218"  hits="190" /></lines>
			</method>
			<method name="(anonymous_407)"  hits="1"  signature="()V" >
				<lines><line number="10234"  hits="1" /></lines>
			</method>
			<method name="(anonymous_408)"  hits="42094"  signature="()V" >
				<lines><line number="10254"  hits="42094" /></lines>
			</method>
			<method name="(anonymous_409)"  hits="2224"  signature="()V" >
				<lines><line number="10517"  hits="2224" /></lines>
			</method>
			<method name="(anonymous_410)"  hits="1"  signature="()V" >
				<lines><line number="10726"  hits="1" /></lines>
			</method>
			<method name="(anonymous_411)"  hits="243641"  signature="()V" >
				<lines><line number="10740"  hits="243641" /></lines>
			</method>
			<method name="(anonymous_412)"  hits="48621"  signature="()V" >
				<lines><line number="10760"  hits="48621" /></lines>
			</method>
			<method name="(anonymous_413)"  hits="1"  signature="()V" >
				<lines><line number="10776"  hits="1" /></lines>
			</method>
			<method name="(anonymous_414)"  hits="8"  signature="()V" >
				<lines><line number="10792"  hits="8" /></lines>
			</method>
			<method name="(anonymous_415)"  hits="8"  signature="()V" >
				<lines><line number="10807"  hits="8" /></lines>
			</method>
			<method name="(anonymous_416)"  hits="8"  signature="()V" >
				<lines><line number="10821"  hits="8" /></lines>
			</method>
			<method name="(anonymous_417)"  hits="8"  signature="()V" >
				<lines><line number="10842"  hits="8" /></lines>
			</method>
			<method name="(anonymous_418)"  hits="2"  signature="()V" >
				<lines><line number="10853"  hits="2" /></lines>
			</method>
			<method name="(anonymous_419)"  hits="6"  signature="()V" >
				<lines><line number="10859"  hits="6" /></lines>
			</method>
			<method name="(anonymous_420)"  hits="1"  signature="()V" >
				<lines><line number="10881"  hits="1" /></lines>
			</method>
			<method name="(anonymous_421)"  hits="20"  signature="()V" >
				<lines><line number="10912"  hits="20" /></lines>
			</method>
			<method name="(anonymous_422)"  hits="0"  signature="()V" >
				<lines><line number="10946"  hits="0" /></lines>
			</method>
			<method name="(anonymous_423)"  hits="1"  signature="()V" >
				<lines><line number="10962"  hits="1" /></lines>
			</method>
			<method name="(anonymous_424)"  hits="0"  signature="()V" >
				<lines><line number="10998"  hits="0" /></lines>
			</method>
			<method name="(anonymous_425)"  hits="0"  signature="()V" >
				<lines><line number="11023"  hits="0" /></lines>
			</method>
			<method name="(anonymous_426)"  hits="0"  signature="()V" >
				<lines><line number="11046"  hits="0" /></lines>
			</method>
			<method name="(anonymous_427)"  hits="2"  signature="()V" >
				<lines><line number="11063"  hits="2" /></lines>
			</method>
			<method name="(anonymous_428)"  hits="1"  signature="()V" >
				<lines><line number="11099"  hits="1" /></lines>
			</method>
			<method name="(anonymous_429)"  hits="1"  signature="()V" >
				<lines><line number="11124"  hits="1" /></lines>
			</method>
			<method name="(anonymous_430)"  hits="1"  signature="()V" >
				<lines><line number="11147"  hits="1" /></lines>
			</method>
			<method name="(anonymous_431)"  hits="5428"  signature="()V" >
				<lines><line number="11171"  hits="5428" /></lines>
			</method>
			<method name="(anonymous_432)"  hits="23"  signature="()V" >
				<lines><line number="11200"  hits="23" /></lines>
			</method>
			<method name="(anonymous_433)"  hits="21"  signature="()V" >
				<lines><line number="11288"  hits="21" /></lines>
			</method>
			<method name="(anonymous_434)"  hits="1"  signature="()V" >
				<lines><line number="11310"  hits="1" /></lines>
			</method>
			<method name="(anonymous_435)"  hits="80"  signature="()V" >
				<lines><line number="11325"  hits="80" /></lines>
			</method>
			<method name="(anonymous_436)"  hits="5"  signature="()V" >
				<lines><line number="11340"  hits="5" /></lines>
			</method>
			<method name="(anonymous_437)"  hits="1"  signature="()V" >
				<lines><line number="11351"  hits="1" /></lines>
			</method>
			<method name="(anonymous_438)"  hits="3"  signature="()V" >
				<lines><line number="11366"  hits="3" /></lines>
			</method>
			<method name="(anonymous_439)"  hits="10"  signature="()V" >
				<lines><line number="11380"  hits="10" /></lines>
			</method>
			<method name="(anonymous_440)"  hits="6"  signature="()V" >
				<lines><line number="11390"  hits="6" /></lines>
			</method>
			<method name="(anonymous_441)"  hits="1"  signature="()V" >
				<lines><line number="11401"  hits="1" /></lines>
			</method>
			<method name="(anonymous_442)"  hits="1"  signature="()V" >
				<lines><line number="11412"  hits="1" /></lines>
			</method>
			<method name="(anonymous_443)"  hits="3"  signature="()V" >
				<lines><line number="11424"  hits="3" /></lines>
			</method>
			<method name="(anonymous_444)"  hits="5"  signature="()V" >
				<lines><line number="11434"  hits="5" /></lines>
			</method>
			<method name="(anonymous_445)"  hits="0"  signature="()V" >
				<lines><line number="11445"  hits="0" /></lines>
			</method>
			<method name="(anonymous_446)"  hits="0"  signature="()V" >
				<lines><line number="11467"  hits="0" /></lines>
			</method>
			<method name="(anonymous_447)"  hits="1"  signature="()V" >
				<lines><line number="11490"  hits="1" /></lines>
			</method>
			<method name="(anonymous_448)"  hits="2"  signature="()V" >
				<lines><line number="11506"  hits="2" /></lines>
			</method>
			<method name="(anonymous_449)"  hits="2"  signature="()V" >
				<lines><line number="11514"  hits="2" /></lines>
			</method>
			<method name="(anonymous_450)"  hits="0"  signature="()V" >
				<lines><line number="11533"  hits="0" /></lines>
			</method>
			<method name="(anonymous_451)"  hits="0"  signature="()V" >
				<lines><line number="11544"  hits="0" /></lines>
			</method>
			<method name="(anonymous_452)"  hits="0"  signature="()V" >
				<lines><line number="11553"  hits="0" /></lines>
			</method>
			<method name="(anonymous_453)"  hits="0"  signature="()V" >
				<lines><line number="11613"  hits="0" /></lines>
			</method>
			<method name="(anonymous_454)"  hits="0"  signature="()V" >
				<lines><line number="11617"  hits="0" /></lines>
			</method>
			<method name="(anonymous_455)"  hits="0"  signature="()V" >
				<lines><line number="11621"  hits="0" /></lines>
			</method>
			<method name="(anonymous_456)"  hits="0"  signature="()V" >
				<lines><line number="11625"  hits="0" /></lines>
			</method>
			<method name="(anonymous_457)"  hits="0"  signature="()V" >
				<lines><line number="11631"  hits="0" /></lines>
			</method>
			<method name="(anonymous_458)"  hits="0"  signature="()V" >
				<lines><line number="11635"  hits="0" /></lines>
			</method>
			<method name="(anonymous_459)"  hits="0"  signature="()V" >
				<lines><line number="11639"  hits="0" /></lines>
			</method>
			<method name="(anonymous_460)"  hits="0"  signature="()V" >
				<lines><line number="11643"  hits="0" /></lines>
			</method>
			<method name="(anonymous_461)"  hits="0"  signature="()V" >
				<lines><line number="11649"  hits="0" /></lines>
			</method>
			<method name="(anonymous_462)"  hits="0"  signature="()V" >
				<lines><line number="11653"  hits="0" /></lines>
			</method>
			<method name="(anonymous_463)"  hits="0"  signature="()V" >
				<lines><line number="11657"  hits="0" /></lines>
			</method>
			<method name="(anonymous_464)"  hits="0"  signature="()V" >
				<lines><line number="11661"  hits="0" /></lines>
			</method>
			<method name="(anonymous_465)"  hits="0"  signature="()V" >
				<lines><line number="11667"  hits="0" /></lines>
			</method>
			<method name="(anonymous_466)"  hits="0"  signature="()V" >
				<lines><line number="11671"  hits="0" /></lines>
			</method>
			<method name="(anonymous_467)"  hits="0"  signature="()V" >
				<lines><line number="11675"  hits="0" /></lines>
			</method>
			<method name="(anonymous_468)"  hits="0"  signature="()V" >
				<lines><line number="11679"  hits="0" /></lines>
			</method>
			<method name="(anonymous_469)"  hits="0"  signature="()V" >
				<lines><line number="11685"  hits="0" /></lines>
			</method>
			<method name="(anonymous_470)"  hits="0"  signature="()V" >
				<lines><line number="11689"  hits="0" /></lines>
			</method>
			<method name="(anonymous_471)"  hits="0"  signature="()V" >
				<lines><line number="11693"  hits="0" /></lines>
			</method>
			<method name="(anonymous_472)"  hits="0"  signature="()V" >
				<lines><line number="11697"  hits="0" /></lines>
			</method>
			<method name="(anonymous_473)"  hits="0"  signature="()V" >
				<lines><line number="11702"  hits="0" /></lines>
			</method>
			<method name="(anonymous_474)"  hits="0"  signature="()V" >
				<lines><line number="11704"  hits="0" /></lines>
			</method>
			<method name="(anonymous_475)"  hits="0"  signature="()V" >
				<lines><line number="11720"  hits="0" /></lines>
			</method>
			<method name="(anonymous_476)"  hits="0"  signature="()V" >
				<lines><line number="11724"  hits="0" /></lines>
			</method>
			<method name="(anonymous_477)"  hits="0"  signature="()V" >
				<lines><line number="11728"  hits="0" /></lines>
			</method>
			<method name="(anonymous_478)"  hits="0"  signature="()V" >
				<lines><line number="11732"  hits="0" /></lines>
			</method>
			<method name="(anonymous_479)"  hits="0"  signature="()V" >
				<lines><line number="11745"  hits="0" /></lines>
			</method>
			<method name="(anonymous_480)"  hits="0"  signature="()V" >
				<lines><line number="11765"  hits="0" /></lines>
			</method>
			<method name="(anonymous_481)"  hits="0"  signature="()V" >
				<lines><line number="11814"  hits="0" /></lines>
			</method>
			<method name="(anonymous_482)"  hits="0"  signature="()V" >
				<lines><line number="11817"  hits="0" /></lines>
			</method>
			<method name="(anonymous_483)"  hits="0"  signature="()V" >
				<lines><line number="11825"  hits="0" /></lines>
			</method>
			<method name="(anonymous_484)"  hits="0"  signature="()V" >
				<lines><line number="11837"  hits="0" /></lines>
			</method>
			<method name="(anonymous_485)"  hits="0"  signature="()V" >
				<lines><line number="11842"  hits="0" /></lines>
			</method>
			<method name="(anonymous_486)"  hits="0"  signature="()V" >
				<lines><line number="11847"  hits="0" /></lines>
			</method>
			<method name="(anonymous_487)"  hits="0"  signature="()V" >
				<lines><line number="11853"  hits="0" /></lines>
			</method>
			<method name="(anonymous_488)"  hits="0"  signature="()V" >
				<lines><line number="11868"  hits="0" /></lines>
			</method>
			<method name="(anonymous_489)"  hits="0"  signature="()V" >
				<lines><line number="11878"  hits="0" /></lines>
			</method>
			<method name="(anonymous_490)"  hits="0"  signature="()V" >
				<lines><line number="11888"  hits="0" /></lines>
			</method>
			<method name="(anonymous_491)"  hits="0"  signature="()V" >
				<lines><line number="11900"  hits="0" /></lines>
			</method>
			<method name="(anonymous_492)"  hits="0"  signature="()V" >
				<lines><line number="11911"  hits="0" /></lines>
			</method>
			<method name="(anonymous_493)"  hits="0"  signature="()V" >
				<lines><line number="11924"  hits="0" /></lines>
			</method>
			<method name="(anonymous_494)"  hits="0"  signature="()V" >
				<lines><line number="11935"  hits="0" /></lines>
			</method>
			<method name="(anonymous_495)"  hits="0"  signature="()V" >
				<lines><line number="11947"  hits="0" /></lines>
			</method>
			<method name="(anonymous_496)"  hits="0"  signature="()V" >
				<lines><line number="11961"  hits="0" /></lines>
			</method>
			<method name="(anonymous_497)"  hits="0"  signature="()V" >
				<lines><line number="11965"  hits="0" /></lines>
			</method>
			<method name="(anonymous_498)"  hits="0"  signature="()V" >
				<lines><line number="11976"  hits="0" /></lines>
			</method>
			<method name="(anonymous_499)"  hits="0"  signature="()V" >
				<lines><line number="11990"  hits="0" /></lines>
			</method>
			<method name="(anonymous_500)"  hits="0"  signature="()V" >
				<lines><line number="12005"  hits="0" /></lines>
			</method>
			<method name="(anonymous_501)"  hits="0"  signature="()V" >
				<lines><line number="12009"  hits="0" /></lines>
			</method>
			<method name="(anonymous_502)"  hits="0"  signature="()V" >
				<lines><line number="12019"  hits="0" /></lines>
			</method>
			<method name="(anonymous_503)"  hits="0"  signature="()V" >
				<lines><line number="12023"  hits="0" /></lines>
			</method>
			<method name="(anonymous_504)"  hits="0"  signature="()V" >
				<lines><line number="12027"  hits="0" /></lines>
			</method>
			<method name="(anonymous_505)"  hits="0"  signature="()V" >
				<lines><line number="12031"  hits="0" /></lines>
			</method>
			<method name="(anonymous_506)"  hits="0"  signature="()V" >
				<lines><line number="12035"  hits="0" /></lines>
			</method>
			<method name="(anonymous_507)"  hits="2"  signature="()V" >
				<lines><line number="12088"  hits="2" /></lines>
			</method>
			<method name="(anonymous_508)"  hits="1"  signature="()V" >
				<lines><line number="12096"  hits="1" /></lines>
			</method>
			<method name="(anonymous_509)"  hits="1086"  signature="()V" >
				<lines><line number="12108"  hits="1086" /></lines>
			</method>
			<method name="(anonymous_510)"  hits="1086"  signature="()V" >
				<lines><line number="12114"  hits="1086" /></lines>
			</method>
			<method name="(anonymous_511)"  hits="1086"  signature="()V" >
				<lines><line number="12139"  hits="1086" /></lines>
			</method>
			<method name="(anonymous_512)"  hits="0"  signature="()V" >
				<lines><line number="12148"  hits="0" /></lines>
			</method>
			<method name="(anonymous_513)"  hits="9754"  signature="()V" >
				<lines><line number="12175"  hits="9754" /></lines>
			</method>
			<method name="(anonymous_514)"  hits="483"  signature="()V" >
				<lines><line number="12207"  hits="483" /></lines>
			</method>
			<method name="(anonymous_515)"  hits="2244"  signature="()V" >
				<lines><line number="12217"  hits="2244" /></lines>
			</method>
			<method name="(anonymous_516)"  hits="0"  signature="()V" >
				<lines><line number="12228"  hits="0" /></lines>
			</method>
			<method name="(anonymous_517)"  hits="1082"  signature="()V" >
				<lines><line number="12236"  hits="1082" /></lines>
			</method>
			<method name="(anonymous_518)"  hits="1"  signature="()V" >
				<lines><line number="12243"  hits="1" /></lines>
			</method>
			<method name="(anonymous_519)"  hits="33"  signature="()V" >
				<lines><line number="12253"  hits="33" /></lines>
			</method>
			<method name="(anonymous_520)"  hits="389866"  signature="()V" >
				<lines><line number="12292"  hits="389866" /></lines>
			</method>
			<method name="(anonymous_521)"  hits="0"  signature="()V" >
				<lines><line number="12351"  hits="0" /></lines>
			</method>
			<method name="(anonymous_522)"  hits="187"  signature="()V" >
				<lines><line number="12367"  hits="187" /></lines>
			</method>
			<method name="(anonymous_523)"  hits="389866"  signature="()V" >
				<lines><line number="12388"  hits="389866" /></lines>
			</method>
			<method name="(anonymous_524)"  hits="1"  signature="()V" >
				<lines><line number="12406"  hits="1" /></lines>
			</method>
			<method name="(anonymous_525)"  hits="2"  signature="()V" >
				<lines><line number="12417"  hits="2" /></lines>
			</method>
			<method name="(anonymous_526)"  hits="2"  signature="()V" >
				<lines><line number="12421"  hits="2" /></lines>
			</method>
			<method name="(anonymous_527)"  hits="1"  signature="()V" >
				<lines><line number="12429"  hits="1" /></lines>
			</method>
			<method name="(anonymous_528)"  hits="1"  signature="()V" >
				<lines><line number="12455"  hits="1" /></lines>
			</method>
			<method name="(anonymous_529)"  hits="0"  signature="()V" >
				<lines><line number="12464"  hits="0" /></lines>
			</method>
			<method name="(anonymous_530)"  hits="1"  signature="()V" >
				<lines><line number="12473"  hits="1" /></lines>
			</method>
			<method name="(anonymous_531)"  hits="4"  signature="()V" >
				<lines><line number="12483"  hits="4" /></lines>
			</method>
			<method name="(anonymous_532)"  hits="3"  signature="()V" >
				<lines><line number="12496"  hits="3" /></lines>
			</method>
			<method name="(anonymous_533)"  hits="0"  signature="()V" >
				<lines><line number="12505"  hits="0" /></lines>
			</method>
			<method name="(anonymous_534)"  hits="0"  signature="()V" >
				<lines><line number="12511"  hits="0" /></lines>
			</method>
			<method name="(anonymous_535)"  hits="2"  signature="()V" >
				<lines><line number="12515"  hits="2" /></lines>
			</method>
			<method name="(anonymous_536)"  hits="2"  signature="()V" >
				<lines><line number="12526"  hits="2" /></lines>
			</method>
			<method name="(anonymous_537)"  hits="2"  signature="()V" >
				<lines><line number="12547"  hits="2" /></lines>
			</method>
			<method name="(anonymous_538)"  hits="1"  signature="()V" >
				<lines><line number="12571"  hits="1" /></lines>
			</method>
			<method name="(anonymous_539)"  hits="7"  signature="()V" >
				<lines><line number="12578"  hits="7" /></lines>
			</method>
			<method name="(anonymous_540)"  hits="0"  signature="()V" >
				<lines><line number="12602"  hits="0" /></lines>
			</method>
			<method name="(anonymous_541)"  hits="0"  signature="()V" >
				<lines><line number="12620"  hits="0" /></lines>
			</method>
			<method name="(anonymous_542)"  hits="1"  signature="()V" >
				<lines><line number="12624"  hits="1" /></lines>
			</method>
			<method name="(anonymous_543)"  hits="2"  signature="()V" >
				<lines><line number="12654"  hits="2" /></lines>
			</method>
			<method name="(anonymous_544)"  hits="0"  signature="()V" >
				<lines><line number="12684"  hits="0" /></lines>
			</method>
			<method name="(anonymous_545)"  hits="1"  signature="()V" >
				<lines><line number="12706"  hits="1" /></lines>
			</method>
			<method name="(anonymous_546)"  hits="12051"  signature="()V" >
				<lines><line number="12717"  hits="12051" /></lines>
			</method>
			<method name="(anonymous_547)"  hits="12051"  signature="()V" >
				<lines><line number="12721"  hits="12051" /></lines>
			</method>
			<method name="(anonymous_548)"  hits="104"  signature="()V" >
				<lines><line number="12735"  hits="104" /></lines>
			</method>
			<method name="(anonymous_549)"  hits="0"  signature="()V" >
				<lines><line number="12752"  hits="0" /></lines>
			</method>
			<method name="(anonymous_550)"  hits="0"  signature="()V" >
				<lines><line number="12782"  hits="0" /></lines>
			</method>
			<method name="(anonymous_551)"  hits="0"  signature="()V" >
				<lines><line number="12808"  hits="0" /></lines>
			</method>
			<method name="(anonymous_552)"  hits="14527"  signature="()V" >
				<lines><line number="12854"  hits="14527" /></lines>
			</method>
			<method name="(anonymous_553)"  hits="711"  signature="()V" >
				<lines><line number="12917"  hits="711" /></lines>
			</method>
			<method name="(anonymous_554)"  hits="827"  signature="()V" >
				<lines><line number="12922"  hits="827" /></lines>
			</method>
			<method name="(anonymous_555)"  hits="0"  signature="()V" >
				<lines><line number="12961"  hits="0" /></lines>
			</method>
			<method name="(anonymous_556)"  hits="558659"  signature="()V" >
				<lines><line number="12992"  hits="558659" /></lines>
			</method>
			<method name="(anonymous_557)"  hits="570408"  signature="()V" >
				<lines><line number="13003"  hits="570408" /></lines>
			</method>
			<method name="(anonymous_558)"  hits="0"  signature="()V" >
				<lines><line number="13077"  hits="0" /></lines>
			</method>
			<method name="(anonymous_559)"  hits="43"  signature="()V" >
				<lines><line number="13115"  hits="43" /></lines>
			</method>
			<method name="(anonymous_560)"  hits="3162"  signature="()V" >
				<lines><line number="13154"  hits="3162" /></lines>
			</method>
			<method name="(anonymous_561)"  hits="16161"  signature="()V" >
				<lines><line number="13184"  hits="16161" /></lines>
			</method>
			<method name="(anonymous_562)"  hits="1"  signature="()V" >
				<lines><line number="13194"  hits="1" /></lines>
			</method>
			<method name="(anonymous_563)"  hits="250"  signature="()V" >
				<lines><line number="13219"  hits="250" /></lines>
			</method>
			<method name="(anonymous_564)"  hits="250"  signature="()V" >
				<lines><line number="13232"  hits="250" /></lines>
			</method>
			<method name="(anonymous_565)"  hits="10"  signature="()V" >
				<lines><line number="13236"  hits="10" /></lines>
			</method>
			<method name="(anonymous_566)"  hits="12"  signature="()V" >
				<lines><line number="13239"  hits="12" /></lines>
			</method>
			<method name="(anonymous_567)"  hits="0"  signature="()V" >
				<lines><line number="13281"  hits="0" /></lines>
			</method>
			<method name="(anonymous_568)"  hits="0"  signature="()V" >
				<lines><line number="13287"  hits="0" /></lines>
			</method>
			<method name="(anonymous_569)"  hits="0"  signature="()V" >
				<lines><line number="13288"  hits="0" /></lines>
			</method>
			<method name="(anonymous_570)"  hits="0"  signature="()V" >
				<lines><line number="13307"  hits="0" /></lines>
			</method>
			<method name="(anonymous_571)"  hits="0"  signature="()V" >
				<lines><line number="13315"  hits="0" /></lines>
			</method>
			<method name="(anonymous_572)"  hits="0"  signature="()V" >
				<lines><line number="13329"  hits="0" /></lines>
			</method>
			<method name="(anonymous_573)"  hits="0"  signature="()V" >
				<lines><line number="13337"  hits="0" /></lines>
			</method>
			<method name="(anonymous_574)"  hits="1572"  signature="()V" >
				<lines><line number="13354"  hits="1572" /></lines>
			</method>
			<method name="(anonymous_575)"  hits="6"  signature="()V" >
				<lines><line number="13369"  hits="6" /></lines>
			</method>
			<method name="(anonymous_576)"  hits="12"  signature="()V" >
				<lines><line number="13399"  hits="12" /></lines>
			</method>
			<method name="(anonymous_577)"  hits="12"  signature="()V" >
				<lines><line number="13400"  hits="12" /></lines>
			</method>
			<method name="(anonymous_578)"  hits="10"  signature="()V" >
				<lines><line number="13410"  hits="10" /></lines>
			</method>
			<method name="(anonymous_579)"  hits="10"  signature="()V" >
				<lines><line number="13411"  hits="10" /></lines>
			</method>
			<method name="(anonymous_580)"  hits="4"  signature="()V" >
				<lines><line number="13438"  hits="4" /></lines>
			</method>
			<method name="objEncode"  hits="4"  signature="()V" >
				<lines><line number="13439"  hits="4" /></lines>
			</method>
			<method name="objDecode"  hits="4"  signature="()V" >
				<lines><line number="13439"  hits="4" /></lines>
			</method>
			<method name="(anonymous_583)"  hits="0"  signature="()V" >
				<lines><line number="13442"  hits="0" /></lines>
			</method>
			<method name="(anonymous_584)"  hits="0"  signature="()V" >
				<lines><line number="13446"  hits="0" /></lines>
			</method>
			<method name="(anonymous_585)"  hits="4"  signature="()V" >
				<lines><line number="13450"  hits="4" /></lines>
			</method>
			<method name="(anonymous_586)"  hits="0"  signature="()V" >
				<lines><line number="13463"  hits="0" /></lines>
			</method>
			<method name="(anonymous_587)"  hits="12"  signature="()V" >
				<lines><line number="13490"  hits="12" /></lines>
			</method>
			<method name="(anonymous_588)"  hits="10"  signature="()V" >
				<lines><line number="13539"  hits="10" /></lines>
			</method>
			<method name="(anonymous_589)"  hits="10"  signature="()V" >
				<lines><line number="13569"  hits="10" /></lines>
			</method>
			<method name="(anonymous_590)"  hits="10"  signature="()V" >
				<lines><line number="13572"  hits="10" /></lines>
			</method>
			<method name="(anonymous_591)"  hits="10"  signature="()V" >
				<lines><line number="13573"  hits="10" /></lines>
			</method>
			<method name="(anonymous_592)"  hits="0"  signature="()V" >
				<lines><line number="13575"  hits="0" /></lines>
			</method>
			<method name="(anonymous_593)"  hits="12"  signature="()V" >
				<lines><line number="13594"  hits="12" /></lines>
			</method>
			<method name="(anonymous_594)"  hits="12"  signature="()V" >
				<lines><line number="13599"  hits="12" /></lines>
			</method>
			<method name="(anonymous_595)"  hits="0"  signature="()V" >
				<lines><line number="13601"  hits="0" /></lines>
			</method>
			<method name="(anonymous_596)"  hits="1300"  signature="()V" >
				<lines><line number="13617"  hits="1300" /></lines>
			</method>
			<method name="(anonymous_597)"  hits="1246"  signature="()V" >
				<lines><line number="13620"  hits="1246" /></lines>
			</method>
			<method name="(anonymous_598)"  hits="0"  signature="()V" >
				<lines><line number="13622"  hits="0" /></lines>
			</method>
			<method name="(anonymous_599)"  hits="650"  signature="()V" >
				<lines><line number="13639"  hits="650" /></lines>
			</method>
			<method name="(anonymous_600)"  hits="2"  signature="()V" >
				<lines><line number="13649"  hits="2" /></lines>
			</method>
			<method name="(anonymous_601)"  hits="660"  signature="()V" >
				<lines><line number="13659"  hits="660" /></lines>
			</method>
			<method name="(anonymous_602)"  hits="2"  signature="()V" >
				<lines><line number="13684"  hits="2" /></lines>
			</method>
			<method name="(anonymous_603)"  hits="2"  signature="()V" >
				<lines><line number="13693"  hits="2" /></lines>
			</method>
			<method name="(anonymous_604)"  hits="5"  signature="()V" >
				<lines><line number="13717"  hits="5" /></lines>
			</method>
			<method name="(anonymous_605)"  hits="5"  signature="()V" >
				<lines><line number="13723"  hits="5" /></lines>
			</method>
			<method name="(anonymous_606)"  hits="5"  signature="()V" >
				<lines><line number="13725"  hits="5" /></lines>
			</method>
			<method name="(anonymous_607)"  hits="5"  signature="()V" >
				<lines><line number="13727"  hits="5" /></lines>
			</method>
			<method name="(anonymous_608)"  hits="0"  signature="()V" >
				<lines><line number="13739"  hits="0" /></lines>
			</method>
			<method name="(anonymous_609)"  hits="6"  signature="()V" >
				<lines><line number="13759"  hits="6" /></lines>
			</method>
			<method name="(anonymous_610)"  hits="6"  signature="()V" >
				<lines><line number="13765"  hits="6" /></lines>
			</method>
			<method name="(anonymous_611)"  hits="6"  signature="()V" >
				<lines><line number="13775"  hits="6" /></lines>
			</method>
			<method name="(anonymous_612)"  hits="0"  signature="()V" >
				<lines><line number="13802"  hits="0" /></lines>
			</method>
			<method name="(anonymous_613)"  hits="0"  signature="()V" >
[...]
			<line number="32345"  hits="0"  branch="false" />
			<line number="32346"  hits="0"  branch="false" />
			<line number="32348"  hits="0"  branch="false" />
			<line number="32362"  hits="1"  branch="false" />
			<line number="32367"  hits="7"  branch="false" />
			<line number="32368"  hits="7"  branch="false" />
			<line number="32369"  hits="7"  branch="false" />
			<line number="32370"  hits="7"  branch="false" />
			<line number="32375"  hits="7"  branch="false" />
			<line number="32376"  hits="105"  branch="false" />
			<line number="32385"  hits="7"  branch="false" />
			<line number="32386"  hits="858"  branch="false" />
			<line number="32387"  hits="858"  branch="true"  condition-coverage="100% (2/2)" />
			<line number="32389"  hits="373"  branch="false" />
			<line number="32400"  hits="1"  branch="false" />
			<line number="32401"  hits="1"  branch="false" />
			<line number="32402"  hits="1"  branch="false" />
			<line number="32403"  hits="1"  branch="false" />
			<line number="32404"  hits="1"  branch="false" />
			<line number="32405"  hits="1"  branch="false" />
			<line number="32406"  hits="1"  branch="false" />
			<line number="32422"  hits="1"  branch="false" />
			<line number="32423"  hits="1"  branch="false" />
			<line number="32424"  hits="28"  branch="false" />
			<line number="32425"  hits="28"  branch="false" />
			<line number="32426"  hits="256"  branch="false" />
			<line number="32434"  hits="1"  branch="false" />
			<line number="32437"  hits="1"  branch="false" />
			<line number="32438"  hits="1"  branch="false" />
			<line number="32439"  hits="16"  branch="false" />
			<line number="32440"  hits="16"  branch="false" />
			<line number="32441"  hits="256"  branch="false" />
			<line number="32445"  hits="1"  branch="false" />
			<line number="32446"  hits="1"  branch="false" />
			<line number="32447"  hits="14"  branch="false" />
			<line number="32448"  hits="14"  branch="false" />
			<line number="32449"  hits="254"  branch="false" />
			<line number="32455"  hits="1"  branch="false" />
			<line number="32456"  hits="16"  branch="false" />
			<line number="32459"  hits="1"  branch="false" />
			<line number="32460"  hits="1"  branch="false" />
			<line number="32461"  hits="144"  branch="false" />
			<line number="32462"  hits="144"  branch="false" />
			<line number="32463"  hits="144"  branch="false" />
			<line number="32465"  hits="1"  branch="false" />
			<line number="32466"  hits="112"  branch="false" />
			<line number="32467"  hits="112"  branch="false" />
			<line number="32468"  hits="112"  branch="false" />
			<line number="32470"  hits="1"  branch="false" />
			<line number="32471"  hits="24"  branch="false" />
			<line number="32472"  hits="24"  branch="false" />
			<line number="32473"  hits="24"  branch="false" />
			<line number="32475"  hits="1"  branch="false" />
			<line number="32476"  hits="8"  branch="false" />
			<line number="32477"  hits="8"  branch="false" />
			<line number="32478"  hits="8"  branch="false" />
			<line number="32484"  hits="1"  branch="false" />
			<line number="32487"  hits="1"  branch="false" />
			<line number="32488"  hits="30"  branch="false" />
			<line number="32489"  hits="30"  branch="false" />
			<line number="32493"  hits="1"  branch="false" />
			<line number="32494"  hits="1"  branch="false" />
			<line number="32495"  hits="1"  branch="false" />
			<line number="32504"  hits="1"  branch="false" />
			<line number="32505"  hits="4"  branch="false" />
			<line number="32508"  hits="1144"  branch="false" />
			<line number="32509"  hits="120"  branch="false" />
			<line number="32510"  hits="76"  branch="false" />
			<line number="32512"  hits="4"  branch="false" />
			<line number="32513"  hits="4"  branch="false" />
			<line number="32514"  hits="4"  branch="false" />
			<line number="32521"  hits="1"  branch="false" />
			<line number="32523"  hits="2"  branch="true"  condition-coverage="100% (2/2)" />
			<line number="32524"  hits="1"  branch="false" />
			<line number="32525"  hits="1"  branch="true"  condition-coverage="50% (1/2)" />
			<line number="32527"  hits="1"  branch="false" />
			<line number="32529"  hits="2"  branch="false" />
			<line number="32530"  hits="2"  branch="false" />
			<line number="32537"  hits="1"  branch="false" />
			<line number="32543"  hits="0"  branch="false" />
			<line number="32545"  hits="0"  branch="true"  condition-coverage="0% (0/2)" />
			<line number="32546"  hits="0"  branch="false" />
			<line number="32547"  hits="0"  branch="false" />
			<line number="32552"  hits="0"  branch="false" />
			<line number="32553"  hits="0"  branch="false" />
			<line number="32560"  hits="1"  branch="false" />
			<line number="32561"  hits="873"  branch="false" />
			<line number="32562"  hits="873"  branch="false" />
			<line number="32563"  hits="873"  branch="true"  condition-coverage="100% (3/3)" />
			<line number="32573"  hits="1"  branch="false" />
			<line number="32578"  hits="200"  branch="false" />
			<line number="32579"  hits="200"  branch="false" />
			<line number="32580"  hits="200"  branch="false" />
			<line number="32582"  hits="453"  branch="true"  condition-coverage="100% (4/4)" />
			<line number="32584"  hits="218"  branch="false" />
			<line number="32587"  hits="453"  branch="true"  condition-coverage="100% (2/2)" />
			<line number="32590"  hits="394"  branch="false" />
			<line number="32591"  hits="394"  branch="false" />
			<line number="32594"  hits="394"  branch="false" />
			<line number="32596"  hits="200"  branch="false" />
			<line number="32606"  hits="1"  branch="false" />
			<line number="32611"  hits="2"  branch="false" />
			<line number="32612"  hits="2"  branch="false" />
			<line number="32613"  hits="2"  branch="false" />
			<line number="32614"  hits="2"  branch="false" />
			<line number="32615"  hits="2"  branch="false" />
			<line number="32617"  hits="2"  branch="true"  condition-coverage="50% (1/2)" />
			<line number="32618"  hits="2"  branch="false" />
			<line number="32619"  hits="108"  branch="false" />
			<line number="32620"  hits="108"  branch="false" />
			<line number="32621"  hits="108"  branch="false" />
			<line number="32623"  hits="108"  branch="true"  condition-coverage="100% (2/2)" />
			<line number="32624"  hits="105"  branch="false" />
			<line number="32628"  hits="3"  branch="false" />
			<line number="32629"  hits="3"  branch="false" />
			<line number="32630"  hits="3"  branch="false" />
			<line number="32631"  hits="3"  branch="true"  condition-coverage="50% (1/2)" />
			<line number="32632"  hits="0"  branch="false" />
			<line number="32633"  hits="0"  branch="false" />
			<line number="32635"  hits="3"  branch="false" />
			<line number="32636"  hits="3"  branch="false" />
			<line number="32639"  hits="3"  branch="false" />
			<line number="32640"  hits="3"  branch="false" />
			<line number="32641"  hits="3"  branch="true"  condition-coverage="50% (1/2)" />
			<line number="32642"  hits="3"  branch="false" />
			<line number="32643"  hits="3"  branch="false" />
			<line number="32654"  hits="2"  branch="false" />
			<line number="32666"  hits="1"  branch="false" />
			<line number="32670"  hits="6"  branch="false" />
			<line number="32671"  hits="6"  branch="false" />
			<line number="32672"  hits="6"  branch="false" />
			<line number="32673"  hits="6"  branch="false" />
			<line number="32674"  hits="6"  branch="false" />
			<line number="32675"  hits="6"  branch="false" />
			<line number="32676"  hits="6"  branch="false" />
			<line number="32682"  hits="6"  branch="false" />
			<line number="32683"  hits="6"  branch="false" />
			<line number="32685"  hits="6"  branch="false" />
			<line number="32686"  hits="670"  branch="true"  condition-coverage="100% (2/2)" />
			<line number="32687"  hits="84"  branch="false" />
			<line number="32688"  hits="84"  branch="false" />
			<line number="32691"  hits="586"  branch="false" />
			<line number="32700"  hits="6"  branch="false" />
			<line number="32701"  hits="1"  branch="true"  condition-coverage="50% (1/2)" />
			<line number="32702"  hits="1"  branch="false" />
			<line number="32703"  hits="1"  branch="false" />
			<line number="32704"  hits="1"  branch="false" />
			<line number="32706"  hits="1"  branch="true"  condition-coverage="50% (1/2)" />
			<line number="32707"  hits="1"  branch="false" />
			<line number="32711"  hits="6"  branch="false" />
			<line number="32716"  hits="42"  branch="false" />
			<line number="32721"  hits="6"  branch="false" />
			<line number="32722"  hits="6"  branch="false" />
			<line number="32725"  hits="79"  branch="false" />
			<line number="32726"  hits="79"  branch="false" />
			<line number="32727"  hits="79"  branch="false" />
			<line number="32730"  hits="79"  branch="false" />
			<line number="32732"  hits="79"  branch="false" />
			<line number="32733"  hits="79"  branch="false" />
			<line number="32736"  hits="79"  branch="false" />
			<line number="32737"  hits="79"  branch="true"  condition-coverage="100% (2/2)" />
			<line number="32738"  hits="79"  branch="false" />
			<line number="32741"  hits="79"  branch="false" />
			<line number="32742"  hits="79"  branch="false" />
			<line number="32746"  hits="6"  branch="false" />
			<line number="32751"  hits="6"  branch="false" />
			<line number="32754"  hits="6"  branch="false" />
			<line number="32762"  hits="1"  branch="false" />
			<line number="32767"  hits="4"  branch="false" />
			<line number="32768"  hits="4"  branch="false" />
			<line number="32769"  hits="4"  branch="false" />
			<line number="32771"  hits="4"  branch="false" />
			<line number="32773"  hits="4"  branch="false" />
			<line number="32774"  hits="4"  branch="false" />
			<line number="32775"  hits="4"  branch="false" />
			<line number="32777"  hits="4"  branch="true"  condition-coverage="100% (2/2)" />
			<line number="32778"  hits="3"  branch="false" />
			<line number="32779"  hits="3"  branch="false" />
			<line number="32781"  hits="4"  branch="false" />
			<line number="32783"  hits="4"  branch="false" />
			<line number="32784"  hits="532"  branch="false" />
			<line number="32785"  hits="532"  branch="false" />
			<line number="32787"  hits="532"  branch="true"  condition-coverage="100% (4/4)" />
			<line number="32788"  hits="444"  branch="false" />
			<line number="32790"  hits="88"  branch="true"  condition-coverage="100% (2/2)" />
			<line number="32791"  hits="68"  branch="false" />
			<line number="32793"  hits="20"  branch="true"  condition-coverage="100% (2/2)" />
			<line number="32795"  hits="1"  branch="true"  condition-coverage="50% (1/2)" />
			<line number="32796"  hits="1"  branch="false" />
			<line number="32798"  hits="19"  branch="true"  condition-coverage="100% (2/2)" />
			<line number="32799"  hits="13"  branch="false" />
			<line number="32802"  hits="6"  branch="false" />
			<line number="32805"  hits="88"  branch="false" />
			<line number="32806"  hits="88"  branch="false" />
			<line number="32808"  hits="88"  branch="true"  condition-coverage="100% (2/2)" />
			<line number="32809"  hits="33"  branch="false" />
			<line number="32810"  hits="33"  branch="false" />
			<line number="32812"  hits="55"  branch="true"  condition-coverage="50% (1/2)" />
			<line number="32813"  hits="0"  branch="false" />
			<line number="32814"  hits="0"  branch="false" />
			<line number="32817"  hits="55"  branch="false" />
			<line number="32818"  hits="55"  branch="false" />
			<line number="32828"  hits="1"  branch="false" />
			<line number="32833"  hits="0"  branch="false" />
			<line number="32834"  hits="0"  branch="false" />
			<line number="32835"  hits="0"  branch="false" />
			<line number="32837"  hits="0"  branch="false" />
			<line number="32839"  hits="0"  branch="false" />
			<line number="32840"  hits="0"  branch="false" />
			<line number="32841"  hits="0"  branch="false" />
			<line number="32844"  hits="0"  branch="true"  condition-coverage="0% (0/2)" />
			<line number="32845"  hits="0"  branch="false" />
			<line number="32846"  hits="0"  branch="false" />
			<line number="32849"  hits="0"  branch="false" />
			<line number="32850"  hits="0"  branch="false" />
			<line number="32851"  hits="0"  branch="false" />
			<line number="32853"  hits="0"  branch="true"  condition-coverage="0% (0/4)" />
			<line number="32854"  hits="0"  branch="false" />
			<line number="32856"  hits="0"  branch="true"  condition-coverage="0% (0/2)" />
			<line number="32857"  hits="0"  branch="false" />
			<line number="32859"  hits="0"  branch="true"  condition-coverage="0% (0/2)" />
			<line number="32860"  hits="0"  branch="true"  condition-coverage="0% (0/2)" />
			<line number="32861"  hits="0"  branch="false" />
			<line number="32862"  hits="0"  branch="false" />
			<line number="32865"  hits="0"  branch="false" />
			<line number="32866"  hits="0"  branch="false" />
			<line number="32868"  hits="0"  branch="true"  condition-coverage="0% (0/2)" />
			<line number="32869"  hits="0"  branch="false" />
			<line number="32870"  hits="0"  branch="false" />
			<line number="32873"  hits="0"  branch="false" />
			<line number="32874"  hits="0"  branch="false" />
			<line number="32877"  hits="0"  branch="false" />
			<line number="32878"  hits="0"  branch="false" />
			<line number="32879"  hits="0"  branch="true"  condition-coverage="0% (0/2)" />
			<line number="32880"  hits="0"  branch="false" />
			<line number="32881"  hits="0"  branch="false" />
			<line number="32883"  hits="0"  branch="true"  condition-coverage="0% (0/2)" />
			<line number="32884"  hits="0"  branch="false" />
			<line number="32885"  hits="0"  branch="false" />
			<line number="32888"  hits="0"  branch="false" />
			<line number="32889"  hits="0"  branch="false" />
			<line number="32899"  hits="1"  branch="false" />
			<line number="32900"  hits="2"  branch="false" />
			<line number="32903"  hits="2"  branch="false" />
			<line number="32904"  hits="2"  branch="false" />
			<line number="32907"  hits="2"  branch="false" />
			<line number="32916"  hits="2"  branch="false" />
			<line number="32917"  hits="4"  branch="true"  condition-coverage="100% (2/2)" />
			<line number="32918"  hits="2"  branch="false" />
			<line number="32922"  hits="2"  branch="false" />
			<line number="32926"  hits="2"  branch="false" />
			<line number="32935"  hits="1"  branch="false" />
			<line number="32939"  hits="0"  branch="false" />
			<line number="32945"  hits="0"  branch="false" />
			<line number="32946"  hits="0"  branch="false" />
			<line number="32947"  hits="0"  branch="false" />
			<line number="32948"  hits="0"  branch="false" />
			<line number="32950"  hits="0"  branch="false" />
			<line number="32954"  hits="0"  branch="false" />
			<line number="32957"  hits="0"  branch="false" />
			<line number="32975"  hits="1"  branch="false" />
			<line number="32980"  hits="2"  branch="false" />
			<line number="32981"  hits="2"  branch="false" />
			<line number="32984"  hits="2"  branch="false" />
			<line number="32985"  hits="64"  branch="true"  condition-coverage="75% (3/4)" />
			<line number="32986"  hits="0"  branch="false" />
			<line number="32991"  hits="2"  branch="true"  condition-coverage="80% (4/5)" />
			<line number="32993"  hits="0"  branch="false" />
			<line number="32995"  hits="2"  branch="false" />
			<line number="32996"  hits="6"  branch="true"  condition-coverage="100% (2/2)" />
			<line number="32997"  hits="2"  branch="false" />
			<line number="33004"  hits="0"  branch="false" />
			<line number="33008"  hits="1"  branch="false" />
			<line number="33013"  hits="1"  branch="false" />
			<line number="33016"  hits="2"  branch="true"  condition-coverage="100% (2/2)" />
			<line number="33017"  hits="1"  branch="false" />
			<line number="33018"  hits="1"  branch="false" />
			<line number="33021"  hits="2"  branch="false" />
			<line number="33022"  hits="2"  branch="false" />
			<line number="33023"  hits="2"  branch="false" />
			<line number="33025"  hits="2"  branch="false" />
			<line number="33026"  hits="2"  branch="false" />
			<line number="33029"  hits="2"  branch="false" />
			<line number="33036"  hits="1"  branch="false" />
			<line number="33042"  hits="0"  branch="true"  condition-coverage="0% (0/2)" />
			<line number="33043"  hits="0"  branch="false" />
			<line number="33051"  hits="1"  branch="false" />
			<line number="33052"  hits="0"  branch="false" />
			<line number="33053"  hits="0"  branch="false" />
			<line number="33054"  hits="0"  branch="false" />
			<line number="33062"  hits="1"  branch="false" />
			<line number="33068"  hits="2"  branch="false" />
			<line number="33069"  hits="2"  branch="false" />
			<line number="33072"  hits="2"  branch="true"  condition-coverage="50% (1/2)" />
			<line number="33075"  hits="2"  branch="true"  condition-coverage="50% (1/2)" />
			<line number="33076"  hits="2"  branch="false" />
			<line number="33080"  hits="2"  branch="false" />
			<line number="33084"  hits="2"  branch="false" />
			<line number="33094"  hits="2"  branch="false" />
			<line number="33097"  hits="2"  branch="false" />
			<line number="33098"  hits="2"  branch="false" />
			<line number="33104"  hits="2"  branch="true"  condition-coverage="50% (1/2)" />
			<line number="33108"  hits="0"  branch="false" />
			<line number="33111"  hits="2"  branch="true"  condition-coverage="50% (2/4)" />
			<line number="33120"  hits="0"  branch="false" />
			<line number="33122"  hits="2"  branch="true"  condition-coverage="75% (3/4)" />
			<line number="33124"  hits="2"  branch="true"  condition-coverage="50% (1/2)" />
			<line number="33125"  hits="2"  branch="false" />
			<line number="33128"  hits="0"  branch="true"  condition-coverage="0% (0/2)" />
			<line number="33129"  hits="0"  branch="false" />
			<line number="33130"  hits="0"  branch="false" />
			<line number="33136"  hits="2"  branch="false" />
			<line number="33138"  hits="2"  branch="true"  condition-coverage="50% (1/2)" />
			<line number="33139"  hits="2"  branch="false" />
			<line number="33149"  hits="1"  branch="false" />
			<line number="33156"  hits="108"  branch="false" />
			<line number="33157"  hits="108"  branch="false" />
			<line number="33159"  hits="108"  branch="false" />
			<line number="33160"  hits="108"  branch="false" />
			<line number="33162"  hits="108"  branch="true"  condition-coverage="100% (2/2)" />
			<line number="33164"  hits="105"  branch="false" />
			<line number="33166"  hits="3"  branch="false" />
			<line number="33168"  hits="3"  branch="false" />
			<line number="33173"  hits="3"  branch="false" />
			<line number="33174"  hits="3"  branch="false" />
			<line number="33200"  hits="108"  branch="false" />
			<line number="33207"  hits="1"  branch="false" />
			<line number="33208"  hits="1"  branch="false" />
			<line number="33209"  hits="1"  branch="false" />
			<line number="33210"  hits="1"  branch="false" />
			<line number="33211"  hits="1"  branch="false" />
			<line number="33217"  hits="1"  branch="false" />
			<line number="33219"  hits="2"  branch="false" />
			<line number="33220"  hits="2"  branch="false" />
			<line number="33222"  hits="2"  branch="false" />
			<line number="33224"  hits="2"  branch="false" />
			<line number="33226"  hits="2"  branch="false" />
			<line number="33227"  hits="2"  branch="false" />
			<line number="33229"  hits="2"  branch="false" />
			<line number="33231"  hits="2"  branch="false" />
			<line number="33233"  hits="2"  branch="false" />
			<line number="33235"  hits="2"  branch="false" />
			<line number="33237"  hits="2"  branch="false" />
			<line number="33239"  hits="2"  branch="false" />
			<line number="33242"  hits="1"  branch="false" />
		</lines>
		</class>
	</classes>
	</package>
</packages>
</coverage>
