<?xml version="1.0" ?>
<!DOCTYPE coverage SYSTEM "http://cobertura.sourceforge.net/xml/coverage-04.dtd">
<coverage lines-valid="7213"  lines-covered="4410"  line-rate="0.6114"  branches-valid="3778"  branches-covered="1643"  branch-rate="0.4349"  timestamp="1438943744971" complexity="0" version="0.1">
<sources>
	<source>/Users/robevans/Dropbox/Development/ForerunnerDB</source>
</sources>
<packages>
	<package name="lib"  line-rate="0.6114"  branch-rate="0.4349" >
	<classes>
		<class name="fdb-all.js"  filename="js/unitTests/lib/fdb-all.js"  line-rate="0.6114"  branch-rate="0.4349" >
		<methods>
			<method name="e"  hits="1"  signature="()V" >
				<lines><line number="1"  hits="1" /></lines>
			</method>
			<method name="s"  hits="250"  signature="()V" >
				<lines><line number="1"  hits="250" /></lines>
			</method>
			<method name="(anonymous_3)"  hits="249"  signature="()V" >
				<lines><line number="1"  hits="249" /></lines>
			</method>
			<method name="(anonymous_4)"  hits="1"  signature="()V" >
				<lines><line number="1"  hits="1" /></lines>
			</method>
			<method name="(anonymous_5)"  hits="1"  signature="()V" >
				<lines><line number="18"  hits="1" /></lines>
			</method>
			<method name="(anonymous_6)"  hits="1"  signature="()V" >
				<lines><line number="26"  hits="1" /></lines>
			</method>
			<method name="(anonymous_7)"  hits="19"  signature="()V" >
				<lines><line number="38"  hits="19" /></lines>
			</method>
			<method name="(anonymous_8)"  hits="3131"  signature="()V" >
				<lines><line number="79"  hits="3131" /></lines>
			</method>
			<method name="(anonymous_9)"  hits="31016"  signature="()V" >
				<lines><line number="140"  hits="31016" /></lines>
			</method>
			<method name="(anonymous_10)"  hits="4098"  signature="()V" >
				<lines><line number="177"  hits="4098" /></lines>
			</method>
			<method name="(anonymous_11)"  hits="1"  signature="()V" >
				<lines><line number="206"  hits="1" /></lines>
			</method>
			<method name="(anonymous_12)"  hits="80"  signature="()V" >
				<lines><line number="235"  hits="80" /></lines>
			</method>
			<method name="(anonymous_13)"  hits="4178"  signature="()V" >
				<lines><line number="255"  hits="4178" /></lines>
			</method>
			<method name="(anonymous_14)"  hits="6"  signature="()V" >
				<lines><line number="282"  hits="6" /></lines>
			</method>
			<method name="(anonymous_15)"  hits="1"  signature="()V" >
				<lines><line number="288"  hits="1" /></lines>
			</method>
			<method name="(anonymous_16)"  hits="1"  signature="()V" >
				<lines><line number="293"  hits="1" /></lines>
			</method>
			<method name="(anonymous_17)"  hits="1"  signature="()V" >
				<lines><line number="297"  hits="1" /></lines>
			</method>
			<method name="(anonymous_18)"  hits="0"  signature="()V" >
				<lines><line number="314"  hits="0" /></lines>
			</method>
			<method name="(anonymous_19)"  hits="0"  signature="()V" >
				<lines><line number="325"  hits="0" /></lines>
			</method>
			<method name="(anonymous_20)"  hits="0"  signature="()V" >
				<lines><line number="341"  hits="0" /></lines>
			</method>
			<method name="(anonymous_21)"  hits="0"  signature="()V" >
				<lines><line number="352"  hits="0" /></lines>
			</method>
			<method name="(anonymous_22)"  hits="0"  signature="()V" >
				<lines><line number="361"  hits="0" /></lines>
			</method>
			<method name="(anonymous_23)"  hits="0"  signature="()V" >
				<lines><line number="381"  hits="0" /></lines>
			</method>
			<method name="(anonymous_24)"  hits="0"  signature="()V" >
				<lines><line number="409"  hits="0" /></lines>
			</method>
			<method name="(anonymous_25)"  hits="0"  signature="()V" >
				<lines><line number="426"  hits="0" /></lines>
			</method>
			<method name="(anonymous_26)"  hits="0"  signature="()V" >
				<lines><line number="504"  hits="0" /></lines>
			</method>
			<method name="(anonymous_27)"  hits="1"  signature="()V" >
				<lines><line number="526"  hits="1" /></lines>
			</method>
			<method name="(anonymous_28)"  hits="1"  signature="()V" >
				<lines><line number="559"  hits="1" /></lines>
			</method>
			<method name="(anonymous_29)"  hits="525"  signature="()V" >
				<lines><line number="580"  hits="525" /></lines>
			</method>
			<method name="(anonymous_30)"  hits="525"  signature="()V" >
				<lines><line number="584"  hits="525" /></lines>
			</method>
			<method name="(anonymous_31)"  hits="1"  signature="()V" >
				<lines><line number="679"  hits="1" /></lines>
			</method>
			<method name="(anonymous_32)"  hits="457"  signature="()V" >
				<lines><line number="687"  hits="457" /></lines>
			</method>
			<method name="(anonymous_33)"  hits="11641"  signature="()V" >
				<lines><line number="738"  hits="11641" /></lines>
			</method>
			<method name="(anonymous_34)"  hits="1216"  signature="()V" >
				<lines><line number="761"  hits="1216" /></lines>
			</method>
			<method name="(anonymous_35)"  hits="56"  signature="()V" >
				<lines><line number="770"  hits="56" /></lines>
			</method>
			<method name="(anonymous_36)"  hits="30"  signature="()V" >
				<lines><line number="779"  hits="30" /></lines>
			</method>
			<method name="(anonymous_37)"  hits="1615"  signature="()V" >
				<lines><line number="787"  hits="1615" /></lines>
			</method>
			<method name="(anonymous_38)"  hits="504"  signature="()V" >
				<lines><line number="799"  hits="504" /></lines>
			</method>
			<method name="(anonymous_39)"  hits="273"  signature="()V" >
				<lines><line number="826"  hits="273" /></lines>
			</method>
			<method name="(anonymous_40)"  hits="274"  signature="()V" >
				<lines><line number="884"  hits="274" /></lines>
			</method>
			<method name="(anonymous_41)"  hits="24142"  signature="()V" >
				<lines><line number="942"  hits="24142" /></lines>
			</method>
			<method name="(anonymous_42)"  hits="42"  signature="()V" >
				<lines><line number="953"  hits="42" /></lines>
			</method>
			<method name="(anonymous_43)"  hits="5"  signature="()V" >
				<lines><line number="996"  hits="5" /></lines>
			</method>
			<method name="(anonymous_44)"  hits="1"  signature="()V" >
				<lines><line number="1081"  hits="1" /></lines>
			</method>
			<method name="(anonymous_45)"  hits="1"  signature="()V" >
				<lines><line number="1094"  hits="1" /></lines>
			</method>
			<method name="(anonymous_46)"  hits="61"  signature="()V" >
				<lines><line number="1131"  hits="61" /></lines>
			</method>
			<method name="(anonymous_47)"  hits="62"  signature="()V" >
				<lines><line number="1156"  hits="62" /></lines>
			</method>
			<method name="(anonymous_48)"  hits="0"  signature="()V" >
				<lines><line number="1240"  hits="0" /></lines>
			</method>
			<method name="(anonymous_49)"  hits="5"  signature="()V" >
				<lines><line number="1278"  hits="5" /></lines>
			</method>
			<method name="(anonymous_50)"  hits="112"  signature="()V" >
				<lines><line number="1297"  hits="112" /></lines>
			</method>
			<method name="(anonymous_51)"  hits="128"  signature="()V" >
				<lines><line number="1734"  hits="128" /></lines>
			</method>
			<method name="(anonymous_52)"  hits="30"  signature="()V" >
				<lines><line number="1746"  hits="30" /></lines>
			</method>
			<method name="(anonymous_53)"  hits="30"  signature="()V" >
				<lines><line number="1788"  hits="30" /></lines>
			</method>
			<method name="(anonymous_54)"  hits="1"  signature="()V" >
				<lines><line number="1845"  hits="1" /></lines>
			</method>
			<method name="(anonymous_55)"  hits="1342"  signature="()V" >
				<lines><line number="1861"  hits="1342" /></lines>
			</method>
			<method name="(anonymous_56)"  hits="98"  signature="()V" >
				<lines><line number="1875"  hits="98" /></lines>
			</method>
			<method name="(anonymous_57)"  hits="3"  signature="()V" >
				<lines><line number="1890"  hits="3" /></lines>
			</method>
			<method name="(anonymous_58)"  hits="2"  signature="()V" >
				<lines><line number="1927"  hits="2" /></lines>
			</method>
			<method name="(anonymous_59)"  hits="1185"  signature="()V" >
				<lines><line number="1942"  hits="1185" /></lines>
			</method>
			<method name="(anonymous_60)"  hits="1217"  signature="()V" >
				<lines><line number="1965"  hits="1217" /></lines>
			</method>
			<method name="(anonymous_61)"  hits="2432"  signature="()V" >
				<lines><line number="2046"  hits="2432" /></lines>
			</method>
			<method name="(anonymous_62)"  hits="2426"  signature="()V" >
				<lines><line number="2059"  hits="2426" /></lines>
			</method>
			<method name="(anonymous_63)"  hits="2411"  signature="()V" >
				<lines><line number="2114"  hits="2411" /></lines>
			</method>
			<method name="(anonymous_64)"  hits="29"  signature="()V" >
				<lines><line number="2124"  hits="29" /></lines>
			</method>
			<method name="(anonymous_65)"  hits="265"  signature="()V" >
				<lines><line number="2134"  hits="265" /></lines>
			</method>
			<method name="(anonymous_66)"  hits="2488"  signature="()V" >
				<lines><line number="2150"  hits="2488" /></lines>
			</method>
			<method name="(anonymous_67)"  hits="92"  signature="()V" >
				<lines><line number="2176"  hits="92" /></lines>
			</method>
			<method name="(anonymous_68)"  hits="62"  signature="()V" >
				<lines><line number="2200"  hits="62" /></lines>
			</method>
			<method name="(anonymous_69)"  hits="273"  signature="()V" >
				<lines><line number="2209"  hits="273" /></lines>
			</method>
			<method name="(anonymous_70)"  hits="16"  signature="()V" >
				<lines><line number="2229"  hits="16" /></lines>
			</method>
			<method name="(anonymous_71)"  hits="1"  signature="()V" >
				<lines><line number="2251"  hits="1" /></lines>
			</method>
			<method name="(anonymous_72)"  hits="1"  signature="()V" >
				<lines><line number="2263"  hits="1" /></lines>
			</method>
			<method name="(anonymous_73)"  hits="22"  signature="()V" >
				<lines><line number="2294"  hits="22" /></lines>
			</method>
			<method name="(anonymous_74)"  hits="5"  signature="()V" >
				<lines><line number="2309"  hits="5" /></lines>
			</method>
			<method name="(anonymous_75)"  hits="2"  signature="()V" >
				<lines><line number="2342"  hits="2" /></lines>
			</method>
			<method name="(anonymous_76)"  hits="702"  signature="()V" >
				<lines><line number="2354"  hits="702" /></lines>
			</method>
			<method name="(anonymous_77)"  hits="429"  signature="()V" >
				<lines><line number="2378"  hits="429" /></lines>
			</method>
			<method name="(anonymous_78)"  hits="429"  signature="()V" >
				<lines><line number="2395"  hits="429" /></lines>
			</method>
			<method name="(anonymous_79)"  hits="34783"  signature="()V" >
				<lines><line number="2441"  hits="34783" /></lines>
			</method>
			<method name="(anonymous_80)"  hits="28"  signature="()V" >
				<lines><line number="2830"  hits="28" /></lines>
			</method>
			<method name="(anonymous_81)"  hits="1"  signature="()V" >
				<lines><line number="2879"  hits="1" /></lines>
			</method>
			<method name="(anonymous_82)"  hits="1"  signature="()V" >
				<lines><line number="2890"  hits="1" /></lines>
			</method>
			<method name="(anonymous_83)"  hits="2"  signature="()V" >
				<lines><line number="2917"  hits="2" /></lines>
			</method>
			<method name="(anonymous_84)"  hits="0"  signature="()V" >
				<lines><line number="2950"  hits="0" /></lines>
			</method>
			<method name="(anonymous_85)"  hits="4"  signature="()V" >
				<lines><line number="2971"  hits="4" /></lines>
			</method>
			<method name="(anonymous_86)"  hits="1519"  signature="()V" >
				<lines><line number="3004"  hits="1519" /></lines>
			</method>
			<method name="(anonymous_87)"  hits="1"  signature="()V" >
				<lines><line number="3027"  hits="1" /></lines>
			</method>
			<method name="(anonymous_88)"  hits="42"  signature="()V" >
				<lines><line number="3051"  hits="42" /></lines>
			</method>
			<method name="(anonymous_89)"  hits="46"  signature="()V" >
				<lines><line number="3084"  hits="46" /></lines>
			</method>
			<method name="(anonymous_90)"  hits="77"  signature="()V" >
				<lines><line number="3119"  hits="77" /></lines>
			</method>
			<method name="(anonymous_91)"  hits="133106"  signature="()V" >
				<lines><line number="3129"  hits="133106" /></lines>
			</method>
			<method name="(anonymous_92)"  hits="16"  signature="()V" >
				<lines><line number="3137"  hits="16" /></lines>
			</method>
			<method name="(anonymous_93)"  hits="15"  signature="()V" >
				<lines><line number="3157"  hits="15" /></lines>
			</method>
			<method name="(anonymous_94)"  hits="429"  signature="()V" >
				<lines><line number="3179"  hits="429" /></lines>
			</method>
			<method name="(anonymous_95)"  hits="1"  signature="()V" >
				<lines><line number="3256"  hits="1" /></lines>
			</method>
			<method name="(anonymous_96)"  hits="7"  signature="()V" >
				<lines><line number="3329"  hits="7" /></lines>
			</method>
			<method name="(anonymous_97)"  hits="97"  signature="()V" >
				<lines><line number="3356"  hits="97" /></lines>
			</method>
			<method name="(anonymous_98)"  hits="1"  signature="()V" >
				<lines><line number="3377"  hits="1" /></lines>
			</method>
			<method name="(anonymous_99)"  hits="2432"  signature="()V" >
				<lines><line number="3439"  hits="2432" /></lines>
			</method>
			<method name="(anonymous_100)"  hits="13"  signature="()V" >
				<lines><line number="3473"  hits="13" /></lines>
			</method>
			<method name="(anonymous_101)"  hits="4"  signature="()V" >
				<lines><line number="3551"  hits="4" /></lines>
			</method>
			<method name="(anonymous_102)"  hits="1"  signature="()V" >
				<lines><line number="3561"  hits="1" /></lines>
			</method>
			<method name="(anonymous_103)"  hits="1"  signature="()V" >
				<lines><line number="3572"  hits="1" /></lines>
			</method>
			<method name="(anonymous_104)"  hits="0"  signature="()V" >
				<lines><line number="3646"  hits="0" /></lines>
			</method>
			<method name="(anonymous_105)"  hits="0"  signature="()V" >
				<lines><line number="3649"  hits="0" /></lines>
			</method>
			<method name="(anonymous_106)"  hits="1"  signature="()V" >
				<lines><line number="3710"  hits="1" /></lines>
			</method>
			<method name="(anonymous_107)"  hits="1"  signature="()V" >
				<lines><line number="3731"  hits="1" /></lines>
			</method>
			<method name="(anonymous_108)"  hits="1"  signature="()V" >
				<lines><line number="3759"  hits="1" /></lines>
			</method>
			<method name="(anonymous_109)"  hits="573"  signature="()V" >
				<lines><line number="3782"  hits="573" /></lines>
			</method>
			<method name="(anonymous_110)"  hits="0"  signature="()V" >
				<lines><line number="3798"  hits="0" /></lines>
			</method>
			<method name="(anonymous_111)"  hits="2"  signature="()V" >
				<lines><line number="3814"  hits="2" /></lines>
			</method>
			<method name="(anonymous_112)"  hits="0"  signature="()V" >
				<lines><line number="3831"  hits="0" /></lines>
			</method>
			<method name="(anonymous_113)"  hits="575"  signature="()V" >
				<lines><line number="3846"  hits="575" /></lines>
			</method>
			<method name="(anonymous_114)"  hits="0"  signature="()V" >
				<lines><line number="3884"  hits="0" /></lines>
			</method>
			<method name="(anonymous_115)"  hits="180"  signature="()V" >
				<lines><line number="3896"  hits="180" /></lines>
			</method>
			<method name="(anonymous_116)"  hits="6"  signature="()V" >
				<lines><line number="3931"  hits="6" /></lines>
			</method>
			<method name="(anonymous_117)"  hits="1"  signature="()V" >
				<lines><line number="3940"  hits="1" /></lines>
			</method>
			<method name="(anonymous_118)"  hits="19"  signature="()V" >
				<lines><line number="3958"  hits="19" /></lines>
			</method>
			<method name="(anonymous_119)"  hits="19"  signature="()V" >
				<lines><line number="3962"  hits="19" /></lines>
			</method>
			<method name="(anonymous_120)"  hits="12"  signature="()V" >
				<lines><line number="3981"  hits="12" /></lines>
			</method>
			<method name="(anonymous_121)"  hits="1"  signature="()V" >
				<lines><line number="3985"  hits="1" /></lines>
			</method>
			<method name="(anonymous_122)"  hits="0"  signature="()V" >
				<lines><line number="3989"  hits="0" /></lines>
			</method>
			<method name="(anonymous_123)"  hits="27"  signature="()V" >
				<lines><line number="3998"  hits="27" /></lines>
			</method>
			<method name="(anonymous_124)"  hits="21"  signature="()V" >
				<lines><line number="4021"  hits="21" /></lines>
			</method>
			<method name="(anonymous_125)"  hits="21"  signature="()V" >
				<lines><line number="4043"  hits="21" /></lines>
			</method>
			<method name="(anonymous_126)"  hits="21"  signature="()V" >
				<lines><line number="4072"  hits="21" /></lines>
			</method>
			<method name="(anonymous_127)"  hits="28"  signature="()V" >
				<lines><line number="4100"  hits="28" /></lines>
			</method>
			<method name="(anonymous_128)"  hits="0"  signature="()V" >
				<lines><line number="4136"  hits="0" /></lines>
			</method>
			<method name="(anonymous_129)"  hits="0"  signature="()V" >
				<lines><line number="4140"  hits="0" /></lines>
			</method>
			<method name="(anonymous_130)"  hits="0"  signature="()V" >
				<lines><line number="4144"  hits="0" /></lines>
			</method>
			<method name="(anonymous_131)"  hits="0"  signature="()V" >
				<lines><line number="4148"  hits="0" /></lines>
			</method>
			<method name="(anonymous_132)"  hits="0"  signature="()V" >
				<lines><line number="4152"  hits="0" /></lines>
			</method>
			<method name="(anonymous_133)"  hits="13"  signature="()V" >
				<lines><line number="4158"  hits="13" /></lines>
			</method>
			<method name="(anonymous_134)"  hits="0"  signature="()V" >
				<lines><line number="4166"  hits="0" /></lines>
			</method>
			<method name="(anonymous_135)"  hits="0"  signature="()V" >
				<lines><line number="4181"  hits="0" /></lines>
			</method>
			<method name="(anonymous_136)"  hits="0"  signature="()V" >
				<lines><line number="4194"  hits="0" /></lines>
			</method>
			<method name="(anonymous_137)"  hits="182"  signature="()V" >
				<lines><line number="4229"  hits="182" /></lines>
			</method>
			<method name="(anonymous_138)"  hits="19"  signature="()V" >
				<lines><line number="4234"  hits="19" /></lines>
			</method>
			<method name="(anonymous_139)"  hits="0"  signature="()V" >
				<lines><line number="4254"  hits="0" /></lines>
			</method>
			<method name="(anonymous_140)"  hits="1"  signature="()V" >
				<lines><line number="4270"  hits="1" /></lines>
			</method>
			<method name="(anonymous_141)"  hits="2"  signature="()V" >
				<lines><line number="4297"  hits="2" /></lines>
			</method>
			<method name="(anonymous_142)"  hits="2"  signature="()V" >
				<lines><line number="4301"  hits="2" /></lines>
			</method>
			<method name="(anonymous_143)"  hits="0"  signature="()V" >
				<lines><line number="4313"  hits="0" /></lines>
			</method>
			<method name="(anonymous_144)"  hits="0"  signature="()V" >
				<lines><line number="4323"  hits="0" /></lines>
			</method>
			<method name="(anonymous_145)"  hits="0"  signature="()V" >
				<lines><line number="4337"  hits="0" /></lines>
			</method>
			<method name="(anonymous_146)"  hits="0"  signature="()V" >
				<lines><line number="4368"  hits="0" /></lines>
			</method>
			<method name="(anonymous_147)"  hits="18"  signature="()V" >
				<lines><line number="4395"  hits="18" /></lines>
			</method>
			<method name="(anonymous_148)"  hits="1"  signature="()V" >
				<lines><line number="4420"  hits="1" /></lines>
			</method>
			<method name="(anonymous_149)"  hits="0"  signature="()V" >
				<lines><line number="4453"  hits="0" /></lines>
			</method>
			<method name="(anonymous_150)"  hits="2"  signature="()V" >
				<lines><line number="4479"  hits="2" /></lines>
			</method>
			<method name="(anonymous_151)"  hits="0"  signature="()V" >
				<lines><line number="4537"  hits="0" /></lines>
			</method>
			<method name="(anonymous_152)"  hits="0"  signature="()V" >
				<lines><line number="4545"  hits="0" /></lines>
			</method>
			<method name="(anonymous_153)"  hits="0"  signature="()V" >
				<lines><line number="4554"  hits="0" /></lines>
			</method>
			<method name="(anonymous_154)"  hits="0"  signature="()V" >
				<lines><line number="4563"  hits="0" /></lines>
			</method>
			<method name="(anonymous_155)"  hits="0"  signature="()V" >
				<lines><line number="4572"  hits="0" /></lines>
			</method>
			<method name="(anonymous_156)"  hits="1"  signature="()V" >
				<lines><line number="4577"  hits="1" /></lines>
			</method>
			<method name="(anonymous_157)"  hits="1"  signature="()V" >
				<lines><line number="4583"  hits="1" /></lines>
			</method>
			<method name="(anonymous_158)"  hits="0"  signature="()V" >
				<lines><line number="4600"  hits="0" /></lines>
			</method>
			<method name="(anonymous_159)"  hits="1"  signature="()V" >
				<lines><line number="4610"  hits="1" /></lines>
			</method>
			<method name="(anonymous_160)"  hits="182"  signature="()V" >
				<lines><line number="4627"  hits="182" /></lines>
			</method>
			<method name="(anonymous_161)"  hits="182"  signature="()V" >
				<lines><line number="4631"  hits="182" /></lines>
			</method>
			<method name="(anonymous_162)"  hits="0"  signature="()V" >
				<lines><line number="4647"  hits="0" /></lines>
			</method>
			<method name="(anonymous_163)"  hits="0"  signature="()V" >
				<lines><line number="4674"  hits="0" /></lines>
			</method>
			<method name="(anonymous_164)"  hits="0"  signature="()V" >
				<lines><line number="4700"  hits="0" /></lines>
			</method>
			<method name="(anonymous_165)"  hits="0"  signature="()V" >
				<lines><line number="4726"  hits="0" /></lines>
			</method>
			<method name="(anonymous_166)"  hits="0"  signature="()V" >
				<lines><line number="4798"  hits="0" /></lines>
			</method>
			<method name="(anonymous_167)"  hits="0"  signature="()V" >
				<lines><line number="4806"  hits="0" /></lines>
			</method>
			<method name="(anonymous_168)"  hits="182"  signature="()V" >
				<lines><line number="4822"  hits="182" /></lines>
			</method>
			<method name="(anonymous_169)"  hits="0"  signature="()V" >
				<lines><line number="4831"  hits="0" /></lines>
			</method>
			<method name="(anonymous_170)"  hits="0"  signature="()V" >
				<lines><line number="4841"  hits="0" /></lines>
			</method>
			<method name="(anonymous_171)"  hits="0"  signature="()V" >
				<lines><line number="4852"  hits="0" /></lines>
			</method>
			<method name="(anonymous_172)"  hits="0"  signature="()V" >
				<lines><line number="4867"  hits="0" /></lines>
			</method>
			<method name="(anonymous_173)"  hits="180"  signature="()V" >
				<lines><line number="4886"  hits="180" /></lines>
			</method>
			<method name="(anonymous_174)"  hits="1"  signature="()V" >
				<lines><line number="4908"  hits="1" /></lines>
			</method>
			<method name="(anonymous_175)"  hits="1"  signature="()V" >
				<lines><line number="4937"  hits="1" /></lines>
			</method>
			<method name="(anonymous_176)"  hits="178"  signature="()V" >
				<lines><line number="4974"  hits="178" /></lines>
			</method>
			<method name="(anonymous_177)"  hits="0"  signature="()V" >
				<lines><line number="5001"  hits="0" /></lines>
			</method>
			<method name="(anonymous_178)"  hits="0"  signature="()V" >
				<lines><line number="5007"  hits="0" /></lines>
			</method>
			<method name="(anonymous_179)"  hits="3"  signature="()V" >
				<lines><line number="5038"  hits="3" /></lines>
			</method>
			<method name="(anonymous_180)"  hits="0"  signature="()V" >
				<lines><line number="5067"  hits="0" /></lines>
			</method>
			<method name="(anonymous_181)"  hits="0"  signature="()V" >
				<lines><line number="5073"  hits="0" /></lines>
			</method>
			<method name="(anonymous_182)"  hits="185"  signature="()V" >
				<lines><line number="5104"  hits="185" /></lines>
			</method>
			<method name="(anonymous_183)"  hits="0"  signature="()V" >
				<lines><line number="5129"  hits="0" /></lines>
			</method>
			<method name="(anonymous_184)"  hits="0"  signature="()V" >
				<lines><line number="5211"  hits="0" /></lines>
			</method>
			<method name="(anonymous_185)"  hits="1"  signature="()V" >
				<lines><line number="5219"  hits="1" /></lines>
			</method>
			<method name="(anonymous_186)"  hits="7"  signature="()V" >
				<lines><line number="5237"  hits="7" /></lines>
			</method>
			<method name="(anonymous_187)"  hits="7"  signature="()V" >
				<lines><line number="5241"  hits="7" /></lines>
			</method>
			<method name="(anonymous_188)"  hits="10"  signature="()V" >
				<lines><line number="5292"  hits="10" /></lines>
			</method>
			<method name="(anonymous_189)"  hits="0"  signature="()V" >
				<lines><line number="5341"  hits="0" /></lines>
			</method>
			<method name="(anonymous_190)"  hits="1"  signature="()V" >
				<lines><line number="5365"  hits="1" /></lines>
			</method>
			<method name="(anonymous_191)"  hits="11"  signature="()V" >
				<lines><line number="5395"  hits="11" /></lines>
			</method>
			<method name="(anonymous_192)"  hits="3"  signature="()V" >
				<lines><line number="5409"  hits="3" /></lines>
			</method>
			<method name="(anonymous_193)"  hits="0"  signature="()V" >
				<lines><line number="5434"  hits="0" /></lines>
			</method>
			<method name="(anonymous_194)"  hits="0"  signature="()V" >
				<lines><line number="5451"  hits="0" /></lines>
			</method>
			<method name="(anonymous_195)"  hits="0"  signature="()V" >
				<lines><line number="5476"  hits="0" /></lines>
			</method>
			<method name="(anonymous_196)"  hits="0"  signature="()V" >
				<lines><line number="5500"  hits="0" /></lines>
			</method>
			<method name="(anonymous_197)"  hits="0"  signature="()V" >
				<lines><line number="5516"  hits="0" /></lines>
			</method>
			<method name="(anonymous_198)"  hits="0"  signature="()V" >
				<lines><line number="5533"  hits="0" /></lines>
			</method>
			<method name="(anonymous_199)"  hits="0"  signature="()V" >
				<lines><line number="5550"  hits="0" /></lines>
			</method>
			<method name="(anonymous_200)"  hits="1"  signature="()V" >
				<lines><line number="5569"  hits="1" /></lines>
			</method>
			<method name="(anonymous_201)"  hits="0"  signature="()V" >
				<lines><line number="5586"  hits="0" /></lines>
			</method>
			<method name="(anonymous_202)"  hits="0"  signature="()V" >
				<lines><line number="5622"  hits="0" /></lines>
			</method>
			<method name="(anonymous_203)"  hits="7"  signature="()V" >
				<lines><line number="5650"  hits="7" /></lines>
			</method>
			<method name="(anonymous_204)"  hits="0"  signature="()V" >
				<lines><line number="5677"  hits="0" /></lines>
			</method>
			<method name="(anonymous_205)"  hits="1"  signature="()V" >
				<lines><line number="5698"  hits="1" /></lines>
			</method>
			<method name="(anonymous_206)"  hits="3"  signature="()V" >
				<lines><line number="5723"  hits="3" /></lines>
			</method>
			<method name="(anonymous_207)"  hits="3"  signature="()V" >
				<lines><line number="5727"  hits="3" /></lines>
			</method>
			<method name="(anonymous_208)"  hits="0"  signature="()V" >
				<lines><line number="5736"  hits="0" /></lines>
			</method>
			<method name="(anonymous_209)"  hits="0"  signature="()V" >
				<lines><line number="5779"  hits="0" /></lines>
			</method>
			<method name="(anonymous_210)"  hits="0"  signature="()V" >
				<lines><line number="5788"  hits="0" /></lines>
			</method>
			<method name="(anonymous_211)"  hits="0"  signature="()V" >
				<lines><line number="5797"  hits="0" /></lines>
			</method>
			<method name="(anonymous_212)"  hits="0"  signature="()V" >
				<lines><line number="5806"  hits="0" /></lines>
			</method>
			<method name="(anonymous_213)"  hits="2"  signature="()V" >
				<lines><line number="5817"  hits="2" /></lines>
			</method>
			<method name="(anonymous_214)"  hits="3"  signature="()V" >
				<lines><line number="5847"  hits="3" /></lines>
			</method>
			<method name="(anonymous_215)"  hits="0"  signature="()V" >
				<lines><line number="5856"  hits="0" /></lines>
			</method>
			<method name="(anonymous_216)"  hits="2"  signature="()V" >
				<lines><line number="5869"  hits="2" /></lines>
			</method>
			<method name="(anonymous_217)"  hits="4"  signature="()V" >
				<lines><line number="5912"  hits="4" /></lines>
			</method>
			<method name="(anonymous_218)"  hits="0"  signature="()V" >
				<lines><line number="5921"  hits="0" /></lines>
			</method>
			<method name="(anonymous_219)"  hits="2"  signature="()V" >
				<lines><line number="5940"  hits="2" /></lines>
			</method>
			<method name="(anonymous_220)"  hits="0"  signature="()V" >
				<lines><line number="5945"  hits="0" /></lines>
			</method>
			<method name="(anonymous_221)"  hits="6"  signature="()V" >
				<lines><line number="5980"  hits="6" /></lines>
			</method>
			<method name="(anonymous_222)"  hits="0"  signature="()V" >
				<lines><line number="6047"  hits="0" /></lines>
			</method>
			<method name="(anonymous_223)"  hits="0"  signature="()V" >
				<lines><line number="6061"  hits="0" /></lines>
			</method>
			<method name="(anonymous_224)"  hits="0"  signature="()V" >
				<lines><line number="6071"  hits="0" /></lines>
			</method>
			<method name="(anonymous_225)"  hits="0"  signature="()V" >
				<lines><line number="6173"  hits="0" /></lines>
			</method>
			<method name="(anonymous_226)"  hits="2"  signature="()V" >
				<lines><line number="6186"  hits="2" /></lines>
			</method>
			<method name="(anonymous_227)"  hits="0"  signature="()V" >
				<lines><line number="6216"  hits="0" /></lines>
			</method>
			<method name="(anonymous_228)"  hits="0"  signature="()V" >
				<lines><line number="6258"  hits="0" /></lines>
			</method>
			<method name="(anonymous_229)"  hits="2"  signature="()V" >
				<lines><line number="6275"  hits="2" /></lines>
			</method>
			<method name="(anonymous_230)"  hits="182"  signature="()V" >
				<lines><line number="6287"  hits="182" /></lines>
			</method>
			<method name="(anonymous_231)"  hits="0"  signature="()V" >
				<lines><line number="6299"  hits="0" /></lines>
			</method>
			<method name="(anonymous_232)"  hits="1"  signature="()V" >
				<lines><line number="6312"  hits="1" /></lines>
			</method>
			<method name="(anonymous_233)"  hits="0"  signature="()V" >
				<lines><line number="6332"  hits="0" /></lines>
			</method>
			<method name="(anonymous_234)"  hits="0"  signature="()V" >
				<lines><line number="6350"  hits="0" /></lines>
			</method>
			<method name="(anonymous_235)"  hits="1"  signature="()V" >
				<lines><line number="6372"  hits="1" /></lines>
			</method>
			<method name="(anonymous_236)"  hits="1"  signature="()V" >
				<lines><line number="6389"  hits="1" /></lines>
			</method>
			<method name="(anonymous_237)"  hits="1"  signature="()V" >
				<lines><line number="6393"  hits="1" /></lines>
			</method>
			<method name="(anonymous_238)"  hits="0"  signature="()V" >
				<lines><line number="6497"  hits="0" /></lines>
			</method>
			<method name="(anonymous_239)"  hits="1"  signature="()V" >
				<lines><line number="6515"  hits="1" /></lines>
			</method>
			<method name="(anonymous_240)"  hits="1"  signature="()V" >
				<lines><line number="6566"  hits="1" /></lines>
			</method>
			<method name="(anonymous_241)"  hits="1"  signature="()V" >
				<lines><line number="6569"  hits="1" /></lines>
			</method>
			<method name="(anonymous_242)"  hits="1"  signature="()V" >
				<lines><line number="6572"  hits="1" /></lines>
			</method>
			<method name="(anonymous_243)"  hits="1"  signature="()V" >
				<lines><line number="6580"  hits="1" /></lines>
			</method>
			<method name="(anonymous_244)"  hits="1"  signature="()V" >
				<lines><line number="6645"  hits="1" /></lines>
			</method>
			<method name="(anonymous_245)"  hits="525"  signature="()V" >
				<lines><line number="6675"  hits="525" /></lines>
			</method>
			<method name="(anonymous_246)"  hits="0"  signature="()V" >
				<lines><line number="6692"  hits="0" /></lines>
			</method>
			<method name="(anonymous_247)"  hits="0"  signature="()V" >
				<lines><line number="6717"  hits="0" /></lines>
			</method>
			<method name="(anonymous_248)"  hits="1"  signature="()V" >
				<lines><line number="6742"  hits="1" /></lines>
			</method>
			<method name="(anonymous_249)"  hits="1"  signature="()V" >
				<lines><line number="6767"  hits="1" /></lines>
			</method>
			<method name="(anonymous_250)"  hits="0"  signature="()V" >
				<lines><line number="6792"  hits="0" /></lines>
			</method>
			<method name="(anonymous_251)"  hits="0"  signature="()V" >
				<lines><line number="6817"  hits="0" /></lines>
			</method>
			<method name="(anonymous_252)"  hits="0"  signature="()V" >
				<lines><line number="6842"  hits="0" /></lines>
			</method>
			<method name="(anonymous_253)"  hits="0"  signature="()V" >
				<lines><line number="6867"  hits="0" /></lines>
			</method>
			<method name="(anonymous_254)"  hits="0"  signature="()V" >
				<lines><line number="6892"  hits="0" /></lines>
			</method>
			<method name="(anonymous_255)"  hits="0"  signature="()V" >
				<lines><line number="6917"  hits="0" /></lines>
			</method>
			<method name="(anonymous_256)"  hits="0"  signature="()V" >
				<lines><line number="6942"  hits="0" /></lines>
			</method>
			<method name="(anonymous_257)"  hits="0"  signature="()V" >
				<lines><line number="6971"  hits="0" /></lines>
			</method>
			<method name="(anonymous_258)"  hits="0"  signature="()V" >
				<lines><line number="6989"  hits="0" /></lines>
			</method>
			<method name="(anonymous_259)"  hits="1"  signature="()V" >
				<lines><line number="6997"  hits="1" /></lines>
			</method>
			<method name="(anonymous_260)"  hits="0"  signature="()V" >
				<lines><line number="7013"  hits="0" /></lines>
			</method>
			<method name="(anonymous_261)"  hits="0"  signature="()V" >
				<lines><line number="7022"  hits="0" /></lines>
			</method>
			<method name="(anonymous_262)"  hits="0"  signature="()V" >
				<lines><line number="7026"  hits="0" /></lines>
			</method>
			<method name="(anonymous_263)"  hits="0"  signature="()V" >
				<lines><line number="7048"  hits="0" /></lines>
			</method>
			<method name="(anonymous_264)"  hits="0"  signature="()V" >
				<lines><line number="7052"  hits="0" /></lines>
			</method>
			<method name="(anonymous_265)"  hits="0"  signature="()V" >
				<lines><line number="7056"  hits="0" /></lines>
			</method>
			<method name="(anonymous_266)"  hits="0"  signature="()V" >
				<lines><line number="7066"  hits="0" /></lines>
			</method>
			<method name="(anonymous_267)"  hits="0"  signature="()V" >
				<lines><line number="7078"  hits="0" /></lines>
			</method>
			<method name="(anonymous_268)"  hits="0"  signature="()V" >
				<lines><line number="7113"  hits="0" /></lines>
			</method>
			<method name="(anonymous_269)"  hits="0"  signature="()V" >
				<lines><line number="7145"  hits="0" /></lines>
			</method>
			<method name="(anonymous_270)"  hits="0"  signature="()V" >
				<lines><line number="7179"  hits="0" /></lines>
			</method>
			<method name="(anonymous_271)"  hits="0"  signature="()V" >
				<lines><line number="7187"  hits="0" /></lines>
			</method>
			<method name="(anonymous_272)"  hits="0"  signature="()V" >
				<lines><line number="7192"  hits="0" /></lines>
			</method>
			<method name="(anonymous_273)"  hits="0"  signature="()V" >
				<lines><line number="7196"  hits="0" /></lines>
			</method>
			<method name="(anonymous_274)"  hits="0"  signature="()V" >
				<lines><line number="7231"  hits="0" /></lines>
			</method>
			<method name="(anonymous_275)"  hits="0"  signature="()V" >
				<lines><line number="7247"  hits="0" /></lines>
			</method>
			<method name="(anonymous_276)"  hits="0"  signature="()V" >
				<lines><line number="7263"  hits="0" /></lines>
			</method>
			<method name="(anonymous_277)"  hits="1"  signature="()V" >
				<lines><line number="7294"  hits="1" /></lines>
			</method>
			<method name="(anonymous_278)"  hits="13"  signature="()V" >
				<lines><line number="7305"  hits="13" /></lines>
			</method>
			<method name="(anonymous_279)"  hits="13"  signature="()V" >
				<lines><line number="7309"  hits="13" /></lines>
			</method>
			<method name="(anonymous_280)"  hits="39"  signature="()V" >
				<lines><line number="7331"  hits="39" /></lines>
			</method>
			<method name="(anonymous_281)"  hits="13"  signature="()V" >
				<lines><line number="7335"  hits="13" /></lines>
			</method>
			<method name="(anonymous_282)"  hits="2"  signature="()V" >
				<lines><line number="7339"  hits="2" /></lines>
			</method>
			<method name="(anonymous_283)"  hits="13"  signature="()V" >
				<lines><line number="7349"  hits="13" /></lines>
			</method>
			<method name="(anonymous_284)"  hits="14"  signature="()V" >
				<lines><line number="7361"  hits="14" /></lines>
			</method>
			<method name="(anonymous_285)"  hits="10041"  signature="()V" >
				<lines><line number="7396"  hits="10041" /></lines>
			</method>
			<method name="(anonymous_286)"  hits="0"  signature="()V" >
				<lines><line number="7416"  hits="0" /></lines>
			</method>
			<method name="(anonymous_287)"  hits="1"  signature="()V" >
				<lines><line number="7424"  hits="1" /></lines>
			</method>
			<method name="(anonymous_288)"  hits="4"  signature="()V" >
				<lines><line number="7444"  hits="4" /></lines>
			</method>
			<method name="(anonymous_289)"  hits="0"  signature="()V" >
				<lines><line number="7452"  hits="0" /></lines>
			</method>
			<method name="(anonymous_290)"  hits="10065"  signature="()V" >
				<lines><line number="7457"  hits="10065" /></lines>
			</method>
			<method name="(anonymous_291)"  hits="1"  signature="()V" >
				<lines><line number="7473"  hits="1" /></lines>
			</method>
			<method name="(anonymous_292)"  hits="0"  signature="()V" >
				<lines><line number="7498"  hits="0" /></lines>
			</method>
			<method name="(anonymous_293)"  hits="0"  signature="()V" >
				<lines><line number="7520"  hits="0" /></lines>
			</method>
			<method name="(anonymous_294)"  hits="10065"  signature="()V" >
				<lines><line number="7530"  hits="10065" /></lines>
			</method>
			<method name="(anonymous_295)"  hits="1"  signature="()V" >
				<lines><line number="7545"  hits="1" /></lines>
			</method>
			<method name="(anonymous_296)"  hits="9"  signature="()V" >
				<lines><line number="7551"  hits="9" /></lines>
			</method>
			<method name="(anonymous_297)"  hits="11"  signature="()V" >
				<lines><line number="7555"  hits="11" /></lines>
			</method>
			<method name="(anonymous_298)"  hits="42"  signature="()V" >
				<lines><line number="7590"  hits="42" /></lines>
			</method>
			<method name="(anonymous_299)"  hits="13"  signature="()V" >
				<lines><line number="7606"  hits="13" /></lines>
			</method>
			<method name="(anonymous_300)"  hits="10042"  signature="()V" >
				<lines><line number="7622"  hits="10042" /></lines>
			</method>
			<method name="(anonymous_301)"  hits="1"  signature="()V" >
				<lines><line number="7653"  hits="1" /></lines>
			</method>
			<method name="(anonymous_302)"  hits="1701"  signature="()V" >
				<lines><line number="7665"  hits="1701" /></lines>
			</method>
			<method name="(anonymous_303)"  hits="1701"  signature="()V" >
				<lines><line number="7669"  hits="1701" /></lines>
			</method>
			<method name="(anonymous_304)"  hits="1"  signature="()V" >
				<lines><line number="7690"  hits="1" /></lines>
			</method>
			<method name="(anonymous_305)"  hits="822"  signature="()V" >
				<lines><line number="7703"  hits="822" /></lines>
			</method>
			<method name="(anonymous_306)"  hits="43420"  signature="()V" >
				<lines><line number="7714"  hits="43420" /></lines>
			</method>
			<method name="(anonymous_307)"  hits="2832"  signature="()V" >
				<lines><line number="7724"  hits="2832" /></lines>
			</method>
			<method name="(anonymous_308)"  hits="145"  signature="()V" >
				<lines><line number="7735"  hits="145" /></lines>
			</method>
			<method name="(anonymous_309)"  hits="276"  signature="()V" >
				<lines><line number="7844"  hits="276" /></lines>
			</method>
			<method name="(anonymous_310)"  hits="29174"  signature="()V" >
				<lines><line number="7857"  hits="29174" /></lines>
			</method>
			<method name="(anonymous_311)"  hits="1"  signature="()V" >
				<lines><line number="7868"  hits="1" /></lines>
			</method>
			<method name="(anonymous_312)"  hits="525"  signature="()V" >
				<lines><line number="7878"  hits="525" /></lines>
			</method>
			<method name="(anonymous_313)"  hits="525"  signature="()V" >
				<lines><line number="7882"  hits="525" /></lines>
			</method>
			<method name="(anonymous_314)"  hits="763"  signature="()V" >
				<lines><line number="7896"  hits="763" /></lines>
			</method>
			<method name="(anonymous_315)"  hits="0"  signature="()V" >
				<lines><line number="7910"  hits="0" /></lines>
			</method>
			<method name="(anonymous_316)"  hits="0"  signature="()V" >
				<lines><line number="7919"  hits="0" /></lines>
			</method>
			<method name="(anonymous_317)"  hits="0"  signature="()V" >
				<lines><line number="7928"  hits="0" /></lines>
			</method>
			<method name="(anonymous_318)"  hits="1"  signature="()V" >
				<lines><line number="7937"  hits="1" /></lines>
			</method>
			<method name="(anonymous_319)"  hits="1"  signature="()V" >
				<lines><line number="7943"  hits="1" /></lines>
			</method>
			<method name="(anonymous_320)"  hits="273"  signature="()V" >
				<lines><line number="7947"  hits="273" /></lines>
			</method>
			<method name="(anonymous_321)"  hits="0"  signature="()V" >
				<lines><line number="7951"  hits="0" /></lines>
			</method>
			<method name="(anonymous_322)"  hits="1"  signature="()V" >
				<lines><line number="7957"  hits="1" /></lines>
			</method>
			<method name="(anonymous_323)"  hits="77"  signature="()V" >
				<lines><line number="7970"  hits="77" /></lines>
			</method>
			<method name="(anonymous_324)"  hits="35"  signature="()V" >
				<lines><line number="7979"  hits="35" /></lines>
			</method>
			<method name="(anonymous_325)"  hits="1708"  signature="()V" >
				<lines><line number="7989"  hits="1708" /></lines>
			</method>
			<method name="(anonymous_326)"  hits="135"  signature="()V" >
				<lines><line number="8011"  hits="135" /></lines>
			</method>
			<method name="(anonymous_327)"  hits="1"  signature="()V" >
				<lines><line number="8028"  hits="1" /></lines>
			</method>
			<method name="(anonymous_328)"  hits="0"  signature="()V" >
				<lines><line number="8046"  hits="0" /></lines>
			</method>
			<method name="(anonymous_329)"  hits="0"  signature="()V" >
				<lines><line number="8070"  hits="0" /></lines>
			</method>
			<method name="(anonymous_330)"  hits="1324"  signature="()V" >
				<lines><line number="8085"  hits="1324" /></lines>
			</method>
			<method name="(anonymous_331)"  hits="1225"  signature="()V" >
				<lines><line number="8113"  hits="1225" /></lines>
			</method>
			<method name="(anonymous_332)"  hits="1280"  signature="()V" >
				<lines><line number="8155"  hits="1280" /></lines>
			</method>
			<method name="(anonymous_333)"  hits="0"  signature="()V" >
				<lines><line number="8159"  hits="0" /></lines>
			</method>
			<method name="(anonymous_334)"  hits="0"  signature="()V" >
				<lines><line number="8174"  hits="0" /></lines>
			</method>
			<method name="(anonymous_335)"  hits="5"  signature="()V" >
				<lines><line number="8195"  hits="5" /></lines>
			</method>
			<method name="(anonymous_336)"  hits="1"  signature="()V" >
				<lines><line number="8231"  hits="1" /></lines>
			</method>
			<method name="(anonymous_337)"  hits="1"  signature="()V" >
				<lines><line number="8244"  hits="1" /></lines>
			</method>
			<method name="(anonymous_338)"  hits="68"  signature="()V" >
				<lines><line number="8256"  hits="68" /></lines>
			</method>
			<method name="(anonymous_339)"  hits="2"  signature="()V" >
				<lines><line number="8272"  hits="2" /></lines>
			</method>
			<method name="(anonymous_340)"  hits="1"  signature="()V" >
				<lines><line number="8283"  hits="1" /></lines>
			</method>
			<method name="(anonymous_341)"  hits="1"  signature="()V" >
				<lines><line number="8285"  hits="1" /></lines>
			</method>
			<method name="(anonymous_342)"  hits="0"  signature="()V" >
				<lines><line number="8293"  hits="0" /></lines>
			</method>
			<method name="(anonymous_343)"  hits="0"  signature="()V" >
				<lines><line number="8295"  hits="0" /></lines>
			</method>
			<method name="(anonymous_344)"  hits="21"  signature="()V" >
				<lines><line number="8305"  hits="21" /></lines>
			</method>
			<method name="(anonymous_345)"  hits="14"  signature="()V" >
				<lines><line number="8313"  hits="14" /></lines>
			</method>
			<method name="(anonymous_346)"  hits="0"  signature="()V" >
				<lines><line number="8335"  hits="0" /></lines>
			</method>
			<method name="(anonymous_347)"  hits="0"  signature="()V" >
				<lines><line number="8346"  hits="0" /></lines>
			</method>
			<method name="(anonymous_348)"  hits="2277"  signature="()V" >
				<lines><line number="8354"  hits="2277" /></lines>
			</method>
			<method name="(anonymous_349)"  hits="1"  signature="()V" >
				<lines><line number="8401"  hits="1" /></lines>
			</method>
			<method name="(anonymous_350)"  hits="35170"  signature="()V" >
				<lines><line number="8417"  hits="35170" /></lines>
			</method>
			<method name="(anonymous_351)"  hits="284"  signature="()V" >
				<lines><line number="8655"  hits="284" /></lines>
			</method>
			<method name="(anonymous_352)"  hits="1"  signature="()V" >
				<lines><line number="8772"  hits="1" /></lines>
			</method>
			<method name="(anonymous_353)"  hits="163423"  signature="()V" >
				<lines><line number="8782"  hits="163423" /></lines>
			</method>
			<method name="(anonymous_354)"  hits="705"  signature="()V" >
				<lines><line number="8802"  hits="705" /></lines>
			</method>
			<method name="(anonymous_355)"  hits="1"  signature="()V" >
				<lines><line number="8818"  hits="1" /></lines>
			</method>
			<method name="(anonymous_356)"  hits="16"  signature="()V" >
				<lines><line number="8836"  hits="16" /></lines>
			</method>
			<method name="(anonymous_357)"  hits="0"  signature="()V" >
				<lines><line number="8870"  hits="0" /></lines>
			</method>
			<method name="(anonymous_358)"  hits="1"  signature="()V" >
				<lines><line number="8886"  hits="1" /></lines>
			</method>
			<method name="(anonymous_359)"  hits="0"  signature="()V" >
				<lines><line number="8922"  hits="0" /></lines>
			</method>
			<method name="(anonymous_360)"  hits="0"  signature="()V" >
				<lines><line number="8947"  hits="0" /></lines>
			</method>
			<method name="(anonymous_361)"  hits="0"  signature="()V" >
				<lines><line number="8970"  hits="0" /></lines>
			</method>
			<method name="(anonymous_362)"  hits="2"  signature="()V" >
				<lines><line number="8987"  hits="2" /></lines>
			</method>
			<method name="(anonymous_363)"  hits="1"  signature="()V" >
				<lines><line number="9023"  hits="1" /></lines>
			</method>
			<method name="(anonymous_364)"  hits="1"  signature="()V" >
				<lines><line number="9048"  hits="1" /></lines>
			</method>
			<method name="(anonymous_365)"  hits="1"  signature="()V" >
				<lines><line number="9071"  hits="1" /></lines>
			</method>
			<method name="(anonymous_366)"  hits="5037"  signature="()V" >
				<lines><line number="9095"  hits="5037" /></lines>
			</method>
			<method name="(anonymous_367)"  hits="19"  signature="()V" >
				<lines><line number="9124"  hits="19" /></lines>
			</method>
			<method name="(anonymous_368)"  hits="17"  signature="()V" >
				<lines><line number="9212"  hits="17" /></lines>
			</method>
			<method name="(anonymous_369)"  hits="1"  signature="()V" >
				<lines><line number="9234"  hits="1" /></lines>
			</method>
			<method name="(anonymous_370)"  hits="43"  signature="()V" >
				<lines><line number="9245"  hits="43" /></lines>
			</method>
			<method name="(anonymous_371)"  hits="5"  signature="()V" >
				<lines><line number="9260"  hits="5" /></lines>
			</method>
			<method name="(anonymous_372)"  hits="1"  signature="()V" >
				<lines><line number="9271"  hits="1" /></lines>
			</method>
			<method name="(anonymous_373)"  hits="3"  signature="()V" >
				<lines><line number="9286"  hits="3" /></lines>
			</method>
			<method name="(anonymous_374)"  hits="10"  signature="()V" >
				<lines><line number="9300"  hits="10" /></lines>
			</method>
			<method name="(anonymous_375)"  hits="6"  signature="()V" >
				<lines><line number="9310"  hits="6" /></lines>
			</method>
			<method name="(anonymous_376)"  hits="1"  signature="()V" >
				<lines><line number="9321"  hits="1" /></lines>
			</method>
			<method name="(anonymous_377)"  hits="1"  signature="()V" >
				<lines><line number="9332"  hits="1" /></lines>
			</method>
			<method name="(anonymous_378)"  hits="1"  signature="()V" >
				<lines><line number="9344"  hits="1" /></lines>
			</method>
			<method name="(anonymous_379)"  hits="2"  signature="()V" >
				<lines><line number="9354"  hits="2" /></lines>
			</method>
			<method name="(anonymous_380)"  hits="0"  signature="()V" >
				<lines><line number="9365"  hits="0" /></lines>
			</method>
			<method name="(anonymous_381)"  hits="0"  signature="()V" >
				<lines><line number="9385"  hits="0" /></lines>
			</method>
			<method name="(anonymous_382)"  hits="1"  signature="()V" >
				<lines><line number="9403"  hits="1" /></lines>
			</method>
			<method name="(anonymous_383)"  hits="4"  signature="()V" >
				<lines><line number="9412"  hits="4" /></lines>
			</method>
			<method name="(anonymous_384)"  hits="4"  signature="()V" >
				<lines><line number="9416"  hits="4" /></lines>
			</method>
			<method name="(anonymous_385)"  hits="1"  signature="()V" >
				<lines><line number="9419"  hits="1" /></lines>
			</method>
			<method name="(anonymous_386)"  hits="4"  signature="()V" >
				<lines><line number="9437"  hits="4" /></lines>
			</method>
			<method name="(anonymous_387)"  hits="1"  signature="()V" >
				<lines><line number="9446"  hits="1" /></lines>
			</method>
			<method name="(anonymous_388)"  hits="1"  signature="()V" >
				<lines><line number="9450"  hits="1" /></lines>
			</method>
			<method name="(anonymous_389)"  hits="1"  signature="()V" >
				<lines><line number="9464"  hits="1" /></lines>
			</method>
			<method name="(anonymous_390)"  hits="3"  signature="()V" >
				<lines><line number="9487"  hits="3" /></lines>
			</method>
			<method name="(anonymous_391)"  hits="1"  signature="()V" >
				<lines><line number="9536"  hits="1" /></lines>
			</method>
			<method name="(anonymous_392)"  hits="1"  signature="()V" >
				<lines><line number="9559"  hits="1" /></lines>
			</method>
			<method name="(anonymous_393)"  hits="1"  signature="()V" >
				<lines><line number="9569"  hits="1" /></lines>
			</method>
			<method name="(anonymous_394)"  hits="763"  signature="()V" >
				<lines><line number="9581"  hits="763" /></lines>
			</method>
			<method name="(anonymous_395)"  hits="763"  signature="()V" >
				<lines><line number="9587"  hits="763" /></lines>
			</method>
			<method name="(anonymous_396)"  hits="763"  signature="()V" >
				<lines><line number="9612"  hits="763" /></lines>
			</method>
			<method name="(anonymous_397)"  hits="0"  signature="()V" >
				<lines><line number="9621"  hits="0" /></lines>
			</method>
			<method name="(anonymous_398)"  hits="6852"  signature="()V" >
				<lines><line number="9648"  hits="6852" /></lines>
			</method>
			<method name="(anonymous_399)"  hits="282"  signature="()V" >
				<lines><line number="9680"  hits="282" /></lines>
			</method>
			<method name="(anonymous_400)"  hits="1497"  signature="()V" >
				<lines><line number="9690"  hits="1497" /></lines>
			</method>
			<method name="(anonymous_401)"  hits="0"  signature="()V" >
				<lines><line number="9701"  hits="0" /></lines>
			</method>
			<method name="(anonymous_402)"  hits="762"  signature="()V" >
				<lines><line number="9709"  hits="762" /></lines>
			</method>
			<method name="(anonymous_403)"  hits="1"  signature="()V" >
				<lines><line number="9716"  hits="1" /></lines>
			</method>
			<method name="(anonymous_404)"  hits="20"  signature="()V" >
				<lines><line number="9726"  hits="20" /></lines>
			</method>
			<method name="(anonymous_405)"  hits="3147"  signature="()V" >
				<lines><line number="9765"  hits="3147" /></lines>
			</method>
			<method name="(anonymous_406)"  hits="0"  signature="()V" >
				<lines><line number="9823"  hits="0" /></lines>
			</method>
			<method name="(anonymous_407)"  hits="72"  signature="()V" >
				<lines><line number="9839"  hits="72" /></lines>
			</method>
			<method name="(anonymous_408)"  hits="3147"  signature="()V" >
				<lines><line number="9860"  hits="3147" /></lines>
			</method>
			<method name="(anonymous_409)"  hits="1"  signature="()V" >
				<lines><line number="9878"  hits="1" /></lines>
			</method>
			<method name="(anonymous_410)"  hits="2"  signature="()V" >
				<lines><line number="9889"  hits="2" /></lines>
			</method>
			<method name="(anonymous_411)"  hits="2"  signature="()V" >
				<lines><line number="9893"  hits="2" /></lines>
			</method>
			<method name="(anonymous_412)"  hits="1"  signature="()V" >
				<lines><line number="9901"  hits="1" /></lines>
			</method>
			<method name="(anonymous_413)"  hits="1"  signature="()V" >
				<lines><line number="9926"  hits="1" /></lines>
			</method>
			<method name="(anonymous_414)"  hits="0"  signature="()V" >
				<lines><line number="9935"  hits="0" /></lines>
			</method>
			<method name="(anonymous_415)"  hits="1"  signature="()V" >
				<lines><line number="9944"  hits="1" /></lines>
			</method>
			<method name="(anonymous_416)"  hits="4"  signature="()V" >
				<lines><line number="9954"  hits="4" /></lines>
			</method>
			<method name="(anonymous_417)"  hits="3"  signature="()V" >
				<lines><line number="9967"  hits="3" /></lines>
			</method>
			<method name="(anonymous_418)"  hits="0"  signature="()V" >
				<lines><line number="9976"  hits="0" /></lines>
			</method>
			<method name="(anonymous_419)"  hits="0"  signature="()V" >
				<lines><line number="9982"  hits="0" /></lines>
			</method>
			<method name="(anonymous_420)"  hits="2"  signature="()V" >
				<lines><line number="9986"  hits="2" /></lines>
			</method>
			<method name="(anonymous_421)"  hits="2"  signature="()V" >
				<lines><line number="9997"  hits="2" /></lines>
			</method>
			<method name="(anonymous_422)"  hits="2"  signature="()V" >
				<lines><line number="10009"  hits="2" /></lines>
			</method>
			<method name="(anonymous_423)"  hits="1"  signature="()V" >
				<lines><line number="10024"  hits="1" /></lines>
			</method>
			<method name="(anonymous_424)"  hits="7"  signature="()V" >
				<lines><line number="10031"  hits="7" /></lines>
			</method>
			<method name="(anonymous_425)"  hits="0"  signature="()V" >
				<lines><line number="10055"  hits="0" /></lines>
			</method>
			<method name="(anonymous_426)"  hits="0"  signature="()V" >
				<lines><line number="10073"  hits="0" /></lines>
			</method>
			<method name="(anonymous_427)"  hits="1"  signature="()V" >
				<lines><line number="10077"  hits="1" /></lines>
			</method>
			<method name="(anonymous_428)"  hits="2"  signature="()V" >
				<lines><line number="10103"  hits="2" /></lines>
			</method>
			<method name="(anonymous_429)"  hits="0"  signature="()V" >
				<lines><line number="10124"  hits="0" /></lines>
			</method>
			<method name="(anonymous_430)"  hits="1"  signature="()V" >
				<lines><line number="10146"  hits="1" /></lines>
			</method>
			<method name="(anonymous_431)"  hits="11436"  signature="()V" >
				<lines><line number="10157"  hits="11436" /></lines>
			</method>
			<method name="(anonymous_432)"  hits="11436"  signature="()V" >
				<lines><line number="10161"  hits="11436" /></lines>
			</method>
			<method name="(anonymous_433)"  hits="122"  signature="()V" >
				<lines><line number="10174"  hits="122" /></lines>
			</method>
			<method name="(anonymous_434)"  hits="0"  signature="()V" >
				<lines><line number="10191"  hits="0" /></lines>
			</method>
			<method name="(anonymous_435)"  hits="525"  signature="()V" >
				<lines><line number="10221"  hits="525" /></lines>
			</method>
			<method name="(anonymous_436)"  hits="0"  signature="()V" >
				<lines><line number="10247"  hits="0" /></lines>
			</method>
			<method name="(anonymous_437)"  hits="10253"  signature="()V" >
				<lines><line number="10293"  hits="10253" /></lines>
			</method>
			<method name="(anonymous_438)"  hits="22"  signature="()V" >
				<lines><line number="10348"  hits="22" /></lines>
			</method>
			<method name="(anonymous_439)"  hits="30"  signature="()V" >
				<lines><line number="10353"  hits="30" /></lines>
			</method>
			<method name="(anonymous_440)"  hits="276648"  signature="()V" >
				<lines><line number="10387"  hits="276648" /></lines>
			</method>
			<method name="(anonymous_441)"  hits="2135"  signature="()V" >
				<lines><line number="10438"  hits="2135" /></lines>
			</method>
			<method name="(anonymous_442)"  hits="3"  signature="()V" >
				<lines><line number="10463"  hits="3" /></lines>
			</method>
			<method name="(anonymous_443)"  hits="0"  signature="()V" >
				<lines><line number="10474"  hits="0" /></lines>
			</method>
			<method name="(anonymous_444)"  hits="19"  signature="()V" >
				<lines><line number="10512"  hits="19" /></lines>
			</method>
			<method name="(anonymous_445)"  hits="12615"  signature="()V" >
				<lines><line number="10549"  hits="12615" /></lines>
			</method>
			<method name="(anonymous_446)"  hits="1"  signature="()V" >
				<lines><line number="10559"  hits="1" /></lines>
			</method>
			<method name="(anonymous_447)"  hits="182"  signature="()V" >
				<lines><line number="10576"  hits="182" /></lines>
			</method>
			<method name="(anonymous_448)"  hits="182"  signature="()V" >
				<lines><line number="10580"  hits="182" /></lines>
			</method>
			<method name="(anonymous_449)"  hits="649"  signature="()V" >
				<lines><line number="10611"  hits="649" /></lines>
			</method>
			<method name="(anonymous_450)"  hits="6"  signature="()V" >
				<lines><line number="10620"  hits="6" /></lines>
			</method>
			<method name="(anonymous_451)"  hits="8"  signature="()V" >
				<lines><line number="10645"  hits="8" /></lines>
			</method>
			<method name="(anonymous_452)"  hits="8"  signature="()V" >
				<lines><line number="10648"  hits="8" /></lines>
			</method>
			<method name="(anonymous_453)"  hits="8"  signature="()V" >
				<lines><line number="10662"  hits="8" /></lines>
			</method>
			<method name="(anonymous_454)"  hits="8"  signature="()V" >
				<lines><line number="10663"  hits="8" /></lines>
			</method>
			<method name="(anonymous_455)"  hits="0"  signature="()V" >
				<lines><line number="10665"  hits="0" /></lines>
			</method>
			<method name="(anonymous_456)"  hits="8"  signature="()V" >
				<lines><line number="10677"  hits="8" /></lines>
			</method>
			<method name="(anonymous_457)"  hits="8"  signature="()V" >
				<lines><line number="10682"  hits="8" /></lines>
			</method>
			<method name="(anonymous_458)"  hits="8"  signature="()V" >
				<lines><line number="10717"  hits="8" /></lines>
			</method>
			<method name="(anonymous_459)"  hits="0"  signature="()V" >
				<lines><line number="10719"  hits="0" /></lines>
			</method>
			<method name="(anonymous_460)"  hits="451"  signature="()V" >
				<lines><line number="10730"  hits="451" /></lines>
			</method>
			<method name="(anonymous_461)"  hits="399"  signature="()V" >
				<lines><line number="10733"  hits="399" /></lines>
			</method>
			<method name="(anonymous_462)"  hits="0"  signature="()V" >
				<lines><line number="10735"  hits="0" /></lines>
			</method>
			<method name="(anonymous_463)"  hits="453"  signature="()V" >
				<lines><line number="10754"  hits="453" /></lines>
			</method>
			<method name="(anonymous_464)"  hits="0"  signature="()V" >
				<lines><line number="10764"  hits="0" /></lines>
			</method>
			<method name="(anonymous_465)"  hits="457"  signature="()V" >
				<lines><line number="10774"  hits="457" /></lines>
			</method>
			<method name="(anonymous_466)"  hits="0"  signature="()V" >
				<lines><line number="10800"  hits="0" /></lines>
			</method>
			<method name="(anonymous_467)"  hits="4"  signature="()V" >
				<lines><line number="10826"  hits="4" /></lines>
			</method>
			<method name="(anonymous_468)"  hits="4"  signature="()V" >
				<lines><line number="10832"  hits="4" /></lines>
			</method>
			<method name="(anonymous_469)"  hits="4"  signature="()V" >
				<lines><line number="10847"  hits="4" /></lines>
			</method>
			<method name="(anonymous_470)"  hits="4"  signature="()V" >
				<lines><line number="10853"  hits="4" /></lines>
			</method>
			<method name="(anonymous_471)"  hits="4"  signature="()V" >
				<lines><line number="10860"  hits="4" /></lines>
			</method>
			<method name="(anonymous_472)"  hits="182"  signature="()V" >
				<lines><line number="10890"  hits="182" /></lines>
			</method>
			<method name="(anonymous_473)"  hits="0"  signature="()V" >
				<lines><line number="10895"  hits="0" /></lines>
			</method>
			<method name="(anonymous_474)"  hits="0"  signature="()V" >
				<lines><line number="10903"  hits="0" /></lines>
			</method>
			<method name="(anonymous_475)"  hits="0"  signature="()V" >
				<lines><line number="10923"  hits="0" /></lines>
			</method>
			<method name="(anonymous_476)"  hits="0"  signature="()V" >
				<lines><line number="10931"  hits="0" /></lines>
			</method>
			<method name="(anonymous_477)"  hits="1"  signature="()V" >
				<lines><line number="10953"  hits="1" /></lines>
			</method>
			<method name="(anonymous_478)"  hits="25"  signature="()V" >
				<lines><line number="10971"  hits="25" /></lines>
			</method>
			<method name="(anonymous_479)"  hits="6"  signature="()V" >
				<lines><line number="10998"  hits="6" /></lines>
			</method>
			<method name="(anonymous_480)"  hits="1"  signature="()V" >
				<lines><line number="11033"  hits="1" /></lines>
			</method>
			<method name="(anonymous_481)"  hits="707"  signature="()V" >
				<lines><line number="11047"  hits="707" /></lines>
			</method>
			<method name="(anonymous_482)"  hits="707"  signature="()V" >
				<lines><line number="11051"  hits="707" /></lines>
			</method>
			<method name="(anonymous_483)"  hits="0"  signature="()V" >
				<lines><line number="11062"  hits="0" /></lines>
			</method>
			<method name="(anonymous_484)"  hits="0"  signature="()V" >
				<lines><line number="11074"  hits="0" /></lines>
			</method>
			<method name="(anonymous_485)"  hits="0"  signature="()V" >
				<lines><line number="11085"  hits="0" /></lines>
			</method>
			<method name="(anonymous_486)"  hits="0"  signature="()V" >
				<lines><line number="11099"  hits="0" /></lines>
			</method>
			<method name="(anonymous_487)"  hits="1"  signature="()V" >
				<lines><line number="11104"  hits="1" /></lines>
			</method>
			<method name="(anonymous_488)"  hits="0"  signature="()V" >
				<lines><line number="11112"  hits="0" /></lines>
			</method>
			<method name="(anonymous_489)"  hits="1"  signature="()V" >
				<lines><line number="11118"  hits="1" /></lines>
			</method>
			<method name="(anonymous_490)"  hits="525"  signature="()V" >
				<lines><line number="11138"  hits="525" /></lines>
			</method>
			<method name="(anonymous_491)"  hits="182"  signature="()V" >
				<lines><line number="11144"  hits="182" /></lines>
			</method>
			<method name="(anonymous_492)"  hits="1"  signature="()V" >
				<lines><line number="11151"  hits="1" /></lines>
			</method>
			<method name="(anonymous_493)"  hits="22"  signature="()V" >
				<lines><line number="11173"  hits="22" /></lines>
			</method>
			<method name="(anonymous_494)"  hits="20"  signature="()V" >
				<lines><line number="11184"  hits="20" /></lines>
			</method>
			<method name="(anonymous_495)"  hits="4"  signature="()V" >
				<lines><line number="11200"  hits="4" /></lines>
			</method>
			<method name="(anonymous_496)"  hits="0"  signature="()V" >
				<lines><line number="11214"  hits="0" /></lines>
			</method>
			<method name="(anonymous_497)"  hits="58"  signature="()V" >
				<lines><line number="11225"  hits="58" /></lines>
			</method>
			<method name="(anonymous_498)"  hits="0"  signature="()V" >
				<lines><line number="11239"  hits="0" /></lines>
			</method>
			<method name="(anonymous_499)"  hits="58"  signature="()V" >
				<lines><line number="11243"  hits="58" /></lines>
			</method>
			<method name="(anonymous_500)"  hits="54"  signature="()V" >
				<lines><line number="11261"  hits="54" /></lines>
			</method>
			<method name="(anonymous_501)"  hits="4847"  signature="()V" >
				<lines><line number="11262"  hits="4847" /></lines>
			</method>
			<method name="(anonymous_502)"  hits="510"  signature="()V" >
				<lines><line number="11274"  hits="510" /></lines>
			</method>
			<method name="(anonymous_503)"  hits="1"  signature="()V" >
				<lines><line number="11319"  hits="1" /></lines>
			</method>
			<method name="(anonymous_504)"  hits="0"  signature="()V" >
				<lines><line number="11322"  hits="0" /></lines>
			</method>
			<method name="(anonymous_505)"  hits="0"  signature="()V" >
				<lines><line number="11356"  hits="0" /></lines>
			</method>
			<method name="(anonymous_506)"  hits="0"  signature="()V" >
				<lines><line number="11357"  hits="0" /></lines>
			</method>
			<method name="(anonymous_507)"  hits="0"  signature="()V" >
				<lines><line number="11358"  hits="0" /></lines>
			</method>
			<method name="(anonymous_508)"  hits="0"  signature="()V" >
				<lines><line number="11376"  hits="0" /></lines>
			</method>
			<method name="(anonymous_509)"  hits="1"  signature="()V" >
				<lines><line number="11439"  hits="1" /></lines>
			</method>
			<method name="(anonymous_510)"  hits="24"  signature="()V" >
				<lines><line number="11461"  hits="24" /></lines>
			</method>
			<method name="(anonymous_511)"  hits="24"  signature="()V" >
				<lines><line number="11465"  hits="24" /></lines>
			</method>
			<method name="(anonymous_512)"  hits="15"  signature="()V" >
				<lines><line number="11476"  hits="15" /></lines>
			</method>
			<method name="(anonymous_513)"  hits="0"  signature="()V" >
				<lines><line number="11516"  hits="0" /></lines>
			</method>
			<method name="(anonymous_514)"  hits="0"  signature="()V" >
				<lines><line number="11528"  hits="0" /></lines>
			</method>
			<method name="(anonymous_515)"  hits="0"  signature="()V" >
				<lines><line number="11536"  hits="0" /></lines>
			</method>
			<method name="(anonymous_516)"  hits="0"  signature="()V" >
				<lines><line number="11544"  hits="0" /></lines>
			</method>
			<method name="(anonymous_517)"  hits="0"  signature="()V" >
				<lines><line number="11552"  hits="0" /></lines>
			</method>
			<method name="(anonymous_518)"  hits="16"  signature="()V" >
				<lines><line number="11561"  hits="16" /></lines>
			</method>
			<method name="(anonymous_519)"  hits="0"  signature="()V" >
				<lines><line number="11570"  hits="0" /></lines>
			</method>
			<method name="(anonymous_520)"  hits="0"  signature="()V" >
				<lines><line number="11578"  hits="0" /></lines>
			</method>
			<method name="(anonymous_521)"  hits="25"  signature="()V" >
				<lines><line number="11588"  hits="25" /></lines>
			</method>
			<method name="(anonymous_522)"  hits="52"  signature="()V" >
				<lines><line number="11610"  hits="52" /></lines>
			</method>
			<method name="(anonymous_523)"  hits="15"  signature="()V" >
				<lines><line number="11729"  hits="15" /></lines>
			</method>
			<method name="(anonymous_524)"  hits="0"  signature="()V" >
				<lines><line number="11741"  hits="0" /></lines>
			</method>
			<method name="(anonymous_525)"  hits="52"  signature="()V" >
				<lines><line number="11750"  hits="52" /></lines>
			</method>
			<method name="(anonymous_526)"  hits="6"  signature="()V" >
				<lines><line number="11888"  hits="6" /></lines>
			</method>
			<method name="(anonymous_527)"  hits="5"  signature="()V" >
				<lines><line number="11896"  hits="5" /></lines>
			</method>
			<method name="(anonymous_528)"  hits="5"  signature="()V" >
				<lines><line number="11904"  hits="5" /></lines>
			</method>
			<method name="(anonymous_529)"  hits="0"  signature="()V" >
				<lines><line number="11916"  hits="0" /></lines>
			</method>
			<method name="(anonymous_530)"  hits="3"  signature="()V" >
				<lines><line number="11925"  hits="3" /></lines>
			</method>
			<method name="(anonymous_531)"  hits="5"  signature="()V" >
				<lines><line number="11933"  hits="5" /></lines>
			</method>
			<method name="(anonymous_532)"  hits="24"  signature="()V" >
				<lines><line number="11984"  hits="24" /></lines>
			</method>
			<method name="(anonymous_533)"  hits="0"  signature="()V" >
				<lines><line number="12005"  hits="0" /></lines>
			</method>
			<method name="(anonymous_534)"  hits="0"  signature="()V" >
				<lines><line number="12034"  hits="0" /></lines>
			</method>
			<method name="(anonymous_535)"  hits="0"  signature="()V" >
				<lines><line number="12063"  hits="0" /></lines>
			</method>
			<method name="(anonymous_536)"  hits="30"  signature="()V" >
				<lines><line number="12091"  hits="30" /></lines>
			</method>
			<method name="(anonymous_537)"  hits="6"  signature="()V" >
				<lines><line number="12110"  hits="6" /></lines>
			</method>
			<method name="(anonymous_538)"  hits="0"  signature="()V" >
				<lines><line number="12127"  hits="0" /></lines>
			</method>
			<method name="(anonymous_539)"  hits="0"  signature="()V" >
				<lines><line number="12147"  hits="0" /></lines>
			</method>
			<method name="(anonymous_540)"  hits="0"  signature="()V" >
				<lines><line number="12155"  hits="0" /></lines>
			</method>
			<method name="(anonymous_541)"  hits="0"  signature="()V" >
				<lines><line number="12168"  hits="0" /></lines>
			</method>
			<method name="(anonymous_542)"  hits="37"  signature="()V" >
				<lines><line number="12196"  hits="37" /></lines>
			</method>
			<method name="(anonymous_543)"  hits="37"  signature="()V" >
				<lines><line number="12212"  hits="37" /></lines>
			</method>
			<method name="(anonymous_544)"  hits="13"  signature="()V" >
				<lines><line number="12234"  hits="13" /></lines>
			</method>
			<method name="(anonymous_545)"  hits="0"  signature="()V" >
				<lines><line number="12275"  hits="0" /></lines>
			</method>
			<method name="(anonymous_546)"  hits="0"  signature="()V" >
				<lines><line number="12280"  hits="0" /></lines>
			</method>
			<method name="(anonymous_547)"  hits="1"  signature="()V" >
				<lines><line number="12295"  hits="1" /></lines>
			</method>
			<method name="(anonymous_548)"  hits="0"  signature="()V" >
				<lines><line number="12335"  hits="0" /></lines>
			</method>
			<method name="(anonymous_549)"  hits="26"  signature="()V" >
				<lines><line number="12344"  hits="26" /></lines>
			</method>
			<method name="(anonymous_550)"  hits="51"  signature="()V" >
				<lines><line number="12361"  hits="51" /></lines>
			</method>
			<method name="(anonymous_551)"  hits="35"  signature="()V" >
				<lines><line number="12375"  hits="35" /></lines>
			</method>
			<method name="(anonymous_552)"  hits="32"  signature="()V" >
				<lines><line number="12390"  hits="32" /></lines>
			</method>
			<method name="(anonymous_553)"  hits="1"  signature="()V" >
				<lines><line number="12396"  hits="1" /></lines>
			</method>
			<method name="(anonymous_554)"  hits="5"  signature="()V" >
				<lines><line number="12402"  hits="5" /></lines>
			</method>
			<method name="(anonymous_555)"  hits="25"  signature="()V" >
				<lines><line number="12408"  hits="25" /></lines>
			</method>
			<method name="(anonymous_556)"  hits="525"  signature="()V" >
				<lines><line number="12415"  hits="525" /></lines>
			</method>
			<method name="(anonymous_557)"  hits="0"  signature="()V" >
				<lines><line number="12427"  hits="0" /></lines>
			</method>
			<method name="(anonymous_558)"  hits="0"  signature="()V" >
				<lines><line number="12450"  hits="0" /></lines>
			</method>
			<method name="(anonymous_559)"  hits="5"  signature="()V" >
				<lines><line number="12464"  hits="5" /></lines>
			</method>
			<method name="(anonymous_560)"  hits="182"  signature="()V" >
				<lines><line number="12476"  hits="182" /></lines>
			</method>
			<method name="(anonymous_561)"  hits="29"  signature="()V" >
				<lines><line number="12486"  hits="29" /></lines>
			</method>
			<method name="(anonymous_562)"  hits="0"  signature="()V" >
				<lines><line number="12507"  hits="0" /></lines>
			</method>
			<method name="(anonymous_563)"  hits="0"  signature="()V" >
				<lines><line number="12516"  hits="0" /></lines>
			</method>
			<method name="(anonymous_564)"  hits="1"  signature="()V" >
				<lines><line number="12538"  hits="1" /></lines>
			</method>
			<method name="cleanUpNextTick"  hits="0"  signature="()V" >
				<lines><line number="12547"  hits="0" /></lines>
			</method>
			<method name="drainQueue"  hits="113"  signature="()V" >
				<lines><line number="12559"  hits="113" /></lines>
			</method>
			<method name="(anonymous_567)"  hits="114"  signature="()V" >
				<lines><line number="12581"  hits="114" /></lines>
			</method>
			<method name="Item"  hits="114"  signature="()V" >
				<lines><line number="12595"  hits="114" /></lines>
			</method>
			<method name="(anonymous_569)"  hits="113"  signature="()V" >
				<lines><line number="12599"  hits="113" /></lines>
			</method>
			<method name="noop"  hits="0"  signature="()V" >
				<lines><line number="12609"  hits="0" /></lines>
			</method>
			<method name="(anonymous_571)"  hits="0"  signature="()V" >
				<lines><line number="12619"  hits="0" /></lines>
			</method>
			<method name="(anonymous_572)"  hits="0"  signature="()V" >
				<lines><line number="12624"  hits="0" /></lines>
			</method>
			<method name="(anonymous_573)"  hits="0"  signature="()V" >
				<lines><line number="12625"  hits="0" /></lines>
			</method>
			<method name="(anonymous_574)"  hits="0"  signature="()V" >
				<lines><line number="12628"  hits="0" /></lines>
			</method>
			<method name="(anonymous_575)"  hits="1"  signature="()V" >
				<lines><line number="12630"  hits="1" /></lines>
			</method>
			<method name="Promise"  hits="4610"  signature="()V" >
				<lines><line number="12636"  hits="4610" /></lines>
			</method>
			<method name="(anonymous_577)"  hits="3492"  signature="()V" >
				<lines><line number="12644"  hits="3492" /></lines>
			</method>
			<method name="(anonymous_578)"  hits="3492"  signature="()V" >
				<lines><line number="12645"  hits="3492" /></lines>
			</method>
			<method name="handle"  hits="6166"  signature="()V" >
				<lines><line number="12650"  hits="6166" /></lines>
			</method>
			<method name="(anonymous_580)"  hits="3180"  signature="()V" >
				<lines><line number="12655"  hits="3180" /></lines>
			</method>
			<method name="resolve"  hits="4195"  signature="()V" >
				<lines><line number="12673"  hits="4195" /></lines>
			</method>
			<method name="reject"  hits="0"  signature="()V" >
				<lines><line number="12689"  hits="0" /></lines>
			</method>
			<method name="finale"  hits="4194"  signature="()V" >
				<lines><line number="12695"  hits="4194" /></lines>
			</method>
			<method name="Handler"  hits="3492"  signature="()V" >
				<lines><line number="12705"  hits="3492" /></lines>
			</method>
			<method name="doResolve"  hits="4611"  signature="()V" >
				<lines><line number="12718"  hits="4611" /></lines>
			</method>
			<method name="(anonymous_586)"  hits="4195"  signature="()V" >
				<lines><line number="12721"  hits="4195" /></lines>
			</method>
			<method name="(anonymous_587)"  hits="0"  signature="()V" >
				<lines><line number="12725"  hits="0" /></lines>
			</method>
			<method name="(anonymous_588)"  hits="1"  signature="()V" >
				<lines><line number="12737"  hits="1" /></lines>
			</method>
			<method name="ValuePromise"  hits="6"  signature="()V" >
				<lines><line number="12749"  hits="6" /></lines>
			</method>
			<method name="(anonymous_590)"  hits="0"  signature="()V" >
				<lines><line number="12750"  hits="0" /></lines>
			</method>
			<method name="(anonymous_591)"  hits="0"  signature="()V" >
				<lines><line number="12752"  hits="0" /></lines>
			</method>
			<method name="(anonymous_592)"  hits="0"  signature="()V" >
				<lines><line number="12753"  hits="0" /></lines>
			</method>
			<method name="(anonymous_593)"  hits="0"  signature="()V" >
				<lines><line number="12772"  hits="0" /></lines>
			</method>
			<method name="(anonymous_594)"  hits="0"  signature="()V" >
				<lines><line number="12789"  hits="0" /></lines>
			</method>
			<method name="(anonymous_595)"  hits="0"  signature="()V" >
				<lines><line number="12798"  hits="0" /></lines>
			</method>
			<method name="(anonymous_596)"  hits="0"  signature="()V" >
				<lines><line number="12805"  hits="0" /></lines>
			</method>
			<method name="(anonymous_597)"  hits="0"  signature="()V" >
				<lines><line number="12807"  hits="0" /></lines>
			</method>
			<method name="(anonymous_598)"  hits="0"  signature="()V" >
				<lines><line number="12810"  hits="0" /></lines>
			</method>
			<method name="(anonymous_599)"  hits="0"  signature="()V" >
				<lines><line number="12814"  hits="0" /></lines>
			</method>
			<method name="(anonymous_600)"  hits="0"  signature="()V" >
				<lines><line number="12822"  hits="0" /></lines>
			</method>
			<method name="(anonymous_601)"  hits="0"  signature="()V" >
				<lines><line number="12823"  hits="0" /></lines>
			</method>
			<method name="(anonymous_602)"  hits="0"  signature="()V" >
				<lines><line number="12830"  hits="0" /></lines>
			</method>
			<method name="(anonymous_603)"  hits="0"  signature="()V" >
				<lines><line number="12832"  hits="0" /></lines>
			</method>
			<method name="(anonymous_604)"  hits="0"  signature="()V" >
				<lines><line number="12840"  hits="0" /></lines>
			</method>
			<method name="(anonymous_605)"  hits="0"  signature="()V" >
				<lines><line number="12850"  hits="0" /></lines>
			</method>
			<method name="res"  hits="0"  signature="()V" >
				<lines><line number="12853"  hits="0" /></lines>
			</method>
			<method name="(anonymous_607)"  hits="0"  signature="()V" >
				<lines><line number="12858"  hits="0" /></lines>
			</method>
			<method name="(anonymous_608)"  hits="0"  signature="()V" >
				<lines><line number="12876"  hits="0" /></lines>
			</method>
			<method name="(anonymous_609)"  hits="0"  signature="()V" >
				<lines><line number="12877"  hits="0" /></lines>
			</method>
			<method name="(anonymous_610)"  hits="0"  signature="()V" >
				<lines><line number="12882"  hits="0" /></lines>
			</method>
			<method name="(anonymous_611)"  hits="0"  signature="()V" >
				<lines><line number="12883"  hits="0" /></lines>
			</method>
			<method name="(anonymous_612)"  hits="0"  signature="()V" >
				<lines><line number="12884"  hits="0" /></lines>
			</method>
			<method name="(anonymous_613)"  hits="0"  signature="()V" >
				<lines><line number="12892"  hits="0" /></lines>
			</method>
			<method name="(anonymous_614)"  hits="0"  signature="()V" >
				<lines><line number="12894"  hits="0" /></lines>
			</method>
			<method name="(anonymous_615)"  hits="0"  signature="()V" >
[...]
			<line number="18580"  hits="0"  branch="false" />
			<line number="18583"  hits="1"  branch="false" />
			<line number="18584"  hits="0"  branch="false" />
			<line number="18585"  hits="0"  branch="false" />
			<line number="18587"  hits="0"  branch="false" />
			<line number="18595"  hits="1"  branch="false" />
			<line number="18596"  hits="7"  branch="false" />
			<line number="18597"  hits="7"  branch="false" />
			<line number="18599"  hits="0"  branch="false" />
			<line number="18606"  hits="1"  branch="false" />
			<line number="18607"  hits="2"  branch="false" />
			<line number="18608"  hits="2"  branch="false" />
			<line number="18610"  hits="0"  branch="false" />
			<line number="18618"  hits="1"  branch="false" />
			<line number="18619"  hits="0"  branch="false" />
			<line number="18620"  hits="0"  branch="false" />
			<line number="18622"  hits="0"  branch="false" />
			<line number="18626"  hits="1"  branch="false" />
			<line number="18627"  hits="6"  branch="false" />
			<line number="18628"  hits="6"  branch="false" />
			<line number="18631"  hits="1"  branch="false" />
			<line number="18632"  hits="0"  branch="false" />
			<line number="18635"  hits="1"  branch="false" />
			<line number="18637"  hits="1"  branch="false" />
			<line number="18639"  hits="1"  branch="true"  condition-coverage="80% (4/5)" />
			<line number="18645"  hits="1"  branch="false" />
			<line number="18646"  hits="0"  branch="true"  condition-coverage="0% (0/2)" />
			<line number="18650"  hits="0"  branch="true"  condition-coverage="0% (0/4)" />
			<line number="18651"  hits="0"  branch="false" />
			<line number="18652"  hits="0"  branch="false" />
			<line number="18653"  hits="0"  branch="false" />
			<line number="18654"  hits="0"  branch="false" />
			<line number="18655"  hits="0"  branch="false" />
			<line number="18658"  hits="0"  branch="true"  condition-coverage="0% (0/2)" />
			<line number="18659"  hits="0"  branch="false" />
			<line number="18668"  hits="0"  branch="false" />
			<line number="18673"  hits="0"  branch="false" />
			<line number="18676"  hits="1"  branch="false" />
			<line number="18679"  hits="1"  branch="true"  condition-coverage="50% (2/4)" />
			<line number="18687"  hits="1"  branch="false" />
			<line number="18688"  hits="1"  branch="false" />
			<line number="18690"  hits="1"  branch="false" />
			<line number="18697"  hits="1"  branch="false" />
			<line number="18698"  hits="0"  branch="false" />
			<line number="18701"  hits="1"  branch="false" />
			<line number="18702"  hits="0"  branch="false" />
			<line number="18705"  hits="1"  branch="false" />
			<line number="18706"  hits="0"  branch="false" />
			<line number="18709"  hits="1"  branch="false" />
			<line number="18710"  hits="0"  branch="false" />
			<line number="18711"  hits="0"  branch="true"  condition-coverage="0% (0/2)" />
			<line number="18717"  hits="1"  branch="true"  condition-coverage="50% (2/4)" />
			<line number="18728"  hits="1"  branch="false" />
			<line number="18729"  hits="1"  branch="false" />
			<line number="18731"  hits="1"  branch="false" />
			<line number="18732"  hits="1"  branch="false" />
			<line number="18733"  hits="1"  branch="false" />
			<line number="18734"  hits="1"  branch="false" />
			<line number="18735"  hits="1"  branch="false" />
			<line number="18736"  hits="1"  branch="false" />
			<line number="18737"  hits="1"  branch="false" />
			<line number="18738"  hits="1"  branch="false" />
			<line number="18739"  hits="1"  branch="false" />
			<line number="18740"  hits="1"  branch="false" />
			<line number="18742"  hits="1"  branch="false" />
			<line number="18745"  hits="9"  branch="false" />
			<line number="18748"  hits="1"  branch="false" />
			<line number="18752"  hits="1"  branch="false" />
			<line number="18753"  hits="1"  branch="false" />
			<line number="18754"  hits="1"  branch="false" />
			<line number="18756"  hits="1"  branch="false" />
			<line number="18757"  hits="1"  branch="false" />
			<line number="18758"  hits="1"  branch="false" />
			<line number="18760"  hits="1"  branch="false" />
			<line number="18761"  hits="1"  branch="false" />
			<line number="18763"  hits="1"  branch="false" />
			<line number="18765"  hits="1"  branch="false" />
			<line number="18766"  hits="1"  branch="false" />
			<line number="18768"  hits="1"  branch="false" />
			<line number="18769"  hits="1"  branch="false" />
			<line number="18770"  hits="1"  branch="false" />
			<line number="18772"  hits="1"  branch="false" />
			<line number="18773"  hits="1"  branch="false" />
			<line number="18774"  hits="1"  branch="false" />
			<line number="18775"  hits="1"  branch="false" />
			<line number="18777"  hits="1"  branch="false" />
			<line number="18779"  hits="1"  branch="false" />
			<line number="18780"  hits="1"  branch="false" />
			<line number="18784"  hits="1"  branch="false" />
			<line number="18801"  hits="1"  branch="false" />
			<line number="18802"  hits="10"  branch="false" />
			<line number="18803"  hits="10"  branch="true"  condition-coverage="100% (2/2)" />
			<line number="18804"  hits="6"  branch="false" />
			<line number="18807"  hits="4"  branch="false" />
			<line number="18815"  hits="1"  branch="false" />
			<line number="18816"  hits="1"  branch="false" />
			<line number="18825"  hits="1"  branch="false" />
			<line number="18826"  hits="5"  branch="false" />
			<line number="18827"  hits="0"  branch="false" />
			<line number="18828"  hits="0"  branch="false" />
			<line number="18830"  hits="0"  branch="false" />
			<line number="18840"  hits="1"  branch="false" />
			<line number="18842"  hits="1"  branch="false" />
			<line number="18843"  hits="2"  branch="false" />
			<line number="18845"  hits="1"  branch="false" />
			<line number="18853"  hits="1"  branch="false" />
			<line number="18854"  hits="0"  branch="false" />
			<line number="18857"  hits="1"  branch="false" />
			<line number="18858"  hits="0"  branch="false" />
			<line number="18860"  hits="1"  branch="false" />
			<line number="18861"  hits="1"  branch="false" />
			<line number="18862"  hits="1"  branch="false" />
			<line number="18864"  hits="0"  branch="false" />
			<line number="18865"  hits="0"  branch="false" />
			<line number="18866"  hits="0"  branch="false" />
			<line number="18867"  hits="0"  branch="false" />
			<line number="18868"  hits="0"  branch="false" />
			<line number="18879"  hits="1"  branch="false" />
			<line number="18880"  hits="0"  branch="true"  condition-coverage="0% (0/2)" />
			<line number="18890"  hits="1"  branch="false" />
			<line number="18891"  hits="0"  branch="false" />
			<line number="18900"  hits="1"  branch="false" />
			<line number="18901"  hits="0"  branch="false" />
			<line number="18911"  hits="1"  branch="false" />
			<line number="18912"  hits="0"  branch="false" />
			<line number="18924"  hits="1"  branch="false" />
			<line number="18925"  hits="0"  branch="false" />
			<line number="18926"  hits="0"  branch="false" />
			<line number="18939"  hits="1"  branch="false" />
			<line number="18940"  hits="0"  branch="false" />
			<line number="18941"  hits="0"  branch="false" />
			<line number="18945"  hits="1"  branch="false" />
			<line number="18947"  hits="1"  branch="true"  condition-coverage="50% (2/4)" />
			<line number="18957"  hits="1"  branch="false" />
			<line number="18960"  hits="1"  branch="false" />
			<line number="18962"  hits="1"  branch="false" />
			<line number="18974"  hits="0"  branch="true"  condition-coverage="0% (0/4)" />
			<line number="18975"  hits="0"  branch="true"  condition-coverage="0% (0/2)" />
			<line number="18976"  hits="0"  branch="false" />
			<line number="18978"  hits="0"  branch="false" />
			<line number="18979"  hits="0"  branch="false" />
			<line number="18988"  hits="1"  branch="true"  condition-coverage="50% (2/4)" />
			<line number="19000"  hits="1"  branch="false" />
			<line number="19003"  hits="1"  branch="false" />
			<line number="19005"  hits="1"  branch="false" />
			<line number="19007"  hits="1"  branch="false" />
			<line number="19019"  hits="1"  branch="false" />
			<line number="19020"  hits="0"  branch="false" />
			<line number="19022"  hits="0"  branch="false" />
			<line number="19023"  hits="0"  branch="false" />
			<line number="19025"  hits="0"  branch="false" />
			<line number="19026"  hits="0"  branch="false" />
			<line number="19027"  hits="0"  branch="false" />
			<line number="19029"  hits="0"  branch="false" />
			<line number="19030"  hits="0"  branch="true"  condition-coverage="0% (0/2)" />
			<line number="19031"  hits="0"  branch="false" />
			<line number="19032"  hits="0"  branch="false" />
			<line number="19034"  hits="0"  branch="false" />
			<line number="19037"  hits="0"  branch="false" />
			<line number="19040"  hits="1"  branch="false" />
			<line number="19045"  hits="1"  branch="true"  condition-coverage="50% (2/4)" />
			<line number="19057"  hits="1"  branch="false" />
			<line number="19061"  hits="1"  branch="false" />
			<line number="19063"  hits="1"  branch="false" />
			<line number="19074"  hits="1"  branch="false" />
			<line number="19075"  hits="3"  branch="false" />
			<line number="19077"  hits="3"  branch="true"  condition-coverage="50% (1/2)" />
			<line number="19078"  hits="3"  branch="false" />
			<line number="19079"  hits="6"  branch="false" />
			<line number="19080"  hits="6"  branch="false" />
			<line number="19081"  hits="0"  branch="true"  condition-coverage="0% (0/6)" />
			<line number="19082"  hits="0"  branch="false" />
			<line number="19087"  hits="3"  branch="false" />
			<line number="19090"  hits="1"  branch="false" />
			<line number="19095"  hits="1"  branch="true"  condition-coverage="50% (2/4)" />
			<line number="19107"  hits="1"  branch="false" />
			<line number="19110"  hits="1"  branch="false" />
			<line number="19123"  hits="1"  branch="false" />
			<line number="19124"  hits="0"  branch="false" />
			<line number="19126"  hits="0"  branch="false" />
			<line number="19130"  hits="1"  branch="false" />
			<line number="19135"  hits="1"  branch="true"  condition-coverage="50% (2/4)" />
			<line number="19147"  hits="1"  branch="false" />
			<line number="19150"  hits="1"  branch="false" />
			<line number="19152"  hits="1"  branch="false" />
			<line number="19155"  hits="1"  branch="false" />
			<line number="19156"  hits="0"  branch="false" />
			<line number="19158"  hits="0"  branch="true"  condition-coverage="0% (0/2)" />
			<line number="19161"  hits="0"  branch="true"  condition-coverage="0% (0/2)" />
			<line number="19171"  hits="1"  branch="false" />
			<line number="19173"  hits="0"  branch="false" />
			<line number="19181"  hits="1"  branch="false" />
			<line number="19183"  hits="0"  branch="false" />
			<line number="19191"  hits="1"  branch="false" />
			<line number="19193"  hits="0"  branch="false" />
			<line number="19202"  hits="1"  branch="false" />
			<line number="19204"  hits="0"  branch="false" />
			<line number="19205"  hits="0"  branch="false" />
			<line number="19230"  hits="1"  branch="false" />
			<line number="19232"  hits="0"  branch="false" />
			<line number="19233"  hits="0"  branch="false" />
			<line number="19234"  hits="0"  branch="true"  condition-coverage="0% (0/2)" />
			<line number="19235"  hits="0"  branch="false" />
			<line number="19237"  hits="0"  branch="true"  condition-coverage="0% (0/2)" />
			<line number="19238"  hits="0"  branch="false" />
			<line number="19240"  hits="0"  branch="false" />
			<line number="19241"  hits="0"  branch="false" />
			<line number="19251"  hits="1"  branch="false" />
			<line number="19252"  hits="2"  branch="false" />
			<line number="19253"  hits="2"  branch="false" />
			<line number="19254"  hits="2"  branch="false" />
			<line number="19255"  hits="2"  branch="false" />
			<line number="19256"  hits="2"  branch="false" />
			<line number="19257"  hits="2"  branch="false" />
			<line number="19260"  hits="1"  branch="false" />
			<line number="19261"  hits="1"  branch="false" />
			<line number="19264"  hits="1"  branch="false" />
			<line number="19265"  hits="1"  branch="false" />
			<line number="19266"  hits="0"  branch="false" />
			<line number="19268"  hits="1"  branch="false" />
			<line number="19269"  hits="1"  branch="false" />
			<line number="19272"  hits="1"  branch="false" />
			<line number="19277"  hits="1"  branch="true"  condition-coverage="50% (2/4)" />
			<line number="19289"  hits="1"  branch="false" />
			<line number="19292"  hits="1"  branch="false" />
			<line number="19294"  hits="1"  branch="false" />
			<line number="19296"  hits="1"  branch="false" />
			<line number="19297"  hits="1"  branch="false" />
			<line number="19302"  hits="1"  branch="false" />
			<line number="19303"  hits="1"  branch="false" />
			<line number="19304"  hits="1"  branch="false" />
			<line number="19305"  hits="1"  branch="false" />
			<line number="19306"  hits="1"  branch="false" />
			<line number="19307"  hits="1"  branch="false" />
			<line number="19308"  hits="1"  branch="false" />
			<line number="19309"  hits="1"  branch="false" />
			<line number="19310"  hits="1"  branch="false" />
			<line number="19311"  hits="1"  branch="false" />
			<line number="19312"  hits="1"  branch="false" />
			<line number="19313"  hits="1"  branch="false" />
			<line number="19314"  hits="1"  branch="false" />
			<line number="19315"  hits="1"  branch="false" />
			<line number="19317"  hits="1"  branch="false" />
			<line number="19318"  hits="16"  branch="false" />
			<line number="19319"  hits="878"  branch="false" />
			<line number="19320"  hits="878"  branch="false" />
			<line number="19322"  hits="16"  branch="false" />
			<line number="19326"  hits="1"  branch="false" />
			<line number="19327"  hits="0"  branch="true"  condition-coverage="0% (0/2)" />
			<line number="19328"  hits="0"  branch="false" />
			<line number="19330"  hits="0"  branch="false" />
			<line number="19331"  hits="0"  branch="true"  condition-coverage="0% (0/2)" />
			<line number="19332"  hits="0"  branch="false" />
			<line number="19334"  hits="0"  branch="false" />
			<line number="19335"  hits="0"  branch="true"  condition-coverage="0% (0/2)" />
			<line number="19336"  hits="0"  branch="false" />
			<line number="19339"  hits="0"  branch="false" />
			<line number="19344"  hits="1"  branch="false" />
			<line number="19345"  hits="10"  branch="true"  condition-coverage="100% (2/2)" />
			<line number="19346"  hits="10"  branch="false" />
			<line number="19347"  hits="0"  branch="false" />
			<line number="19351"  hits="1"  branch="false" />
			<line number="19352"  hits="0"  branch="false" />
			<line number="19355"  hits="1"  branch="false" />
			<line number="19458"  hits="1"  branch="true"  condition-coverage="50% (2/4)" />
			<line number="19470"  hits="1"  branch="false" />
			<line number="19473"  hits="1"  branch="false" />
			<line number="19475"  hits="1"  branch="false" />
			<line number="19477"  hits="1"  branch="false" />
			<line number="19479"  hits="1"  branch="false" />
			<line number="19481"  hits="1"  branch="false" />
			<line number="19482"  hits="1"  branch="false" />
			<line number="19498"  hits="1"  branch="false" />
			<line number="19500"  hits="0"  branch="false" />
			<line number="19501"  hits="0"  branch="false" />
			<line number="19503"  hits="0"  branch="false" />
			<line number="19504"  hits="0"  branch="true"  condition-coverage="0% (0/2)" />
			<line number="19505"  hits="0"  branch="false" />
			<line number="19506"  hits="0"  branch="false" />
			<line number="19508"  hits="0"  branch="true"  condition-coverage="0% (0/2)" />
			<line number="19509"  hits="0"  branch="false" />
			<line number="19510"  hits="0"  branch="false" />
			<line number="19511"  hits="0"  branch="false" />
			<line number="19514"  hits="0"  branch="false" />
			<line number="19515"  hits="0"  branch="false" />
			<line number="19517"  hits="0"  branch="true"  condition-coverage="0% (0/4)" />
			<line number="19518"  hits="0"  branch="false" />
			<line number="19520"  hits="0"  branch="true"  condition-coverage="0% (0/2)" />
			<line number="19521"  hits="0"  branch="false" />
			<line number="19522"  hits="0"  branch="true"  condition-coverage="0% (0/2)" />
			<line number="19523"  hits="0"  branch="true"  condition-coverage="0% (0/2)" />
			<line number="19524"  hits="0"  branch="true"  condition-coverage="0% (0/4)" />
			<line number="19525"  hits="0"  branch="false" />
			<line number="19526"  hits="0"  branch="true"  condition-coverage="0% (0/2)" />
			<line number="19530"  hits="0"  branch="false" />
			<line number="19531"  hits="0"  branch="true"  condition-coverage="0% (0/2)" />
			<line number="19532"  hits="0"  branch="false" />
			<line number="19533"  hits="0"  branch="true"  condition-coverage="0% (0/2)" />
			<line number="19536"  hits="0"  branch="false" />
			<line number="19537"  hits="0"  branch="false" />
			<line number="19540"  hits="0"  branch="true"  condition-coverage="0% (0/2)" />
			<line number="19541"  hits="0"  branch="false" />
			<line number="19542"  hits="0"  branch="true"  condition-coverage="0% (0/2)" />
			<line number="19543"  hits="0"  branch="true"  condition-coverage="0% (0/2)" />
			<line number="19546"  hits="0"  branch="false" />
			<line number="19547"  hits="0"  branch="true"  condition-coverage="0% (0/4)" />
			<line number="19548"  hits="0"  branch="false" />
			<line number="19549"  hits="0"  branch="true"  condition-coverage="0% (0/2)" />
			<line number="19552"  hits="0"  branch="false" />
			<line number="19553"  hits="0"  branch="true"  condition-coverage="0% (0/2)" />
			<line number="19554"  hits="0"  branch="false" />
			<line number="19555"  hits="0"  branch="false" />
			<line number="19559"  hits="0"  branch="false" />
			<line number="19560"  hits="0"  branch="true"  condition-coverage="0% (0/2)" />
			<line number="19561"  hits="0"  branch="false" />
			<line number="19563"  hits="0"  branch="true"  condition-coverage="0% (0/2)" />
			<line number="19564"  hits="0"  branch="true"  condition-coverage="0% (0/2)" />
			<line number="19565"  hits="0"  branch="false" />
			<line number="19566"  hits="0"  branch="true"  condition-coverage="0% (0/2)" />
			<line number="19568"  hits="0"  branch="false" />
			<line number="19571"  hits="0"  branch="false" />
			<line number="19575"  hits="1"  branch="false" />
			<line number="19576"  hits="0"  branch="false" />
			<line number="19578"  hits="0"  branch="false" />
			<line number="19579"  hits="0"  branch="true"  condition-coverage="0% (0/2)" />
			<line number="19580"  hits="0"  branch="false" />
			<line number="19583"  hits="0"  branch="false" />
			<line number="19586"  hits="0"  branch="true"  condition-coverage="0% (0/2)" />
			<line number="19587"  hits="0"  branch="false" />
			<line number="19590"  hits="0"  branch="false" />
			<line number="19593"  hits="1"  branch="false" />
			<line number="19594"  hits="0"  branch="false" />
			<line number="19596"  hits="0"  branch="false" />
			<line number="19597"  hits="0"  branch="false" />
			<line number="19598"  hits="0"  branch="false" />
			<line number="19599"  hits="0"  branch="false" />
			<line number="19600"  hits="0"  branch="true"  condition-coverage="0% (0/2)" />
			<line number="19602"  hits="0"  branch="false" />
			<line number="19603"  hits="0"  branch="false" />
			<line number="19605"  hits="0"  branch="false" />
			<line number="19606"  hits="0"  branch="false" />
			<line number="19607"  hits="0"  branch="false" />
			<line number="19610"  hits="0"  branch="false" />
			<line number="19613"  hits="1"  branch="false" />
			<line number="19632"  hits="1"  branch="true"  condition-coverage="50% (2/4)" />
		</lines>
		</class>
	</classes>
	</package>
</packages>
</coverage>
