<?xml version="1.0" ?>
<!DOCTYPE coverage SYSTEM "http://cobertura.sourceforge.net/xml/coverage-04.dtd">
<coverage lines-valid="9"  lines-covered="9"  line-rate="1"  branches-valid="5493"  branches-covered="2092"  branch-rate="0.38079999999999997"  timestamp="1453309292511" complexity="0" version="0.1">
<sources>
	<source>/Users/robevans/Dropbox/Development/ForerunnerDB</source>
</sources>
<packages>
	<package name="lib"  line-rate="1"  branch-rate="0.38079999999999997" >
	<classes>
		<class name="fdb-all.min.js"  filename="js/unitTests/lib/fdb-all.min.js"  line-rate="1"  branch-rate="0.38079999999999997" >
		<methods>
			<method name="a"  hits="1"  signature="()V" >
				<lines><line number="1"  hits="1" /></lines>
			</method>
			<method name="e"  hits="236"  signature="()V" >
				<lines><line number="1"  hits="236" /></lines>
			</method>
			<method name="(anonymous_3)"  hits="235"  signature="()V" >
				<lines><line number="1"  hits="235" /></lines>
			</method>
			<method name="(anonymous_4)"  hits="1"  signature="()V" >
				<lines><line number="1"  hits="1" /></lines>
			</method>
			<method name="(anonymous_5)"  hits="1"  signature="()V" >
				<lines><line number="1"  hits="1" /></lines>
			</method>
			<method name="(anonymous_6)"  hits="1"  signature="()V" >
				<lines><line number="1"  hits="1" /></lines>
			</method>
			<method name="(anonymous_7)"  hits="23"  signature="()V" >
				<lines><line number="1"  hits="23" /></lines>
			</method>
			<method name="(anonymous_8)"  hits="3179"  signature="()V" >
				<lines><line number="1"  hits="3179" /></lines>
			</method>
			<method name="(anonymous_9)"  hits="31203"  signature="()V" >
				<lines><line number="1"  hits="31203" /></lines>
			</method>
			<method name="(anonymous_10)"  hits="4148"  signature="()V" >
				<lines><line number="1"  hits="4148" /></lines>
			</method>
			<method name="(anonymous_11)"  hits="1"  signature="()V" >
				<lines><line number="1"  hits="1" /></lines>
			</method>
			<method name="(anonymous_12)"  hits="120"  signature="()V" >
				<lines><line number="1"  hits="120" /></lines>
			</method>
			<method name="(anonymous_13)"  hits="4268"  signature="()V" >
				<lines><line number="1"  hits="4268" /></lines>
			</method>
			<method name="(anonymous_14)"  hits="8"  signature="()V" >
				<lines><line number="1"  hits="8" /></lines>
			</method>
			<method name="(anonymous_15)"  hits="1"  signature="()V" >
				<lines><line number="1"  hits="1" /></lines>
			</method>
			<method name="(anonymous_16)"  hits="607"  signature="()V" >
				<lines><line number="1"  hits="607" /></lines>
			</method>
			<method name="(anonymous_17)"  hits="607"  signature="()V" >
				<lines><line number="1"  hits="607" /></lines>
			</method>
			<method name="(anonymous_18)"  hits="0"  signature="()V" >
				<lines><line number="1"  hits="0" /></lines>
			</method>
			<method name="(anonymous_19)"  hits="0"  signature="()V" >
				<lines><line number="1"  hits="0" /></lines>
			</method>
			<method name="(anonymous_20)"  hits="0"  signature="()V" >
				<lines><line number="1"  hits="0" /></lines>
			</method>
			<method name="(anonymous_21)"  hits="0"  signature="()V" >
				<lines><line number="1"  hits="0" /></lines>
			</method>
			<method name="(anonymous_22)"  hits="607"  signature="()V" >
				<lines><line number="1"  hits="607" /></lines>
			</method>
			<method name="(anonymous_23)"  hits="1"  signature="()V" >
				<lines><line number="1"  hits="1" /></lines>
			</method>
			<method name="(anonymous_24)"  hits="0"  signature="()V" >
				<lines><line number="1"  hits="0" /></lines>
			</method>
			<method name="(anonymous_25)"  hits="0"  signature="()V" >
				<lines><line number="1"  hits="0" /></lines>
			</method>
			<method name="(anonymous_26)"  hits="0"  signature="()V" >
				<lines><line number="1"  hits="0" /></lines>
			</method>
			<method name="(anonymous_27)"  hits="0"  signature="()V" >
				<lines><line number="1"  hits="0" /></lines>
			</method>
			<method name="(anonymous_28)"  hits="0"  signature="()V" >
				<lines><line number="1"  hits="0" /></lines>
			</method>
			<method name="(anonymous_29)"  hits="0"  signature="()V" >
				<lines><line number="1"  hits="0" /></lines>
			</method>
			<method name="(anonymous_30)"  hits="0"  signature="()V" >
				<lines><line number="1"  hits="0" /></lines>
			</method>
			<method name="(anonymous_31)"  hits="0"  signature="()V" >
				<lines><line number="1"  hits="0" /></lines>
			</method>
			<method name="(anonymous_32)"  hits="0"  signature="()V" >
				<lines><line number="1"  hits="0" /></lines>
			</method>
			<method name="(anonymous_33)"  hits="0"  signature="()V" >
				<lines><line number="1"  hits="0" /></lines>
			</method>
			<method name="(anonymous_34)"  hits="0"  signature="()V" >
				<lines><line number="1"  hits="0" /></lines>
			</method>
			<method name="(anonymous_35)"  hits="0"  signature="()V" >
				<lines><line number="1"  hits="0" /></lines>
			</method>
			<method name="(anonymous_36)"  hits="0"  signature="()V" >
				<lines><line number="1"  hits="0" /></lines>
			</method>
			<method name="(anonymous_37)"  hits="0"  signature="()V" >
				<lines><line number="1"  hits="0" /></lines>
			</method>
			<method name="(anonymous_38)"  hits="0"  signature="()V" >
				<lines><line number="1"  hits="0" /></lines>
			</method>
			<method name="(anonymous_39)"  hits="0"  signature="()V" >
				<lines><line number="1"  hits="0" /></lines>
			</method>
			<method name="(anonymous_40)"  hits="0"  signature="()V" >
				<lines><line number="1"  hits="0" /></lines>
			</method>
			<method name="(anonymous_41)"  hits="0"  signature="()V" >
				<lines><line number="1"  hits="0" /></lines>
			</method>
			<method name="(anonymous_42)"  hits="0"  signature="()V" >
				<lines><line number="1"  hits="0" /></lines>
			</method>
			<method name="(anonymous_43)"  hits="0"  signature="()V" >
				<lines><line number="1"  hits="0" /></lines>
			</method>
			<method name="(anonymous_44)"  hits="0"  signature="()V" >
				<lines><line number="1"  hits="0" /></lines>
			</method>
			<method name="(anonymous_45)"  hits="1"  signature="()V" >
				<lines><line number="1"  hits="1" /></lines>
			</method>
			<method name="(anonymous_46)"  hits="607"  signature="()V" >
				<lines><line number="1"  hits="607" /></lines>
			</method>
			<method name="(anonymous_47)"  hits="607"  signature="()V" >
				<lines><line number="1"  hits="607" /></lines>
			</method>
			<method name="(anonymous_48)"  hits="1"  signature="()V" >
				<lines><line number="1"  hits="1" /></lines>
			</method>
			<method name="(anonymous_49)"  hits="1"  signature="()V" >
				<lines><line number="1"  hits="1" /></lines>
			</method>
			<method name="(anonymous_50)"  hits="1"  signature="()V" >
				<lines><line number="1"  hits="1" /></lines>
			</method>
			<method name="(anonymous_51)"  hits="537"  signature="()V" >
				<lines><line number="1"  hits="537" /></lines>
			</method>
			<method name="(anonymous_52)"  hits="1801"  signature="()V" >
				<lines><line number="1"  hits="1801" /></lines>
			</method>
			<method name="(anonymous_53)"  hits="1266"  signature="()V" >
				<lines><line number="1"  hits="1266" /></lines>
			</method>
			<method name="(anonymous_54)"  hits="59"  signature="()V" >
				<lines><line number="1"  hits="59" /></lines>
			</method>
			<method name="(anonymous_55)"  hits="34"  signature="()V" >
				<lines><line number="1"  hits="34" /></lines>
			</method>
			<method name="(anonymous_56)"  hits="1689"  signature="()V" >
				<lines><line number="1"  hits="1689" /></lines>
			</method>
			<method name="(anonymous_57)"  hits="603"  signature="()V" >
				<lines><line number="1"  hits="603" /></lines>
			</method>
			<method name="(anonymous_58)"  hits="275"  signature="()V" >
				<lines><line number="1"  hits="275" /></lines>
			</method>
			<method name="(anonymous_59)"  hits="277"  signature="()V" >
				<lines><line number="1"  hits="277" /></lines>
			</method>
			<method name="(anonymous_60)"  hits="4227"  signature="()V" >
				<lines><line number="1"  hits="4227" /></lines>
			</method>
			<method name="(anonymous_61)"  hits="57"  signature="()V" >
				<lines><line number="1"  hits="57" /></lines>
			</method>
			<method name="(anonymous_62)"  hits="5"  signature="()V" >
				<lines><line number="1"  hits="5" /></lines>
			</method>
			<method name="(anonymous_63)"  hits="1"  signature="()V" >
				<lines><line number="1"  hits="1" /></lines>
			</method>
			<method name="(anonymous_64)"  hits="1"  signature="()V" >
				<lines><line number="1"  hits="1" /></lines>
			</method>
			<method name="(anonymous_65)"  hits="66"  signature="()V" >
				<lines><line number="1"  hits="66" /></lines>
			</method>
			<method name="(anonymous_66)"  hits="66"  signature="()V" >
				<lines><line number="1"  hits="66" /></lines>
			</method>
			<method name="(anonymous_67)"  hits="0"  signature="()V" >
				<lines><line number="1"  hits="0" /></lines>
			</method>
			<method name="(anonymous_68)"  hits="5"  signature="()V" >
				<lines><line number="1"  hits="5" /></lines>
			</method>
			<method name="(anonymous_69)"  hits="118"  signature="()V" >
				<lines><line number="1"  hits="118" /></lines>
			</method>
			<method name="(anonymous_70)"  hits="134"  signature="()V" >
				<lines><line number="1"  hits="134" /></lines>
			</method>
			<method name="(anonymous_71)"  hits="41"  signature="()V" >
				<lines><line number="1"  hits="41" /></lines>
			</method>
			<method name="(anonymous_72)"  hits="35"  signature="()V" >
				<lines><line number="1"  hits="35" /></lines>
			</method>
			<method name="(anonymous_73)"  hits="4"  signature="()V" >
				<lines><line number="1"  hits="4" /></lines>
			</method>
			<method name="(anonymous_74)"  hits="3"  signature="()V" >
				<lines><line number="1"  hits="3" /></lines>
			</method>
			<method name="(anonymous_75)"  hits="2"  signature="()V" >
				<lines><line number="1"  hits="2" /></lines>
			</method>
			<method name="(anonymous_76)"  hits="7"  signature="()V" >
				<lines><line number="1"  hits="7" /></lines>
			</method>
			<method name="(anonymous_77)"  hits="1223"  signature="()V" >
				<lines><line number="1"  hits="1223" /></lines>
			</method>
			<method name="(anonymous_78)"  hits="1267"  signature="()V" >
				<lines><line number="1"  hits="1267" /></lines>
			</method>
			<method name="(anonymous_79)"  hits="2506"  signature="()V" >
				<lines><line number="1"  hits="2506" /></lines>
			</method>
			<method name="(anonymous_80)"  hits="2500"  signature="()V" >
				<lines><line number="1"  hits="2500" /></lines>
			</method>
			<method name="(anonymous_81)"  hits="2485"  signature="()V" >
				<lines><line number="1"  hits="2485" /></lines>
			</method>
			<method name="(anonymous_82)"  hits="34"  signature="()V" >
				<lines><line number="1"  hits="34" /></lines>
			</method>
			<method name="(anonymous_83)"  hits="267"  signature="()V" >
				<lines><line number="1"  hits="267" /></lines>
			</method>
			<method name="(anonymous_84)"  hits="2566"  signature="()V" >
				<lines><line number="1"  hits="2566" /></lines>
			</method>
			<method name="(anonymous_85)"  hits="101"  signature="()V" >
				<lines><line number="1"  hits="101" /></lines>
			</method>
			<method name="(anonymous_86)"  hits="66"  signature="()V" >
				<lines><line number="1"  hits="66" /></lines>
			</method>
			<method name="(anonymous_87)"  hits="275"  signature="()V" >
				<lines><line number="1"  hits="275" /></lines>
			</method>
			<method name="(anonymous_88)"  hits="5"  signature="()V" >
				<lines><line number="1"  hits="5" /></lines>
			</method>
			<method name="(anonymous_89)"  hits="1"  signature="()V" >
				<lines><line number="1"  hits="1" /></lines>
			</method>
			<method name="(anonymous_90)"  hits="1"  signature="()V" >
				<lines><line number="1"  hits="1" /></lines>
			</method>
			<method name="(anonymous_91)"  hits="22"  signature="()V" >
				<lines><line number="1"  hits="22" /></lines>
			</method>
			<method name="(anonymous_92)"  hits="5"  signature="()V" >
				<lines><line number="1"  hits="5" /></lines>
			</method>
			<method name="(anonymous_93)"  hits="0"  signature="()V" >
				<lines><line number="1"  hits="0" /></lines>
			</method>
			<method name="(anonymous_94)"  hits="779"  signature="()V" >
				<lines><line number="1"  hits="779" /></lines>
			</method>
			<method name="(anonymous_95)"  hits="504"  signature="()V" >
				<lines><line number="1"  hits="504" /></lines>
			</method>
			<method name="(anonymous_96)"  hits="504"  signature="()V" >
				<lines><line number="1"  hits="504" /></lines>
			</method>
			<method name="(anonymous_97)"  hits="3668"  signature="()V" >
				<lines><line number="1"  hits="3668" /></lines>
			</method>
			<method name="(anonymous_98)"  hits="43"  signature="()V" >
				<lines><line number="2"  hits="43" /></lines>
			</method>
			<method name="(anonymous_99)"  hits="3"  signature="()V" >
				<lines><line number="2"  hits="3" /></lines>
			</method>
			<method name="(anonymous_100)"  hits="1"  signature="()V" >
				<lines><line number="2"  hits="1" /></lines>
			</method>
			<method name="(anonymous_101)"  hits="2"  signature="()V" >
				<lines><line number="2"  hits="2" /></lines>
			</method>
			<method name="(anonymous_102)"  hits="0"  signature="()V" >
				<lines><line number="2"  hits="0" /></lines>
			</method>
			<method name="(anonymous_103)"  hits="4"  signature="()V" >
				<lines><line number="2"  hits="4" /></lines>
			</method>
			<method name="(anonymous_104)"  hits="1564"  signature="()V" >
				<lines><line number="2"  hits="1564" /></lines>
			</method>
			<method name="(anonymous_105)"  hits="1"  signature="()V" >
				<lines><line number="2"  hits="1" /></lines>
			</method>
			<method name="(anonymous_106)"  hits="51"  signature="()V" >
				<lines><line number="2"  hits="51" /></lines>
			</method>
			<method name="(anonymous_107)"  hits="8980"  signature="()V" >
				<lines><line number="2"  hits="8980" /></lines>
			</method>
			<method name="(anonymous_108)"  hits="0"  signature="()V" >
				<lines><line number="2"  hits="0" /></lines>
			</method>
			<method name="(anonymous_109)"  hits="0"  signature="()V" >
				<lines><line number="2"  hits="0" /></lines>
			</method>
			<method name="(anonymous_110)"  hits="0"  signature="()V" >
				<lines><line number="2"  hits="0" /></lines>
			</method>
			<method name="(anonymous_111)"  hits="500"  signature="()V" >
				<lines><line number="2"  hits="500" /></lines>
			</method>
			<method name="(anonymous_112)"  hits="0"  signature="()V" >
				<lines><line number="2"  hits="0" /></lines>
			</method>
			<method name="(anonymous_113)"  hits="10"  signature="()V" >
				<lines><line number="2"  hits="10" /></lines>
			</method>
			<method name="(anonymous_114)"  hits="145"  signature="()V" >
				<lines><line number="2"  hits="145" /></lines>
			</method>
			<method name="(anonymous_115)"  hits="8"  signature="()V" >
				<lines><line number="2"  hits="8" /></lines>
			</method>
			<method name="(anonymous_116)"  hits="8"  signature="()V" >
				<lines><line number="2"  hits="8" /></lines>
			</method>
			<method name="(anonymous_117)"  hits="0"  signature="()V" >
				<lines><line number="2"  hits="0" /></lines>
			</method>
			<method name="(anonymous_118)"  hits="2506"  signature="()V" >
				<lines><line number="2"  hits="2506" /></lines>
			</method>
			<method name="(anonymous_119)"  hits="0"  signature="()V" >
				<lines><line number="2"  hits="0" /></lines>
			</method>
			<method name="(anonymous_120)"  hits="0"  signature="()V" >
				<lines><line number="2"  hits="0" /></lines>
			</method>
			<method name="(anonymous_121)"  hits="1"  signature="()V" >
				<lines><line number="2"  hits="1" /></lines>
			</method>
			<method name="(anonymous_122)"  hits="2"  signature="()V" >
				<lines><line number="2"  hits="2" /></lines>
			</method>
			<method name="(anonymous_123)"  hits="0"  signature="()V" >
				<lines><line number="2"  hits="0" /></lines>
			</method>
			<method name="(anonymous_124)"  hits="0"  signature="()V" >
				<lines><line number="2"  hits="0" /></lines>
			</method>
			<method name="(anonymous_125)"  hits="1"  signature="()V" >
				<lines><line number="2"  hits="1" /></lines>
			</method>
			<method name="(anonymous_126)"  hits="1"  signature="()V" >
				<lines><line number="2"  hits="1" /></lines>
			</method>
			<method name="(anonymous_127)"  hits="0"  signature="()V" >
				<lines><line number="2"  hits="0" /></lines>
			</method>
			<method name="(anonymous_128)"  hits="1"  signature="()V" >
				<lines><line number="2"  hits="1" /></lines>
			</method>
			<method name="(anonymous_129)"  hits="683"  signature="()V" >
				<lines><line number="2"  hits="683" /></lines>
			</method>
			<method name="(anonymous_130)"  hits="0"  signature="()V" >
				<lines><line number="2"  hits="0" /></lines>
			</method>
			<method name="(anonymous_131)"  hits="5"  signature="()V" >
				<lines><line number="2"  hits="5" /></lines>
			</method>
			<method name="(anonymous_132)"  hits="0"  signature="()V" >
				<lines><line number="2"  hits="0" /></lines>
			</method>
			<method name="(anonymous_133)"  hits="688"  signature="()V" >
				<lines><line number="2"  hits="688" /></lines>
			</method>
			<method name="(anonymous_134)"  hits="57"  signature="()V" >
				<lines><line number="2"  hits="57" /></lines>
			</method>
			<method name="(anonymous_135)"  hits="0"  signature="()V" >
				<lines><line number="2"  hits="0" /></lines>
			</method>
			<method name="(anonymous_136)"  hits="203"  signature="()V" >
				<lines><line number="2"  hits="203" /></lines>
			</method>
			<method name="(anonymous_137)"  hits="9"  signature="()V" >
				<lines><line number="2"  hits="9" /></lines>
			</method>
			<method name="(anonymous_138)"  hits="1"  signature="()V" >
				<lines><line number="2"  hits="1" /></lines>
			</method>
			<method name="(anonymous_139)"  hits="19"  signature="()V" >
				<lines><line number="2"  hits="19" /></lines>
			</method>
			<method name="(anonymous_140)"  hits="19"  signature="()V" >
				<lines><line number="2"  hits="19" /></lines>
			</method>
			<method name="(anonymous_141)"  hits="12"  signature="()V" >
				<lines><line number="2"  hits="12" /></lines>
			</method>
			<method name="(anonymous_142)"  hits="1"  signature="()V" >
				<lines><line number="2"  hits="1" /></lines>
			</method>
			<method name="(anonymous_143)"  hits="0"  signature="()V" >
				<lines><line number="2"  hits="0" /></lines>
			</method>
			<method name="(anonymous_144)"  hits="23"  signature="()V" >
				<lines><line number="2"  hits="23" /></lines>
			</method>
			<method name="(anonymous_145)"  hits="21"  signature="()V" >
				<lines><line number="2"  hits="21" /></lines>
			</method>
			<method name="(anonymous_146)"  hits="21"  signature="()V" >
				<lines><line number="2"  hits="21" /></lines>
			</method>
			<method name="(anonymous_147)"  hits="21"  signature="()V" >
				<lines><line number="2"  hits="21" /></lines>
			</method>
			<method name="(anonymous_148)"  hits="28"  signature="()V" >
				<lines><line number="2"  hits="28" /></lines>
			</method>
			<method name="(anonymous_149)"  hits="0"  signature="()V" >
				<lines><line number="2"  hits="0" /></lines>
			</method>
			<method name="(anonymous_150)"  hits="0"  signature="()V" >
				<lines><line number="2"  hits="0" /></lines>
			</method>
			<method name="(anonymous_151)"  hits="0"  signature="()V" >
				<lines><line number="2"  hits="0" /></lines>
			</method>
			<method name="(anonymous_152)"  hits="0"  signature="()V" >
				<lines><line number="2"  hits="0" /></lines>
			</method>
			<method name="(anonymous_153)"  hits="0"  signature="()V" >
				<lines><line number="2"  hits="0" /></lines>
			</method>
			<method name="(anonymous_154)"  hits="13"  signature="()V" >
				<lines><line number="2"  hits="13" /></lines>
			</method>
			<method name="(anonymous_155)"  hits="0"  signature="()V" >
				<lines><line number="2"  hits="0" /></lines>
			</method>
			<method name="(anonymous_156)"  hits="0"  signature="()V" >
				<lines><line number="2"  hits="0" /></lines>
			</method>
			<method name="(anonymous_157)"  hits="0"  signature="()V" >
				<lines><line number="2"  hits="0" /></lines>
			</method>
			<method name="(anonymous_158)"  hits="205"  signature="()V" >
				<lines><line number="2"  hits="205" /></lines>
			</method>
			<method name="(anonymous_159)"  hits="19"  signature="()V" >
				<lines><line number="2"  hits="19" /></lines>
			</method>
			<method name="(anonymous_160)"  hits="0"  signature="()V" >
				<lines><line number="2"  hits="0" /></lines>
			</method>
			<method name="(anonymous_161)"  hits="1"  signature="()V" >
				<lines><line number="2"  hits="1" /></lines>
			</method>
			<method name="(anonymous_162)"  hits="2"  signature="()V" >
				<lines><line number="2"  hits="2" /></lines>
			</method>
			<method name="(anonymous_163)"  hits="2"  signature="()V" >
				<lines><line number="2"  hits="2" /></lines>
			</method>
			<method name="(anonymous_164)"  hits="0"  signature="()V" >
				<lines><line number="2"  hits="0" /></lines>
			</method>
			<method name="(anonymous_165)"  hits="0"  signature="()V" >
				<lines><line number="2"  hits="0" /></lines>
			</method>
			<method name="(anonymous_166)"  hits="0"  signature="()V" >
				<lines><line number="2"  hits="0" /></lines>
			</method>
			<method name="(anonymous_167)"  hits="0"  signature="()V" >
				<lines><line number="2"  hits="0" /></lines>
			</method>
			<method name="(anonymous_168)"  hits="18"  signature="()V" >
				<lines><line number="2"  hits="18" /></lines>
			</method>
			<method name="(anonymous_169)"  hits="1"  signature="()V" >
				<lines><line number="2"  hits="1" /></lines>
			</method>
			<method name="(anonymous_170)"  hits="0"  signature="()V" >
				<lines><line number="2"  hits="0" /></lines>
			</method>
			<method name="(anonymous_171)"  hits="0"  signature="()V" >
				<lines><line number="2"  hits="0" /></lines>
			</method>
			<method name="(anonymous_172)"  hits="0"  signature="()V" >
				<lines><line number="2"  hits="0" /></lines>
			</method>
			<method name="(anonymous_173)"  hits="0"  signature="()V" >
				<lines><line number="2"  hits="0" /></lines>
			</method>
			<method name="(anonymous_174)"  hits="0"  signature="()V" >
				<lines><line number="2"  hits="0" /></lines>
			</method>
			<method name="(anonymous_175)"  hits="1"  signature="()V" >
				<lines><line number="2"  hits="1" /></lines>
			</method>
			<method name="(anonymous_176)"  hits="1"  signature="()V" >
				<lines><line number="2"  hits="1" /></lines>
			</method>
			<method name="(anonymous_177)"  hits="0"  signature="()V" >
				<lines><line number="2"  hits="0" /></lines>
			</method>
			<method name="(anonymous_178)"  hits="1"  signature="()V" >
				<lines><line number="2"  hits="1" /></lines>
			</method>
			<method name="(anonymous_179)"  hits="205"  signature="()V" >
				<lines><line number="2"  hits="205" /></lines>
			</method>
			<method name="(anonymous_180)"  hits="205"  signature="()V" >
				<lines><line number="2"  hits="205" /></lines>
			</method>
			<method name="(anonymous_181)"  hits="0"  signature="()V" >
				<lines><line number="2"  hits="0" /></lines>
			</method>
			<method name="(anonymous_182)"  hits="0"  signature="()V" >
				<lines><line number="2"  hits="0" /></lines>
			</method>
			<method name="(anonymous_183)"  hits="0"  signature="()V" >
				<lines><line number="2"  hits="0" /></lines>
			</method>
			<method name="(anonymous_184)"  hits="0"  signature="()V" >
				<lines><line number="2"  hits="0" /></lines>
			</method>
			<method name="(anonymous_185)"  hits="0"  signature="()V" >
				<lines><line number="2"  hits="0" /></lines>
			</method>
			<method name="(anonymous_186)"  hits="0"  signature="()V" >
				<lines><line number="2"  hits="0" /></lines>
			</method>
			<method name="(anonymous_187)"  hits="205"  signature="()V" >
				<lines><line number="2"  hits="205" /></lines>
			</method>
			<method name="(anonymous_188)"  hits="0"  signature="()V" >
				<lines><line number="2"  hits="0" /></lines>
			</method>
			<method name="(anonymous_189)"  hits="0"  signature="()V" >
				<lines><line number="2"  hits="0" /></lines>
			</method>
			<method name="(anonymous_190)"  hits="0"  signature="()V" >
				<lines><line number="2"  hits="0" /></lines>
			</method>
			<method name="(anonymous_191)"  hits="0"  signature="()V" >
				<lines><line number="2"  hits="0" /></lines>
			</method>
			<method name="(anonymous_192)"  hits="816"  signature="()V" >
				<lines><line number="2"  hits="816" /></lines>
			</method>
			<method name="(anonymous_193)"  hits="0"  signature="()V" >
				<lines><line number="2"  hits="0" /></lines>
			</method>
			<method name="(anonymous_194)"  hits="1"  signature="()V" >
				<lines><line number="2"  hits="1" /></lines>
			</method>
			<method name="(anonymous_195)"  hits="1"  signature="()V" >
				<lines><line number="2"  hits="1" /></lines>
			</method>
			<method name="(anonymous_196)"  hits="199"  signature="()V" >
				<lines><line number="2"  hits="199" /></lines>
			</method>
			<method name="(anonymous_197)"  hits="0"  signature="()V" >
				<lines><line number="2"  hits="0" /></lines>
			</method>
			<method name="(anonymous_198)"  hits="0"  signature="()V" >
				<lines><line number="2"  hits="0" /></lines>
			</method>
			<method name="(anonymous_199)"  hits="5"  signature="()V" >
				<lines><line number="2"  hits="5" /></lines>
			</method>
			<method name="(anonymous_200)"  hits="0"  signature="()V" >
				<lines><line number="2"  hits="0" /></lines>
			</method>
			<method name="(anonymous_201)"  hits="0"  signature="()V" >
				<lines><line number="2"  hits="0" /></lines>
			</method>
			<method name="(anonymous_202)"  hits="207"  signature="()V" >
				<lines><line number="2"  hits="207" /></lines>
			</method>
			<method name="(anonymous_203)"  hits="0"  signature="()V" >
				<lines><line number="2"  hits="0" /></lines>
			</method>
			<method name="(anonymous_204)"  hits="0"  signature="()V" >
				<lines><line number="2"  hits="0" /></lines>
			</method>
			<method name="(anonymous_205)"  hits="1"  signature="()V" >
				<lines><line number="2"  hits="1" /></lines>
			</method>
			<method name="(anonymous_206)"  hits="7"  signature="()V" >
				<lines><line number="2"  hits="7" /></lines>
			</method>
			<method name="(anonymous_207)"  hits="7"  signature="()V" >
				<lines><line number="2"  hits="7" /></lines>
			</method>
			<method name="(anonymous_208)"  hits="10"  signature="()V" >
				<lines><line number="2"  hits="10" /></lines>
			</method>
			<method name="(anonymous_209)"  hits="0"  signature="()V" >
				<lines><line number="2"  hits="0" /></lines>
			</method>
			<method name="(anonymous_210)"  hits="1"  signature="()V" >
				<lines><line number="2"  hits="1" /></lines>
			</method>
			<method name="(anonymous_211)"  hits="11"  signature="()V" >
				<lines><line number="2"  hits="11" /></lines>
			</method>
			<method name="(anonymous_212)"  hits="3"  signature="()V" >
				<lines><line number="2"  hits="3" /></lines>
			</method>
			<method name="(anonymous_213)"  hits="0"  signature="()V" >
				<lines><line number="2"  hits="0" /></lines>
			</method>
			<method name="(anonymous_214)"  hits="0"  signature="()V" >
				<lines><line number="2"  hits="0" /></lines>
			</method>
			<method name="(anonymous_215)"  hits="0"  signature="()V" >
				<lines><line number="2"  hits="0" /></lines>
			</method>
			<method name="(anonymous_216)"  hits="0"  signature="()V" >
				<lines><line number="2"  hits="0" /></lines>
			</method>
			<method name="(anonymous_217)"  hits="0"  signature="()V" >
				<lines><line number="2"  hits="0" /></lines>
			</method>
			<method name="(anonymous_218)"  hits="0"  signature="()V" >
				<lines><line number="2"  hits="0" /></lines>
			</method>
			<method name="(anonymous_219)"  hits="0"  signature="()V" >
				<lines><line number="2"  hits="0" /></lines>
			</method>
			<method name="(anonymous_220)"  hits="1"  signature="()V" >
				<lines><line number="2"  hits="1" /></lines>
			</method>
			<method name="(anonymous_221)"  hits="0"  signature="()V" >
				<lines><line number="2"  hits="0" /></lines>
			</method>
			<method name="(anonymous_222)"  hits="7"  signature="()V" >
				<lines><line number="2"  hits="7" /></lines>
			</method>
			<method name="(anonymous_223)"  hits="0"  signature="()V" >
				<lines><line number="2"  hits="0" /></lines>
			</method>
			<method name="(anonymous_224)"  hits="1"  signature="()V" >
				<lines><line number="2"  hits="1" /></lines>
			</method>
			<method name="(anonymous_225)"  hits="1"  signature="()V" >
				<lines><line number="2"  hits="1" /></lines>
			</method>
			<method name="(anonymous_226)"  hits="0"  signature="()V" >
				<lines><line number="2"  hits="0" /></lines>
			</method>
			<method name="(anonymous_227)"  hits="0"  signature="()V" >
				<lines><line number="2"  hits="0" /></lines>
			</method>
			<method name="(anonymous_228)"  hits="0"  signature="()V" >
				<lines><line number="2"  hits="0" /></lines>
			</method>
			<method name="(anonymous_229)"  hits="0"  signature="()V" >
				<lines><line number="2"  hits="0" /></lines>
			</method>
			<method name="(anonymous_230)"  hits="0"  signature="()V" >
				<lines><line number="2"  hits="0" /></lines>
			</method>
			<method name="(anonymous_231)"  hits="1"  signature="()V" >
				<lines><line number="2"  hits="1" /></lines>
			</method>
			<method name="(anonymous_232)"  hits="3"  signature="()V" >
				<lines><line number="2"  hits="3" /></lines>
			</method>
			<method name="(anonymous_233)"  hits="3"  signature="()V" >
				<lines><line number="2"  hits="3" /></lines>
			</method>
			<method name="(anonymous_234)"  hits="0"  signature="()V" >
				<lines><line number="2"  hits="0" /></lines>
			</method>
			<method name="(anonymous_235)"  hits="0"  signature="()V" >
				<lines><line number="2"  hits="0" /></lines>
			</method>
			<method name="(anonymous_236)"  hits="0"  signature="()V" >
				<lines><line number="2"  hits="0" /></lines>
			</method>
			<method name="(anonymous_237)"  hits="0"  signature="()V" >
				<lines><line number="2"  hits="0" /></lines>
			</method>
			<method name="(anonymous_238)"  hits="0"  signature="()V" >
				<lines><line number="2"  hits="0" /></lines>
			</method>
			<method name="(anonymous_239)"  hits="2"  signature="()V" >
				<lines><line number="2"  hits="2" /></lines>
			</method>
			<method name="(anonymous_240)"  hits="3"  signature="()V" >
				<lines><line number="2"  hits="3" /></lines>
			</method>
			<method name="(anonymous_241)"  hits="0"  signature="()V" >
				<lines><line number="2"  hits="0" /></lines>
			</method>
			<method name="(anonymous_242)"  hits="2"  signature="()V" >
				<lines><line number="2"  hits="2" /></lines>
			</method>
			<method name="(anonymous_243)"  hits="4"  signature="()V" >
				<lines><line number="2"  hits="4" /></lines>
			</method>
			<method name="(anonymous_244)"  hits="0"  signature="()V" >
				<lines><line number="2"  hits="0" /></lines>
			</method>
			<method name="(anonymous_245)"  hits="2"  signature="()V" >
				<lines><line number="2"  hits="2" /></lines>
			</method>
			<method name="(anonymous_246)"  hits="0"  signature="()V" >
				<lines><line number="2"  hits="0" /></lines>
			</method>
			<method name="(anonymous_247)"  hits="6"  signature="()V" >
				<lines><line number="2"  hits="6" /></lines>
			</method>
			<method name="(anonymous_248)"  hits="0"  signature="()V" >
				<lines><line number="3"  hits="0" /></lines>
			</method>
			<method name="(anonymous_249)"  hits="0"  signature="()V" >
				<lines><line number="3"  hits="0" /></lines>
			</method>
			<method name="(anonymous_250)"  hits="0"  signature="()V" >
				<lines><line number="3"  hits="0" /></lines>
			</method>
			<method name="(anonymous_251)"  hits="0"  signature="()V" >
				<lines><line number="3"  hits="0" /></lines>
			</method>
			<method name="(anonymous_252)"  hits="2"  signature="()V" >
				<lines><line number="3"  hits="2" /></lines>
			</method>
			<method name="(anonymous_253)"  hits="0"  signature="()V" >
				<lines><line number="3"  hits="0" /></lines>
			</method>
			<method name="(anonymous_254)"  hits="0"  signature="()V" >
				<lines><line number="3"  hits="0" /></lines>
			</method>
			<method name="(anonymous_255)"  hits="2"  signature="()V" >
				<lines><line number="3"  hits="2" /></lines>
			</method>
			<method name="(anonymous_256)"  hits="205"  signature="()V" >
				<lines><line number="3"  hits="205" /></lines>
			</method>
			<method name="(anonymous_257)"  hits="0"  signature="()V" >
				<lines><line number="3"  hits="0" /></lines>
			</method>
			<method name="(anonymous_258)"  hits="1"  signature="()V" >
				<lines><line number="3"  hits="1" /></lines>
			</method>
			<method name="(anonymous_259)"  hits="0"  signature="()V" >
				<lines><line number="3"  hits="0" /></lines>
			</method>
			<method name="(anonymous_260)"  hits="0"  signature="()V" >
				<lines><line number="3"  hits="0" /></lines>
			</method>
			<method name="(anonymous_261)"  hits="1"  signature="()V" >
				<lines><line number="3"  hits="1" /></lines>
			</method>
			<method name="(anonymous_262)"  hits="1"  signature="()V" >
				<lines><line number="3"  hits="1" /></lines>
			</method>
			<method name="(anonymous_263)"  hits="1"  signature="()V" >
				<lines><line number="3"  hits="1" /></lines>
			</method>
			<method name="(anonymous_264)"  hits="0"  signature="()V" >
				<lines><line number="3"  hits="0" /></lines>
			</method>
			<method name="(anonymous_265)"  hits="1"  signature="()V" >
				<lines><line number="3"  hits="1" /></lines>
			</method>
			<method name="(anonymous_266)"  hits="1"  signature="()V" >
				<lines><line number="3"  hits="1" /></lines>
			</method>
			<method name="(anonymous_267)"  hits="0"  signature="()V" >
				<lines><line number="3"  hits="0" /></lines>
			</method>
			<method name="(anonymous_268)"  hits="1"  signature="()V" >
				<lines><line number="3"  hits="1" /></lines>
			</method>
			<method name="(anonymous_269)"  hits="0"  signature="()V" >
				<lines><line number="3"  hits="0" /></lines>
			</method>
			<method name="(anonymous_270)"  hits="1"  signature="()V" >
				<lines><line number="3"  hits="1" /></lines>
			</method>
			<method name="(anonymous_271)"  hits="607"  signature="()V" >
				<lines><line number="3"  hits="607" /></lines>
			</method>
			<method name="(anonymous_272)"  hits="0"  signature="()V" >
				<lines><line number="3"  hits="0" /></lines>
			</method>
			<method name="(anonymous_273)"  hits="0"  signature="()V" >
				<lines><line number="3"  hits="0" /></lines>
			</method>
			<method name="(anonymous_274)"  hits="0"  signature="()V" >
				<lines><line number="3"  hits="0" /></lines>
			</method>
			<method name="(anonymous_275)"  hits="1"  signature="()V" >
				<lines><line number="3"  hits="1" /></lines>
			</method>
			<method name="(anonymous_276)"  hits="1"  signature="()V" >
				<lines><line number="3"  hits="1" /></lines>
			</method>
			<method name="(anonymous_277)"  hits="0"  signature="()V" >
				<lines><line number="3"  hits="0" /></lines>
			</method>
			<method name="(anonymous_278)"  hits="0"  signature="()V" >
				<lines><line number="3"  hits="0" /></lines>
			</method>
			<method name="(anonymous_279)"  hits="0"  signature="()V" >
				<lines><line number="3"  hits="0" /></lines>
			</method>
			<method name="(anonymous_280)"  hits="0"  signature="()V" >
				<lines><line number="3"  hits="0" /></lines>
			</method>
			<method name="(anonymous_281)"  hits="0"  signature="()V" >
				<lines><line number="3"  hits="0" /></lines>
			</method>
			<method name="(anonymous_282)"  hits="0"  signature="()V" >
				<lines><line number="3"  hits="0" /></lines>
			</method>
			<method name="(anonymous_283)"  hits="0"  signature="()V" >
				<lines><line number="3"  hits="0" /></lines>
			</method>
			<method name="(anonymous_284)"  hits="0"  signature="()V" >
				<lines><line number="3"  hits="0" /></lines>
			</method>
			<method name="(anonymous_285)"  hits="0"  signature="()V" >
				<lines><line number="3"  hits="0" /></lines>
			</method>
			<method name="(anonymous_286)"  hits="1"  signature="()V" >
				<lines><line number="3"  hits="1" /></lines>
			</method>
			<method name="(anonymous_287)"  hits="0"  signature="()V" >
				<lines><line number="3"  hits="0" /></lines>
			</method>
			<method name="(anonymous_288)"  hits="0"  signature="()V" >
				<lines><line number="3"  hits="0" /></lines>
			</method>
			<method name="(anonymous_289)"  hits="0"  signature="()V" >
				<lines><line number="3"  hits="0" /></lines>
			</method>
			<method name="(anonymous_290)"  hits="0"  signature="()V" >
				<lines><line number="3"  hits="0" /></lines>
			</method>
			<method name="(anonymous_291)"  hits="0"  signature="()V" >
				<lines><line number="3"  hits="0" /></lines>
			</method>
			<method name="(anonymous_292)"  hits="0"  signature="()V" >
				<lines><line number="3"  hits="0" /></lines>
			</method>
			<method name="(anonymous_293)"  hits="0"  signature="()V" >
				<lines><line number="3"  hits="0" /></lines>
			</method>
			<method name="(anonymous_294)"  hits="0"  signature="()V" >
				<lines><line number="3"  hits="0" /></lines>
			</method>
			<method name="(anonymous_295)"  hits="0"  signature="()V" >
				<lines><line number="3"  hits="0" /></lines>
			</method>
			<method name="(anonymous_296)"  hits="0"  signature="()V" >
				<lines><line number="3"  hits="0" /></lines>
			</method>
			<method name="(anonymous_297)"  hits="0"  signature="()V" >
				<lines><line number="3"  hits="0" /></lines>
			</method>
			<method name="(anonymous_298)"  hits="0"  signature="()V" >
				<lines><line number="3"  hits="0" /></lines>
			</method>
			<method name="(anonymous_299)"  hits="0"  signature="()V" >
				<lines><line number="3"  hits="0" /></lines>
			</method>
			<method name="(anonymous_300)"  hits="0"  signature="()V" >
				<lines><line number="3"  hits="0" /></lines>
			</method>
			<method name="(anonymous_301)"  hits="0"  signature="()V" >
				<lines><line number="3"  hits="0" /></lines>
			</method>
			<method name="(anonymous_302)"  hits="0"  signature="()V" >
				<lines><line number="3"  hits="0" /></lines>
			</method>
			<method name="(anonymous_303)"  hits="0"  signature="()V" >
				<lines><line number="3"  hits="0" /></lines>
			</method>
			<method name="(anonymous_304)"  hits="0"  signature="()V" >
				<lines><line number="3"  hits="0" /></lines>
			</method>
			<method name="(anonymous_305)"  hits="0"  signature="()V" >
				<lines><line number="3"  hits="0" /></lines>
			</method>
			<method name="(anonymous_306)"  hits="0"  signature="()V" >
				<lines><line number="3"  hits="0" /></lines>
			</method>
			<method name="(anonymous_307)"  hits="0"  signature="()V" >
				<lines><line number="3"  hits="0" /></lines>
			</method>
			<method name="(anonymous_308)"  hits="1"  signature="()V" >
				<lines><line number="3"  hits="1" /></lines>
			</method>
			<method name="(anonymous_309)"  hits="0"  signature="()V" >
				<lines><line number="3"  hits="0" /></lines>
			</method>
			<method name="(anonymous_310)"  hits="0"  signature="()V" >
				<lines><line number="3"  hits="0" /></lines>
			</method>
			<method name="(anonymous_311)"  hits="0"  signature="()V" >
				<lines><line number="3"  hits="0" /></lines>
			</method>
			<method name="(anonymous_312)"  hits="0"  signature="()V" >
				<lines><line number="3"  hits="0" /></lines>
			</method>
			<method name="(anonymous_313)"  hits="0"  signature="()V" >
				<lines><line number="3"  hits="0" /></lines>
			</method>
			<method name="(anonymous_314)"  hits="0"  signature="()V" >
				<lines><line number="3"  hits="0" /></lines>
			</method>
			<method name="(anonymous_315)"  hits="0"  signature="()V" >
				<lines><line number="3"  hits="0" /></lines>
			</method>
			<method name="(anonymous_316)"  hits="0"  signature="()V" >
				<lines><line number="3"  hits="0" /></lines>
			</method>
			<method name="(anonymous_317)"  hits="0"  signature="()V" >
				<lines><line number="3"  hits="0" /></lines>
			</method>
			<method name="(anonymous_318)"  hits="0"  signature="()V" >
				<lines><line number="3"  hits="0" /></lines>
			</method>
			<method name="(anonymous_319)"  hits="0"  signature="()V" >
				<lines><line number="3"  hits="0" /></lines>
			</method>
			<method name="(anonymous_320)"  hits="0"  signature="()V" >
				<lines><line number="3"  hits="0" /></lines>
			</method>
			<method name="(anonymous_321)"  hits="0"  signature="()V" >
				<lines><line number="3"  hits="0" /></lines>
			</method>
			<method name="(anonymous_322)"  hits="0"  signature="()V" >
				<lines><line number="3"  hits="0" /></lines>
			</method>
			<method name="(anonymous_323)"  hits="0"  signature="()V" >
				<lines><line number="3"  hits="0" /></lines>
			</method>
			<method name="(anonymous_324)"  hits="0"  signature="()V" >
				<lines><line number="3"  hits="0" /></lines>
			</method>
			<method name="(anonymous_325)"  hits="1"  signature="()V" >
				<lines><line number="3"  hits="1" /></lines>
			</method>
			<method name="(anonymous_326)"  hits="0"  signature="()V" >
				<lines><line number="3"  hits="0" /></lines>
			</method>
			<method name="(anonymous_327)"  hits="0"  signature="()V" >
				<lines><line number="3"  hits="0" /></lines>
			</method>
			<method name="(anonymous_328)"  hits="0"  signature="()V" >
				<lines><line number="3"  hits="0" /></lines>
			</method>
			<method name="(anonymous_329)"  hits="0"  signature="()V" >
				<lines><line number="3"  hits="0" /></lines>
			</method>
			<method name="(anonymous_330)"  hits="0"  signature="()V" >
				<lines><line number="3"  hits="0" /></lines>
			</method>
			<method name="(anonymous_331)"  hits="0"  signature="()V" >
				<lines><line number="3"  hits="0" /></lines>
			</method>
			<method name="(anonymous_332)"  hits="0"  signature="()V" >
				<lines><line number="3"  hits="0" /></lines>
			</method>
			<method name="(anonymous_333)"  hits="0"  signature="()V" >
				<lines><line number="3"  hits="0" /></lines>
			</method>
			<method name="(anonymous_334)"  hits="0"  signature="()V" >
				<lines><line number="3"  hits="0" /></lines>
			</method>
			<method name="(anonymous_335)"  hits="0"  signature="()V" >
				<lines><line number="3"  hits="0" /></lines>
			</method>
			<method name="(anonymous_336)"  hits="0"  signature="()V" >
				<lines><line number="3"  hits="0" /></lines>
			</method>
			<method name="(anonymous_337)"  hits="0"  signature="()V" >
				<lines><line number="3"  hits="0" /></lines>
			</method>
			<method name="(anonymous_338)"  hits="0"  signature="()V" >
				<lines><line number="3"  hits="0" /></lines>
			</method>
			<method name="(anonymous_339)"  hits="0"  signature="()V" >
				<lines><line number="3"  hits="0" /></lines>
			</method>
			<method name="(anonymous_340)"  hits="0"  signature="()V" >
				<lines><line number="3"  hits="0" /></lines>
			</method>
			<method name="(anonymous_341)"  hits="0"  signature="()V" >
				<lines><line number="3"  hits="0" /></lines>
			</method>
			<method name="(anonymous_342)"  hits="0"  signature="()V" >
				<lines><line number="3"  hits="0" /></lines>
			</method>
			<method name="(anonymous_343)"  hits="0"  signature="()V" >
				<lines><line number="3"  hits="0" /></lines>
			</method>
			<method name="(anonymous_344)"  hits="0"  signature="()V" >
				<lines><line number="3"  hits="0" /></lines>
			</method>
			<method name="(anonymous_345)"  hits="0"  signature="()V" >
				<lines><line number="3"  hits="0" /></lines>
			</method>
			<method name="(anonymous_346)"  hits="0"  signature="()V" >
				<lines><line number="3"  hits="0" /></lines>
			</method>
			<method name="(anonymous_347)"  hits="0"  signature="()V" >
				<lines><line number="3"  hits="0" /></lines>
			</method>
			<method name="(anonymous_348)"  hits="0"  signature="()V" >
				<lines><line number="3"  hits="0" /></lines>
			</method>
			<method name="(anonymous_349)"  hits="1"  signature="()V" >
				<lines><line number="3"  hits="1" /></lines>
			</method>
			<method name="(anonymous_350)"  hits="1992"  signature="()V" >
				<lines><line number="3"  hits="1992" /></lines>
			</method>
			<method name="(anonymous_351)"  hits="1992"  signature="()V" >
				<lines><line number="3"  hits="1992" /></lines>
			</method>
			<method name="(anonymous_352)"  hits="2"  signature="()V" >
				<lines><line number="3"  hits="2" /></lines>
			</method>
			<method name="(anonymous_353)"  hits="831"  signature="()V" >
				<lines><line number="3"  hits="831" /></lines>
			</method>
			<method name="(anonymous_354)"  hits="3442"  signature="()V" >
				<lines><line number="3"  hits="3442" /></lines>
			</method>
			<method name="(anonymous_355)"  hits="3089"  signature="()V" >
				<lines><line number="3"  hits="3089" /></lines>
			</method>
			<method name="(anonymous_356)"  hits="304"  signature="()V" >
				<lines><line number="3"  hits="304" /></lines>
			</method>
			<method name="(anonymous_357)"  hits="303"  signature="()V" >
				<lines><line number="3"  hits="303" /></lines>
			</method>
			<method name="(anonymous_358)"  hits="9419"  signature="()V" >
				<lines><line number="3"  hits="9419" /></lines>
			</method>
			<method name="(anonymous_359)"  hits="1"  signature="()V" >
				<lines><line number="3"  hits="1" /></lines>
			</method>
			<method name="(anonymous_360)"  hits="607"  signature="()V" >
				<lines><line number="3"  hits="607" /></lines>
			</method>
			<method name="(anonymous_361)"  hits="607"  signature="()V" >
				<lines><line number="3"  hits="607" /></lines>
			</method>
			<method name="(anonymous_362)"  hits="845"  signature="()V" >
				<lines><line number="3"  hits="845" /></lines>
			</method>
			<method name="(anonymous_363)"  hits="0"  signature="()V" >
				<lines><line number="3"  hits="0" /></lines>
			</method>
			<method name="(anonymous_364)"  hits="0"  signature="()V" >
				<lines><line number="3"  hits="0" /></lines>
			</method>
			<method name="(anonymous_365)"  hits="0"  signature="()V" >
				<lines><line number="3"  hits="0" /></lines>
			</method>
			<method name="(anonymous_366)"  hits="1"  signature="()V" >
				<lines><line number="3"  hits="1" /></lines>
			</method>
			<method name="(anonymous_367)"  hits="1"  signature="()V" >
				<lines><line number="3"  hits="1" /></lines>
			</method>
			<method name="(anonymous_368)"  hits="275"  signature="()V" >
				<lines><line number="3"  hits="275" /></lines>
			</method>
			<method name="(anonymous_369)"  hits="0"  signature="()V" >
				<lines><line number="3"  hits="0" /></lines>
			</method>
			<method name="(anonymous_370)"  hits="1"  signature="()V" >
				<lines><line number="3"  hits="1" /></lines>
			</method>
			<method name="(anonymous_371)"  hits="87"  signature="()V" >
				<lines><line number="3"  hits="87" /></lines>
			</method>
			<method name="(anonymous_372)"  hits="37"  signature="()V" >
				<lines><line number="3"  hits="37" /></lines>
			</method>
			<method name="(anonymous_373)"  hits="3915"  signature="()V" >
				<lines><line number="3"  hits="3915" /></lines>
			</method>
			<method name="(anonymous_374)"  hits="171"  signature="()V" >
				<lines><line number="3"  hits="171" /></lines>
			</method>
			<method name="(anonymous_375)"  hits="1"  signature="()V" >
				<lines><line number="3"  hits="1" /></lines>
			</method>
			<method name="(anonymous_376)"  hits="0"  signature="()V" >
				<lines><line number="3"  hits="0" /></lines>
			</method>
			<method name="(anonymous_377)"  hits="0"  signature="()V" >
				<lines><line number="3"  hits="0" /></lines>
			</method>
			<method name="(anonymous_378)"  hits="1523"  signature="()V" >
				<lines><line number="3"  hits="1523" /></lines>
			</method>
			<method name="(anonymous_379)"  hits="1533"  signature="()V" >
				<lines><line number="3"  hits="1533" /></lines>
			</method>
			<method name="(anonymous_380)"  hits="5963"  signature="()V" >
				<lines><line number="3"  hits="5963" /></lines>
			</method>
			<method name="(anonymous_381)"  hits="1274"  signature="()V" >
				<lines><line number="3"  hits="1274" /></lines>
			</method>
			<method name="(anonymous_382)"  hits="2704"  signature="()V" >
				<lines><line number="3"  hits="2704" /></lines>
			</method>
			<method name="(anonymous_383)"  hits="879"  signature="()V" >
				<lines><line number="3"  hits="879" /></lines>
			</method>
			<method name="(anonymous_384)"  hits="0"  signature="()V" >
				<lines><line number="3"  hits="0" /></lines>
			</method>
			<method name="(anonymous_385)"  hits="1713"  signature="()V" >
				<lines><line number="3"  hits="1713" /></lines>
			</method>
			<method name="(anonymous_386)"  hits="1904"  signature="()V" >
				<lines><line number="3"  hits="1904" /></lines>
			</method>
			<method name="(anonymous_387)"  hits="1713"  signature="()V" >
				<lines><line number="3"  hits="1713" /></lines>
			</method>
			<method name="(anonymous_388)"  hits="5"  signature="()V" >
				<lines><line number="3"  hits="5" /></lines>
			</method>
			<method name="(anonymous_389)"  hits="4068"  signature="()V" >
				<lines><line number="3"  hits="4068" /></lines>
			</method>
			<method name="(anonymous_390)"  hits="1"  signature="()V" >
				<lines><line number="3"  hits="1" /></lines>
			</method>
			<method name="(anonymous_391)"  hits="1"  signature="()V" >
				<lines><line number="3"  hits="1" /></lines>
			</method>
			<method name="(anonymous_392)"  hits="598"  signature="()V" >
				<lines><line number="3"  hits="598" /></lines>
			</method>
			<method name="(anonymous_393)"  hits="2"  signature="()V" >
				<lines><line number="3"  hits="2" /></lines>
			</method>
			<method name="(anonymous_394)"  hits="1"  signature="()V" >
				<lines><line number="3"  hits="1" /></lines>
			</method>
			<method name="(anonymous_395)"  hits="1"  signature="()V" >
				<lines><line number="3"  hits="1" /></lines>
			</method>
			<method name="(anonymous_396)"  hits="0"  signature="()V" >
				<lines><line number="3"  hits="0" /></lines>
			</method>
			<method name="(anonymous_397)"  hits="0"  signature="()V" >
				<lines><line number="3"  hits="0" /></lines>
			</method>
			<method name="(anonymous_398)"  hits="21"  signature="()V" >
				<lines><line number="3"  hits="21" /></lines>
			</method>
			<method name="(anonymous_399)"  hits="15"  signature="()V" >
				<lines><line number="3"  hits="15" /></lines>
			</method>
			<method name="(anonymous_400)"  hits="0"  signature="()V" >
				<lines><line number="3"  hits="0" /></lines>
			</method>
			<method name="(anonymous_401)"  hits="0"  signature="()V" >
				<lines><line number="3"  hits="0" /></lines>
			</method>
			<method name="(anonymous_402)"  hits="2491"  signature="()V" >
				<lines><line number="3"  hits="2491" /></lines>
			</method>
			<method name="(anonymous_403)"  hits="1427"  signature="()V" >
				<lines><line number="3"  hits="1427" /></lines>
			</method>
			<method name="(anonymous_404)"  hits="160"  signature="()V" >
				<lines><line number="3"  hits="160" /></lines>
			</method>
			<method name="(anonymous_405)"  hits="1"  signature="()V" >
				<lines><line number="3"  hits="1" /></lines>
			</method>
			<method name="(anonymous_406)"  hits="4380"  signature="()V" >
				<lines><line number="3"  hits="4380" /></lines>
			</method>
			<method name="(anonymous_407)"  hits="402"  signature="()V" >
				<lines><line number="3"  hits="402" /></lines>
			</method>
			<method name="(anonymous_408)"  hits="1"  signature="()V" >
				<lines><line number="4"  hits="1" /></lines>
			</method>
			<method name="(anonymous_409)"  hits="39530"  signature="()V" >
				<lines><line number="4"  hits="39530" /></lines>
			</method>
			<method name="(anonymous_410)"  hits="756"  signature="()V" >
				<lines><line number="4"  hits="756" /></lines>
			</method>
			<method name="(anonymous_411)"  hits="1"  signature="()V" >
				<lines><line number="4"  hits="1" /></lines>
			</method>
			<method name="(anonymous_412)"  hits="0"  signature="()V" >
				<lines><line number="4"  hits="0" /></lines>
			</method>
			<method name="(anonymous_413)"  hits="0"  signature="()V" >
				<lines><line number="4"  hits="0" /></lines>
			</method>
			<method name="(anonymous_414)"  hits="0"  signature="()V" >
				<lines><line number="4"  hits="0" /></lines>
			</method>
			<method name="(anonymous_415)"  hits="0"  signature="()V" >
				<lines><line number="4"  hits="0" /></lines>
			</method>
			<method name="(anonymous_416)"  hits="0"  signature="()V" >
				<lines><line number="4"  hits="0" /></lines>
			</method>
			<method name="(anonymous_417)"  hits="0"  signature="()V" >
				<lines><line number="4"  hits="0" /></lines>
			</method>
			<method name="(anonymous_418)"  hits="1"  signature="()V" >
				<lines><line number="4"  hits="1" /></lines>
			</method>
			<method name="(anonymous_419)"  hits="19"  signature="()V" >
				<lines><line number="4"  hits="19" /></lines>
			</method>
			<method name="(anonymous_420)"  hits="0"  signature="()V" >
				<lines><line number="4"  hits="0" /></lines>
			</method>
			<method name="(anonymous_421)"  hits="1"  signature="()V" >
				<lines><line number="4"  hits="1" /></lines>
			</method>
			<method name="(anonymous_422)"  hits="0"  signature="()V" >
				<lines><line number="4"  hits="0" /></lines>
			</method>
			<method name="(anonymous_423)"  hits="0"  signature="()V" >
				<lines><line number="4"  hits="0" /></lines>
			</method>
			<method name="(anonymous_424)"  hits="0"  signature="()V" >
				<lines><line number="4"  hits="0" /></lines>
			</method>
			<method name="(anonymous_425)"  hits="2"  signature="()V" >
				<lines><line number="4"  hits="2" /></lines>
			</method>
			<method name="(anonymous_426)"  hits="1"  signature="()V" >
				<lines><line number="4"  hits="1" /></lines>
			</method>
			<method name="(anonymous_427)"  hits="1"  signature="()V" >
				<lines><line number="4"  hits="1" /></lines>
			</method>
			<method name="(anonymous_428)"  hits="1"  signature="()V" >
				<lines><line number="4"  hits="1" /></lines>
			</method>
			<method name="(anonymous_429)"  hits="5204"  signature="()V" >
				<lines><line number="4"  hits="5204" /></lines>
			</method>
			<method name="(anonymous_430)"  hits="22"  signature="()V" >
				<lines><line number="4"  hits="22" /></lines>
			</method>
			<method name="(anonymous_431)"  hits="20"  signature="()V" >
				<lines><line number="4"  hits="20" /></lines>
			</method>
			<method name="(anonymous_432)"  hits="1"  signature="()V" >
				<lines><line number="4"  hits="1" /></lines>
			</method>
			<method name="(anonymous_433)"  hits="46"  signature="()V" >
				<lines><line number="4"  hits="46" /></lines>
			</method>
			<method name="(anonymous_434)"  hits="5"  signature="()V" >
				<lines><line number="4"  hits="5" /></lines>
			</method>
			<method name="(anonymous_435)"  hits="1"  signature="()V" >
				<lines><line number="4"  hits="1" /></lines>
			</method>
			<method name="(anonymous_436)"  hits="3"  signature="()V" >
				<lines><line number="4"  hits="3" /></lines>
			</method>
			<method name="(anonymous_437)"  hits="10"  signature="()V" >
				<lines><line number="4"  hits="10" /></lines>
			</method>
			<method name="(anonymous_438)"  hits="6"  signature="()V" >
				<lines><line number="4"  hits="6" /></lines>
			</method>
			<method name="(anonymous_439)"  hits="1"  signature="()V" >
				<lines><line number="4"  hits="1" /></lines>
			</method>
			<method name="(anonymous_440)"  hits="1"  signature="()V" >
				<lines><line number="4"  hits="1" /></lines>
			</method>
			<method name="(anonymous_441)"  hits="3"  signature="()V" >
				<lines><line number="4"  hits="3" /></lines>
			</method>
			<method name="(anonymous_442)"  hits="5"  signature="()V" >
				<lines><line number="4"  hits="5" /></lines>
			</method>
			<method name="(anonymous_443)"  hits="0"  signature="()V" >
				<lines><line number="4"  hits="0" /></lines>
			</method>
			<method name="(anonymous_444)"  hits="0"  signature="()V" >
				<lines><line number="4"  hits="0" /></lines>
			</method>
			<method name="(anonymous_445)"  hits="1"  signature="()V" >
				<lines><line number="4"  hits="1" /></lines>
			</method>
			<method name="(anonymous_446)"  hits="2"  signature="()V" >
				<lines><line number="4"  hits="2" /></lines>
			</method>
			<method name="(anonymous_447)"  hits="2"  signature="()V" >
				<lines><line number="4"  hits="2" /></lines>
			</method>
			<method name="(anonymous_448)"  hits="0"  signature="()V" >
				<lines><line number="4"  hits="0" /></lines>
			</method>
			<method name="(anonymous_449)"  hits="0"  signature="()V" >
				<lines><line number="4"  hits="0" /></lines>
			</method>
			<method name="(anonymous_450)"  hits="0"  signature="()V" >
				<lines><line number="4"  hits="0" /></lines>
			</method>
			<method name="(anonymous_451)"  hits="0"  signature="()V" >
				<lines><line number="4"  hits="0" /></lines>
			</method>
			<method name="(anonymous_452)"  hits="0"  signature="()V" >
				<lines><line number="4"  hits="0" /></lines>
			</method>
			<method name="(anonymous_453)"  hits="0"  signature="()V" >
				<lines><line number="4"  hits="0" /></lines>
			</method>
			<method name="(anonymous_454)"  hits="0"  signature="()V" >
				<lines><line number="4"  hits="0" /></lines>
			</method>
			<method name="(anonymous_455)"  hits="0"  signature="()V" >
				<lines><line number="4"  hits="0" /></lines>
			</method>
			<method name="(anonymous_456)"  hits="0"  signature="()V" >
				<lines><line number="4"  hits="0" /></lines>
			</method>
			<method name="(anonymous_457)"  hits="0"  signature="()V" >
				<lines><line number="4"  hits="0" /></lines>
			</method>
			<method name="(anonymous_458)"  hits="0"  signature="()V" >
				<lines><line number="4"  hits="0" /></lines>
			</method>
			<method name="(anonymous_459)"  hits="0"  signature="()V" >
				<lines><line number="4"  hits="0" /></lines>
			</method>
			<method name="(anonymous_460)"  hits="0"  signature="()V" >
				<lines><line number="4"  hits="0" /></lines>
			</method>
			<method name="(anonymous_461)"  hits="0"  signature="()V" >
				<lines><line number="4"  hits="0" /></lines>
			</method>
			<method name="(anonymous_462)"  hits="0"  signature="()V" >
				<lines><line number="4"  hits="0" /></lines>
			</method>
			<method name="(anonymous_463)"  hits="0"  signature="()V" >
				<lines><line number="4"  hits="0" /></lines>
			</method>
			<method name="(anonymous_464)"  hits="0"  signature="()V" >
				<lines><line number="4"  hits="0" /></lines>
			</method>
			<method name="(anonymous_465)"  hits="0"  signature="()V" >
				<lines><line number="4"  hits="0" /></lines>
			</method>
			<method name="(anonymous_466)"  hits="0"  signature="()V" >
				<lines><line number="4"  hits="0" /></lines>
			</method>
			<method name="(anonymous_467)"  hits="0"  signature="()V" >
				<lines><line number="4"  hits="0" /></lines>
			</method>
			<method name="(anonymous_468)"  hits="0"  signature="()V" >
				<lines><line number="4"  hits="0" /></lines>
			</method>
			<method name="(anonymous_469)"  hits="2"  signature="()V" >
				<lines><line number="4"  hits="2" /></lines>
			</method>
			<method name="(anonymous_470)"  hits="1"  signature="()V" >
				<lines><line number="4"  hits="1" /></lines>
			</method>
			<method name="(anonymous_471)"  hits="845"  signature="()V" >
				<lines><line number="4"  hits="845" /></lines>
			</method>
			<method name="(anonymous_472)"  hits="845"  signature="()V" >
				<lines><line number="4"  hits="845" /></lines>
			</method>
			<method name="(anonymous_473)"  hits="845"  signature="()V" >
				<lines><line number="4"  hits="845" /></lines>
			</method>
			<method name="(anonymous_474)"  hits="0"  signature="()V" >
				<lines><line number="4"  hits="0" /></lines>
			</method>
			<method name="(anonymous_475)"  hits="7564"  signature="()V" >
				<lines><line number="4"  hits="7564" /></lines>
			</method>
			<method name="(anonymous_476)"  hits="359"  signature="()V" >
				<lines><line number="4"  hits="359" /></lines>
			</method>
			<method name="(anonymous_477)"  hits="1723"  signature="()V" >
				<lines><line number="4"  hits="1723" /></lines>
			</method>
			<method name="(anonymous_478)"  hits="0"  signature="()V" >
				<lines><line number="4"  hits="0" /></lines>
			</method>
			<method name="(anonymous_479)"  hits="841"  signature="()V" >
				<lines><line number="4"  hits="841" /></lines>
			</method>
			<method name="(anonymous_480)"  hits="1"  signature="()V" >
				<lines><line number="4"  hits="1" /></lines>
			</method>
			<method name="(anonymous_481)"  hits="26"  signature="()V" >
				<lines><line number="4"  hits="26" /></lines>
			</method>
			<method name="(anonymous_482)"  hits="6329"  signature="()V" >
				<lines><line number="4"  hits="6329" /></lines>
			</method>
			<method name="(anonymous_483)"  hits="0"  signature="()V" >
				<lines><line number="4"  hits="0" /></lines>
			</method>
			<method name="(anonymous_484)"  hits="115"  signature="()V" >
				<lines><line number="4"  hits="115" /></lines>
			</method>
			<method name="(anonymous_485)"  hits="6329"  signature="()V" >
				<lines><line number="4"  hits="6329" /></lines>
			</method>
			<method name="(anonymous_486)"  hits="1"  signature="()V" >
				<lines><line number="4"  hits="1" /></lines>
			</method>
			<method name="(anonymous_487)"  hits="2"  signature="()V" >
				<lines><line number="4"  hits="2" /></lines>
			</method>
			<method name="(anonymous_488)"  hits="2"  signature="()V" >
				<lines><line number="4"  hits="2" /></lines>
			</method>
			<method name="(anonymous_489)"  hits="1"  signature="()V" >
				<lines><line number="4"  hits="1" /></lines>
			</method>
			<method name="(anonymous_490)"  hits="1"  signature="()V" >
				<lines><line number="4"  hits="1" /></lines>
			</method>
			<method name="(anonymous_491)"  hits="0"  signature="()V" >
				<lines><line number="4"  hits="0" /></lines>
			</method>
			<method name="(anonymous_492)"  hits="1"  signature="()V" >
				<lines><line number="4"  hits="1" /></lines>
			</method>
			<method name="(anonymous_493)"  hits="4"  signature="()V" >
				<lines><line number="4"  hits="4" /></lines>
			</method>
			<method name="(anonymous_494)"  hits="3"  signature="()V" >
				<lines><line number="4"  hits="3" /></lines>
			</method>
			<method name="(anonymous_495)"  hits="0"  signature="()V" >
				<lines><line number="4"  hits="0" /></lines>
			</method>
			<method name="(anonymous_496)"  hits="0"  signature="()V" >
				<lines><line number="4"  hits="0" /></lines>
			</method>
			<method name="(anonymous_497)"  hits="2"  signature="()V" >
				<lines><line number="4"  hits="2" /></lines>
			</method>
			<method name="(anonymous_498)"  hits="2"  signature="()V" >
				<lines><line number="4"  hits="2" /></lines>
			</method>
			<method name="(anonymous_499)"  hits="2"  signature="()V" >
				<lines><line number="4"  hits="2" /></lines>
			</method>
			<method name="(anonymous_500)"  hits="1"  signature="()V" >
				<lines><line number="4"  hits="1" /></lines>
			</method>
			<method name="(anonymous_501)"  hits="7"  signature="()V" >
				<lines><line number="4"  hits="7" /></lines>
			</method>
			<method name="(anonymous_502)"  hits="0"  signature="()V" >
				<lines><line number="4"  hits="0" /></lines>
			</method>
			<method name="(anonymous_503)"  hits="0"  signature="()V" >
				<lines><line number="4"  hits="0" /></lines>
			</method>
			<method name="(anonymous_504)"  hits="1"  signature="()V" >
				<lines><line number="4"  hits="1" /></lines>
			</method>
			<method name="(anonymous_505)"  hits="2"  signature="()V" >
				<lines><line number="4"  hits="2" /></lines>
			</method>
			<method name="(anonymous_506)"  hits="0"  signature="()V" >
				<lines><line number="4"  hits="0" /></lines>
			</method>
			<method name="(anonymous_507)"  hits="1"  signature="()V" >
				<lines><line number="4"  hits="1" /></lines>
			</method>
			<method name="(anonymous_508)"  hits="1430"  signature="()V" >
				<lines><line number="4"  hits="1430" /></lines>
			</method>
			<method name="(anonymous_509)"  hits="1430"  signature="()V" >
				<lines><line number="4"  hits="1430" /></lines>
			</method>
			<method name="(anonymous_510)"  hits="81"  signature="()V" >
				<lines><line number="4"  hits="81" /></lines>
			</method>
			<method name="(anonymous_511)"  hits="0"  signature="()V" >
				<lines><line number="4"  hits="0" /></lines>
			</method>
			<method name="(anonymous_512)"  hits="0"  signature="()V" >
				<lines><line number="4"  hits="0" /></lines>
			</method>
			<method name="(anonymous_513)"  hits="0"  signature="()V" >
				<lines><line number="4"  hits="0" /></lines>
			</method>
			<method name="(anonymous_514)"  hits="80"  signature="()V" >
				<lines><line number="4"  hits="80" /></lines>
			</method>
			<method name="(anonymous_515)"  hits="500"  signature="()V" >
				<lines><line number="4"  hits="500" /></lines>
			</method>
			<method name="(anonymous_516)"  hits="576"  signature="()V" >
				<lines><line number="4"  hits="576" /></lines>
			</method>
			<method name="(anonymous_517)"  hits="0"  signature="()V" >
				<lines><line number="4"  hits="0" /></lines>
			</method>
			<method name="(anonymous_518)"  hits="58688"  signature="()V" >
				<lines><line number="4"  hits="58688" /></lines>
			</method>
			<method name="(anonymous_519)"  hits="58794"  signature="()V" >
				<lines><line number="4"  hits="58794" /></lines>
			</method>
			<method name="(anonymous_520)"  hits="0"  signature="()V" >
				<lines><line number="4"  hits="0" /></lines>
			</method>
			<method name="(anonymous_521)"  hits="0"  signature="()V" >
				<lines><line number="4"  hits="0" /></lines>
			</method>
			<method name="(anonymous_522)"  hits="2450"  signature="()V" >
				<lines><line number="4"  hits="2450" /></lines>
			</method>
			<method name="(anonymous_523)"  hits="2659"  signature="()V" >
				<lines><line number="4"  hits="2659" /></lines>
			</method>
			<method name="(anonymous_524)"  hits="1"  signature="()V" >
				<lines><line number="4"  hits="1" /></lines>
			</method>
			<method name="(anonymous_525)"  hits="205"  signature="()V" >
				<lines><line number="4"  hits="205" /></lines>
			</method>
			<method name="(anonymous_526)"  hits="205"  signature="()V" >
				<lines><line number="4"  hits="205" /></lines>
			</method>
			<method name="(anonymous_527)"  hits="8"  signature="()V" >
				<lines><line number="4"  hits="8" /></lines>
			</method>
			<method name="(anonymous_528)"  hits="10"  signature="()V" >
				<lines><line number="4"  hits="10" /></lines>
			</method>
			<method name="(anonymous_529)"  hits="0"  signature="()V" >
				<lines><line number="4"  hits="0" /></lines>
			</method>
			<method name="(anonymous_530)"  hits="0"  signature="()V" >
				<lines><line number="4"  hits="0" /></lines>
			</method>
			<method name="(anonymous_531)"  hits="0"  signature="()V" >
				<lines><line number="4"  hits="0" /></lines>
			</method>
			<method name="(anonymous_532)"  hits="0"  signature="()V" >
				<lines><line number="4"  hits="0" /></lines>
			</method>
			<method name="(anonymous_533)"  hits="0"  signature="()V" >
				<lines><line number="4"  hits="0" /></lines>
			</method>
			<method name="(anonymous_534)"  hits="0"  signature="()V" >
				<lines><line number="4"  hits="0" /></lines>
			</method>
			<method name="(anonymous_535)"  hits="0"  signature="()V" >
				<lines><line number="4"  hits="0" /></lines>
			</method>
			<method name="(anonymous_536)"  hits="1259"  signature="()V" >
				<lines><line number="4"  hits="1259" /></lines>
			</method>
			<method name="(anonymous_537)"  hits="6"  signature="()V" >
				<lines><line number="4"  hits="6" /></lines>
			</method>
			<method name="(anonymous_538)"  hits="10"  signature="()V" >
				<lines><line number="4"  hits="10" /></lines>
			</method>
			<method name="(anonymous_539)"  hits="10"  signature="()V" >
				<lines><line number="4"  hits="10" /></lines>
			</method>
			<method name="(anonymous_540)"  hits="8"  signature="()V" >
				<lines><line number="4"  hits="8" /></lines>
			</method>
			<method name="(anonymous_541)"  hits="8"  signature="()V" >
				<lines><line number="4"  hits="8" /></lines>
			</method>
			<method name="(anonymous_542)"  hits="4"  signature="()V" >
				<lines><line number="4"  hits="4" /></lines>
			</method>
			<method name="(anonymous_543)"  hits="4"  signature="()V" >
				<lines><line number="4"  hits="4" /></lines>
			</method>
			<method name="(anonymous_544)"  hits="4"  signature="()V" >
				<lines><line number="4"  hits="4" /></lines>
			</method>
			<method name="(anonymous_545)"  hits="0"  signature="()V" >
				<lines><line number="4"  hits="0" /></lines>
			</method>
			<method name="(anonymous_546)"  hits="0"  signature="()V" >
				<lines><line number="4"  hits="0" /></lines>
			</method>
			<method name="(anonymous_547)"  hits="4"  signature="()V" >
				<lines><line number="4"  hits="4" /></lines>
			</method>
			<method name="(anonymous_548)"  hits="0"  signature="()V" >
				<lines><line number="4"  hits="0" /></lines>
			</method>
			<method name="(anonymous_549)"  hits="10"  signature="()V" >
				<lines><line number="4"  hits="10" /></lines>
			</method>
			<method name="(anonymous_550)"  hits="8"  signature="()V" >
				<lines><line number="4"  hits="8" /></lines>
			</method>
			<method name="(anonymous_551)"  hits="8"  signature="()V" >
				<lines><line number="4"  hits="8" /></lines>
			</method>
			<method name="(anonymous_552)"  hits="8"  signature="()V" >
				<lines><line number="4"  hits="8" /></lines>
			</method>
			<method name="(anonymous_553)"  hits="8"  signature="()V" >
				<lines><line number="4"  hits="8" /></lines>
			</method>
			<method name="(anonymous_554)"  hits="0"  signature="()V" >
				<lines><line number="4"  hits="0" /></lines>
			</method>
			<method name="(anonymous_555)"  hits="10"  signature="()V" >
				<lines><line number="4"  hits="10" /></lines>
			</method>
			<method name="(anonymous_556)"  hits="10"  signature="()V" >
				<lines><line number="4"  hits="10" /></lines>
			</method>
			<method name="(anonymous_557)"  hits="0"  signature="()V" >
				<lines><line number="4"  hits="0" /></lines>
			</method>
			<method name="(anonymous_558)"  hits="1036"  signature="()V" >
				<lines><line number="4"  hits="1036" /></lines>
			</method>
			<method name="(anonymous_559)"  hits="1036"  signature="()V" >
				<lines><line number="4"  hits="1036" /></lines>
			</method>
			<method name="(anonymous_560)"  hits="0"  signature="()V" >
				<lines><line number="4"  hits="0" /></lines>
			</method>
			<method name="(anonymous_561)"  hits="528"  signature="()V" >
				<lines><line number="4"  hits="528" /></lines>
			</method>
			<method name="(anonymous_562)"  hits="0"  signature="()V" >
				<lines><line number="4"  hits="0" /></lines>
			</method>
			<method name="(anonymous_563)"  hits="537"  signature="()V" >
				<lines><line number="4"  hits="537" /></lines>
			</method>
			<method name="(anonymous_564)"  hits="0"  signature="()V" >
				<lines><line number="4"  hits="0" /></lines>
			</method>
			<method name="(anonymous_565)"  hits="0"  signature="()V" >
				<lines><line number="4"  hits="0" /></lines>
			</method>
			<method name="(anonymous_566)"  hits="4"  signature="()V" >
				<lines><line number="4"  hits="4" /></lines>
			</method>
			<method name="(anonymous_567)"  hits="4"  signature="()V" >
				<lines><line number="4"  hits="4" /></lines>
			</method>
			<method name="(anonymous_568)"  hits="4"  signature="()V" >
				<lines><line number="4"  hits="4" /></lines>
			</method>
			<method name="(anonymous_569)"  hits="4"  signature="()V" >
				<lines><line number="4"  hits="4" /></lines>
			</method>
			<method name="(anonymous_570)"  hits="0"  signature="()V" >
				<lines><line number="4"  hits="0" /></lines>
			</method>
			<method name="(anonymous_571)"  hits="5"  signature="()V" >
				<lines><line number="4"  hits="5" /></lines>
			</method>
			<method name="(anonymous_572)"  hits="5"  signature="()V" >
				<lines><line number="4"  hits="5" /></lines>
			</method>
			<method name="(anonymous_573)"  hits="5"  signature="()V" >
				<lines><line number="4"  hits="5" /></lines>
			</method>
			<method name="(anonymous_574)"  hits="0"  signature="()V" >
				<lines><line number="4"  hits="0" /></lines>
			</method>
			<method name="(anonymous_575)"  hits="0"  signature="()V" >
				<lines><line number="4"  hits="0" /></lines>
			</method>
			<method name="(anonymous_576)"  hits="0"  signature="()V" >
				<lines><line number="4"  hits="0" /></lines>
			</method>
			<method name="(anonymous_577)"  hits="0"  signature="()V" >
				<lines><line number="4"  hits="0" /></lines>
			</method>
			<method name="(anonymous_578)"  hits="0"  signature="()V" >
				<lines><line number="4"  hits="0" /></lines>
			</method>
			<method name="(anonymous_579)"  hits="0"  signature="()V" >
				<lines><line number="4"  hits="0" /></lines>
			</method>
			<method name="(anonymous_580)"  hits="0"  signature="()V" >
				<lines><line number="4"  hits="0" /></lines>
			</method>
			<method name="(anonymous_581)"  hits="0"  signature="()V" >
				<lines><line number="4"  hits="0" /></lines>
			</method>
			<method name="(anonymous_582)"  hits="205"  signature="()V" >
				<lines><line number="4"  hits="205" /></lines>
			</method>
			<method name="(anonymous_583)"  hits="0"  signature="()V" >
				<lines><line number="4"  hits="0" /></lines>
			</method>
			<method name="(anonymous_584)"  hits="0"  signature="()V" >
				<lines><line number="4"  hits="0" /></lines>
			</method>
			<method name="(anonymous_585)"  hits="0"  signature="()V" >
				<lines><line number="4"  hits="0" /></lines>
			</method>
			<method name="(anonymous_586)"  hits="0"  signature="()V" >
				<lines><line number="4"  hits="0" /></lines>
			</method>
			<method name="(anonymous_587)"  hits="0"  signature="()V" >
				<lines><line number="4"  hits="0" /></lines>
			</method>
			<method name="(anonymous_588)"  hits="0"  signature="()V" >
				<lines><line number="4"  hits="0" /></lines>
			</method>
			<method name="(anonymous_589)"  hits="0"  signature="()V" >
				<lines><line number="4"  hits="0" /></lines>
			</method>
			<method name="(anonymous_590)"  hits="0"  signature="()V" >
				<lines><line number="4"  hits="0" /></lines>
			</method>
			<method name="(anonymous_591)"  hits="1"  signature="()V" >
				<lines><line number="4"  hits="1" /></lines>
			</method>
			<method name="(anonymous_592)"  hits="2"  signature="()V" >
				<lines><line number="4"  hits="2" /></lines>
			</method>
			<method name="(anonymous_593)"  hits="2"  signature="()V" >
				<lines><line number="4"  hits="2" /></lines>
			</method>
			<method name="(anonymous_594)"  hits="2"  signature="()V" >
				<lines><line number="4"  hits="2" /></lines>
			</method>
			<method name="(anonymous_595)"  hits="2"  signature="()V" >
				<lines><line number="4"  hits="2" /></lines>
			</method>
			<method name="(anonymous_596)"  hits="1"  signature="()V" >
				<lines><line number="4"  hits="1" /></lines>
			</method>
			<method name="(anonymous_597)"  hits="2"  signature="()V" >
				<lines><line number="4"  hits="2" /></lines>
			</method>
			<method name="(anonymous_598)"  hits="2"  signature="()V" >
				<lines><line number="4"  hits="2" /></lines>
			</method>
			<method name="(anonymous_599)"  hits="2"  signature="()V" >
				<lines><line number="4"  hits="2" /></lines>
			</method>
			<method name="(anonymous_600)"  hits="2"  signature="()V" >
				<lines><line number="4"  hits="2" /></lines>
			</method>
			<method name="(anonymous_601)"  hits="2"  signature="()V" >
				<lines><line number="4"  hits="2" /></lines>
			</method>
			<method name="(anonymous_602)"  hits="2"  signature="()V" >
				<lines><line number="4"  hits="2" /></lines>
			</method>
			<method name="(anonymous_603)"  hits="0"  signature="()V" >
				<lines><line number="4"  hits="0" /></lines>
			</method>
			<method name="(anonymous_604)"  hits="2"  signature="()V" >
				<lines><line number="4"  hits="2" /></lines>
			</method>
			<method name="(anonymous_605)"  hits="0"  signature="()V" >
				<lines><line number="4"  hits="0" /></lines>
			</method>
			<method name="(anonymous_606)"  hits="2"  signature="()V" >
				<lines><line number="4"  hits="2" /></lines>
			</method>
			<method name="(anonymous_607)"  hits="1"  signature="()V" >
				<lines><line number="4"  hits="1" /></lines>
			</method>
			<method name="(anonymous_608)"  hits="32"  signature="()V" >
				<lines><line number="4"  hits="32" /></lines>
			</method>
			<method name="(anonymous_609)"  hits="7"  signature="()V" >
				<lines><line number="4"  hits="7" /></lines>
			</method>
			<method name="(anonymous_610)"  hits="1"  signature="()V" >
				<lines><line number="4"  hits="1" /></lines>
			</method>
			<method name="(anonymous_611)"  hits="1"  signature="()V" >
				<lines><line number="4"  hits="1" /></lines>
			</method>
			<method name="(anonymous_612)"  hits="1"  signature="()V" >
				<lines><line number="4"  hits="1" /></lines>
			</method>
			<method name="(anonymous_613)"  hits="22898"  signature="()V" >
				<lines><line number="4"  hits="22898" /></lines>
			</method>
			<method name="(anonymous_614)"  hits="10"  signature="()V" >
				<lines><line number="4"  hits="10" /></lines>
			</method>
			<method name="(anonymous_615)"  hits="22905"  signature="()V" >
				<lines><line number="4"  hits="22905" /></lines>
			</method>
			<method name="(anonymous_616)"  hits="7"  signature="()V" >
				<lines><line number="4"  hits="7" /></lines>
			</method>
			<method name="(anonymous_617)"  hits="2"  signature="()V" >
				<lines><line number="4"  hits="2" /></lines>
			</method>
			<method name="(anonymous_618)"  hits="45803"  signature="()V" >
				<lines><line number="4"  hits="45803" /></lines>
			</method>
			<method name="(anonymous_619)"  hits="2"  signature="()V" >
				<lines><line number="4"  hits="2" /></lines>
			</method>
			<method name="(anonymous_620)"  hits="22905"  signature="()V" >
				<lines><line number="4"  hits="22905" /></lines>
			</method>
			<method name="(anonymous_621)"  hits="1533"  signature="()V" >
				<lines><line number="4"  hits="1533" /></lines>
			</method>
			<method name="(anonymous_622)"  hits="35746"  signature="()V" >
				<lines><line number="4"  hits="35746" /></lines>
			</method>
			<method name="(anonymous_623)"  hits="5963"  signature="()V" >
				<lines><line number="4"  hits="5963" /></lines>
			</method>
			<method name="(anonymous_624)"  hits="70155"  signature="()V" >
				<lines><line number="4"  hits="70155" /></lines>
			</method>
			<method name="(anonymous_625)"  hits="1"  signature="()V" >
				<lines><line number="5"  hits="1" /></lines>
			</method>
			<method name="(anonymous_626)"  hits="25"  signature="()V" >
				<lines><line number="5"  hits="25" /></lines>
			</method>
			<method name="(anonymous_627)"  hits="23"  signature="()V" >
				<lines><line number="5"  hits="23" /></lines>
			</method>
			<method name="(anonymous_628)"  hits="8"  signature="()V" >
				<lines><line number="5"  hits="8" /></lines>
			</method>
			<method name="(anonymous_629)"  hits="0"  signature="()V" >
				<lines><line number="5"  hits="0" /></lines>
			</method>
			<method name="(anonymous_630)"  hits="76"  signature="()V" >
				<lines><line number="5"  hits="76" /></lines>
			</method>
[...]
				<lines><line number="8"  hits="0" /></lines>
			</method>
			<method name="(anonymous_1470)"  hits="0"  signature="()V" >
				<lines><line number="8"  hits="0" /></lines>
			</method>
			<method name="(anonymous_1471)"  hits="0"  signature="()V" >
				<lines><line number="8"  hits="0" /></lines>
			</method>
			<method name="(anonymous_1472)"  hits="0"  signature="()V" >
				<lines><line number="8"  hits="0" /></lines>
			</method>
			<method name="f"  hits="8"  signature="()V" >
				<lines><line number="8"  hits="8" /></lines>
			</method>
			<method name="(anonymous_1474)"  hits="8"  signature="()V" >
				<lines><line number="8"  hits="8" /></lines>
			</method>
			<method name="(anonymous_1475)"  hits="8"  signature="()V" >
				<lines><line number="8"  hits="8" /></lines>
			</method>
			<method name="(anonymous_1476)"  hits="8"  signature="()V" >
				<lines><line number="8"  hits="8" /></lines>
			</method>
			<method name="(anonymous_1477)"  hits="8"  signature="()V" >
				<lines><line number="8"  hits="8" /></lines>
			</method>
			<method name="(anonymous_1478)"  hits="8"  signature="()V" >
				<lines><line number="8"  hits="8" /></lines>
			</method>
			<method name="(anonymous_1479)"  hits="0"  signature="()V" >
				<lines><line number="8"  hits="0" /></lines>
			</method>
			<method name="(anonymous_1480)"  hits="0"  signature="()V" >
				<lines><line number="8"  hits="0" /></lines>
			</method>
			<method name="g"  hits="1036"  signature="()V" >
				<lines><line number="8"  hits="1036" /></lines>
			</method>
			<method name="(anonymous_1482)"  hits="1036"  signature="()V" >
				<lines><line number="8"  hits="1036" /></lines>
			</method>
			<method name="(anonymous_1483)"  hits="1036"  signature="()V" >
				<lines><line number="8"  hits="1036" /></lines>
			</method>
			<method name="(anonymous_1484)"  hits="1036"  signature="()V" >
				<lines><line number="8"  hits="1036" /></lines>
			</method>
			<method name="(anonymous_1485)"  hits="1036"  signature="()V" >
				<lines><line number="8"  hits="1036" /></lines>
			</method>
			<method name="(anonymous_1486)"  hits="0"  signature="()V" >
				<lines><line number="8"  hits="0" /></lines>
			</method>
			<method name="h"  hits="0"  signature="()V" >
				<lines><line number="8"  hits="0" /></lines>
			</method>
			<method name="(anonymous_1488)"  hits="0"  signature="()V" >
				<lines><line number="8"  hits="0" /></lines>
			</method>
			<method name="(anonymous_1489)"  hits="0"  signature="()V" >
				<lines><line number="8"  hits="0" /></lines>
			</method>
			<method name="(anonymous_1490)"  hits="0"  signature="()V" >
				<lines><line number="8"  hits="0" /></lines>
			</method>
			<method name="(anonymous_1491)"  hits="0"  signature="()V" >
				<lines><line number="8"  hits="0" /></lines>
			</method>
			<method name="(anonymous_1492)"  hits="0"  signature="()V" >
				<lines><line number="8"  hits="0" /></lines>
			</method>
			<method name="i"  hits="0"  signature="()V" >
				<lines><line number="8"  hits="0" /></lines>
			</method>
			<method name="(anonymous_1494)"  hits="0"  signature="()V" >
				<lines><line number="8"  hits="0" /></lines>
			</method>
			<method name="(anonymous_1495)"  hits="0"  signature="()V" >
				<lines><line number="8"  hits="0" /></lines>
			</method>
			<method name="(anonymous_1496)"  hits="0"  signature="()V" >
				<lines><line number="8"  hits="0" /></lines>
			</method>
			<method name="(anonymous_1497)"  hits="0"  signature="()V" >
				<lines><line number="8"  hits="0" /></lines>
			</method>
			<method name="(anonymous_1498)"  hits="0"  signature="()V" >
				<lines><line number="8"  hits="0" /></lines>
			</method>
			<method name="j"  hits="0"  signature="()V" >
				<lines><line number="8"  hits="0" /></lines>
			</method>
			<method name="(anonymous_1500)"  hits="0"  signature="()V" >
				<lines><line number="8"  hits="0" /></lines>
			</method>
			<method name="(anonymous_1501)"  hits="0"  signature="()V" >
				<lines><line number="8"  hits="0" /></lines>
			</method>
			<method name="(anonymous_1502)"  hits="0"  signature="()V" >
				<lines><line number="8"  hits="0" /></lines>
			</method>
			<method name="(anonymous_1503)"  hits="0"  signature="()V" >
				<lines><line number="8"  hits="0" /></lines>
			</method>
			<method name="(anonymous_1504)"  hits="0"  signature="()V" >
				<lines><line number="8"  hits="0" /></lines>
			</method>
			<method name="k"  hits="0"  signature="()V" >
				<lines><line number="8"  hits="0" /></lines>
			</method>
			<method name="(anonymous_1506)"  hits="0"  signature="()V" >
				<lines><line number="8"  hits="0" /></lines>
			</method>
			<method name="(anonymous_1507)"  hits="0"  signature="()V" >
				<lines><line number="8"  hits="0" /></lines>
			</method>
			<method name="(anonymous_1508)"  hits="0"  signature="()V" >
				<lines><line number="8"  hits="0" /></lines>
			</method>
			<method name="(anonymous_1509)"  hits="0"  signature="()V" >
				<lines><line number="8"  hits="0" /></lines>
			</method>
			<method name="(anonymous_1510)"  hits="0"  signature="()V" >
				<lines><line number="8"  hits="0" /></lines>
			</method>
			<method name="l"  hits="1054"  signature="()V" >
				<lines><line number="8"  hits="1054" /></lines>
			</method>
			<method name="(anonymous_1512)"  hits="0"  signature="()V" >
				<lines><line number="8"  hits="0" /></lines>
			</method>
			<method name="(anonymous_1513)"  hits="0"  signature="()V" >
				<lines><line number="8"  hits="0" /></lines>
			</method>
			<method name="(anonymous_1514)"  hits="1"  signature="()V" >
				<lines><line number="8"  hits="1" /></lines>
			</method>
			<method name="(anonymous_1515)"  hits="1"  signature="()V" >
				<lines><line number="8"  hits="1" /></lines>
			</method>
			<method name="d"  hits="2"  signature="()V" >
				<lines><line number="8"  hits="2" /></lines>
			</method>
			<method name="e"  hits="0"  signature="()V" >
				<lines><line number="8"  hits="0" /></lines>
			</method>
			<method name="f"  hits="0"  signature="()V" >
				<lines><line number="8"  hits="0" /></lines>
			</method>
			<method name="(anonymous_1519)"  hits="2"  signature="()V" >
				<lines><line number="8"  hits="2" /></lines>
			</method>
			<method name="(anonymous_1520)"  hits="2"  signature="()V" >
				<lines><line number="8"  hits="2" /></lines>
			</method>
			<method name="(anonymous_1521)"  hits="2"  signature="()V" >
				<lines><line number="8"  hits="2" /></lines>
			</method>
			<method name="(anonymous_1522)"  hits="2"  signature="()V" >
				<lines><line number="8"  hits="2" /></lines>
			</method>
			<method name="(anonymous_1523)"  hits="1"  signature="()V" >
				<lines><line number="8"  hits="1" /></lines>
			</method>
			<method name="d"  hits="0"  signature="()V" >
				<lines><line number="8"  hits="0" /></lines>
			</method>
			<method name="e"  hits="0"  signature="()V" >
				<lines><line number="8"  hits="0" /></lines>
			</method>
			<method name="(anonymous_1526)"  hits="0"  signature="()V" >
				<lines><line number="8"  hits="0" /></lines>
			</method>
			<method name="(anonymous_1527)"  hits="0"  signature="()V" >
				<lines><line number="8"  hits="0" /></lines>
			</method>
			<method name="(anonymous_1528)"  hits="0"  signature="()V" >
				<lines><line number="8"  hits="0" /></lines>
			</method>
			<method name="(anonymous_1529)"  hits="0"  signature="()V" >
				<lines><line number="8"  hits="0" /></lines>
			</method>
			<method name="(anonymous_1530)"  hits="1"  signature="()V" >
				<lines><line number="8"  hits="1" /></lines>
			</method>
			<method name="(anonymous_1531)"  hits="4"  signature="()V" >
				<lines><line number="8"  hits="4" /></lines>
			</method>
			<method name="(anonymous_1532)"  hits="2"  signature="()V" >
				<lines><line number="8"  hits="2" /></lines>
			</method>
			<method name="(anonymous_1533)"  hits="8"  signature="()V" >
				<lines><line number="8"  hits="8" /></lines>
			</method>
			<method name="(anonymous_1534)"  hits="0"  signature="()V" >
				<lines><line number="8"  hits="0" /></lines>
			</method>
			<method name="(anonymous_1535)"  hits="0"  signature="()V" >
				<lines><line number="8"  hits="0" /></lines>
			</method>
			<method name="(anonymous_1536)"  hits="0"  signature="()V" >
				<lines><line number="8"  hits="0" /></lines>
			</method>
			<method name="(anonymous_1537)"  hits="1"  signature="()V" >
				<lines><line number="8"  hits="1" /></lines>
			</method>
			<method name="(anonymous_1538)"  hits="1"  signature="()V" >
				<lines><line number="8"  hits="1" /></lines>
			</method>
			<method name="d"  hits="2"  signature="()V" >
				<lines><line number="8"  hits="2" /></lines>
			</method>
			<method name="(anonymous_1540)"  hits="2"  signature="()V" >
				<lines><line number="8"  hits="2" /></lines>
			</method>
			<method name="(anonymous_1541)"  hits="2"  signature="()V" >
				<lines><line number="8"  hits="2" /></lines>
			</method>
			<method name="(anonymous_1542)"  hits="0"  signature="()V" >
				<lines><line number="8"  hits="0" /></lines>
			</method>
			<method name="(anonymous_1543)"  hits="0"  signature="()V" >
				<lines><line number="8"  hits="0" /></lines>
			</method>
			<method name="(anonymous_1544)"  hits="0"  signature="()V" >
				<lines><line number="8"  hits="0" /></lines>
			</method>
			<method name="(anonymous_1545)"  hits="1"  signature="()V" >
				<lines><line number="8"  hits="1" /></lines>
			</method>
			<method name="d"  hits="2"  signature="()V" >
				<lines><line number="8"  hits="2" /></lines>
			</method>
			<method name="(anonymous_1547)"  hits="1"  signature="()V" >
				<lines><line number="8"  hits="1" /></lines>
			</method>
			<method name="(anonymous_1548)"  hits="1"  signature="()V" >
				<lines><line number="8"  hits="1" /></lines>
			</method>
			<method name="d"  hits="1"  signature="()V" >
				<lines><line number="8"  hits="1" /></lines>
			</method>
			<method name="e"  hits="0"  signature="()V" >
				<lines><line number="8"  hits="0" /></lines>
			</method>
			<method name="(anonymous_1551)"  hits="1"  signature="()V" >
				<lines><line number="8"  hits="1" /></lines>
			</method>
			<method name="d"  hits="0"  signature="()V" >
				<lines><line number="8"  hits="0" /></lines>
			</method>
			<method name="e"  hits="0"  signature="()V" >
				<lines><line number="8"  hits="0" /></lines>
			</method>
			<method name="f"  hits="12"  signature="()V" >
				<lines><line number="8"  hits="12" /></lines>
			</method>
			<method name="g"  hits="6"  signature="()V" >
				<lines><line number="8"  hits="6" /></lines>
			</method>
			<method name="h"  hits="2"  signature="()V" >
				<lines><line number="8"  hits="2" /></lines>
			</method>
			<method name="i"  hits="0"  signature="()V" >
				<lines><line number="8"  hits="0" /></lines>
			</method>
			<method name="j"  hits="6"  signature="()V" >
				<lines><line number="8"  hits="6" /></lines>
			</method>
			<method name="k"  hits="2"  signature="()V" >
				<lines><line number="8"  hits="2" /></lines>
			</method>
			<method name="l"  hits="3"  signature="()V" >
				<lines><line number="8"  hits="3" /></lines>
			</method>
			<method name="m"  hits="113"  signature="()V" >
				<lines><line number="8"  hits="113" /></lines>
			</method>
			<method name="n"  hits="0"  signature="()V" >
				<lines><line number="8"  hits="0" /></lines>
			</method>
			<method name="o"  hits="0"  signature="()V" >
				<lines><line number="8"  hits="0" /></lines>
			</method>
			<method name="p"  hits="2"  signature="()V" >
				<lines><line number="8"  hits="2" /></lines>
			</method>
			<method name="q"  hits="0"  signature="()V" >
				<lines><line number="8"  hits="0" /></lines>
			</method>
			<method name="r"  hits="0"  signature="()V" >
				<lines><line number="9"  hits="0" /></lines>
			</method>
			<method name="s"  hits="2"  signature="()V" >
				<lines><line number="9"  hits="2" /></lines>
			</method>
			<method name="t"  hits="2"  signature="()V" >
				<lines><line number="9"  hits="2" /></lines>
			</method>
			<method name="u"  hits="2"  signature="()V" >
				<lines><line number="9"  hits="2" /></lines>
			</method>
			<method name="v"  hits="2"  signature="()V" >
				<lines><line number="9"  hits="2" /></lines>
			</method>
			<method name="w"  hits="0"  signature="()V" >
				<lines><line number="9"  hits="0" /></lines>
			</method>
			<method name="x"  hits="2"  signature="()V" >
				<lines><line number="9"  hits="2" /></lines>
			</method>
			<method name="y"  hits="0"  signature="()V" >
				<lines><line number="9"  hits="0" /></lines>
			</method>
			<method name="z"  hits="2"  signature="()V" >
				<lines><line number="9"  hits="2" /></lines>
			</method>
			<method name="A"  hits="2"  signature="()V" >
				<lines><line number="9"  hits="2" /></lines>
			</method>
			<method name="(anonymous_1576)"  hits="10"  signature="()V" >
				<lines><line number="9"  hits="10" /></lines>
			</method>
			<method name="(anonymous_1577)"  hits="1"  signature="()V" >
				<lines><line number="9"  hits="1" /></lines>
			</method>
			<method name="d"  hits="0"  signature="()V" >
				<lines><line number="9"  hits="0" /></lines>
			</method>
			<method name="(anonymous_1579)"  hits="1"  signature="()V" >
				<lines><line number="9"  hits="1" /></lines>
			</method>
			<method name="(anonymous_1580)"  hits="0"  signature="()V" >
				<lines><line number="9"  hits="0" /></lines>
			</method>
			<method name="(anonymous_1581)"  hits="1"  signature="()V" >
				<lines><line number="9"  hits="1" /></lines>
			</method>
			<method name="d"  hits="0"  signature="()V" >
				<lines><line number="9"  hits="0" /></lines>
			</method>
			<method name="e"  hits="0"  signature="()V" >
				<lines><line number="9"  hits="0" /></lines>
			</method>
			<method name="f"  hits="0"  signature="()V" >
				<lines><line number="9"  hits="0" /></lines>
			</method>
			<method name="g"  hits="0"  signature="()V" >
				<lines><line number="9"  hits="0" /></lines>
			</method>
			<method name="h"  hits="0"  signature="()V" >
				<lines><line number="9"  hits="0" /></lines>
			</method>
			<method name="i"  hits="0"  signature="()V" >
				<lines><line number="9"  hits="0" /></lines>
			</method>
			<method name="j"  hits="0"  signature="()V" >
				<lines><line number="9"  hits="0" /></lines>
			</method>
			<method name="k"  hits="0"  signature="()V" >
				<lines><line number="9"  hits="0" /></lines>
			</method>
			<method name="l"  hits="0"  signature="()V" >
				<lines><line number="9"  hits="0" /></lines>
			</method>
			<method name="m"  hits="0"  signature="()V" >
				<lines><line number="9"  hits="0" /></lines>
			</method>
			<method name="n"  hits="0"  signature="()V" >
				<lines><line number="9"  hits="0" /></lines>
			</method>
			<method name="o"  hits="0"  signature="()V" >
				<lines><line number="9"  hits="0" /></lines>
			</method>
			<method name="(anonymous_1594)"  hits="1"  signature="()V" >
				<lines><line number="9"  hits="1" /></lines>
			</method>
			<method name="(anonymous_1595)"  hits="0"  signature="()V" >
				<lines><line number="9"  hits="0" /></lines>
			</method>
			<method name="(anonymous_1596)"  hits="1"  signature="()V" >
				<lines><line number="9"  hits="1" /></lines>
			</method>
			<method name="(anonymous_1597)"  hits="1"  signature="()V" >
				<lines><line number="9"  hits="1" /></lines>
			</method>
			<method name="d"  hits="6"  signature="()V" >
				<lines><line number="9"  hits="6" /></lines>
			</method>
			<method name="e"  hits="6"  signature="()V" >
				<lines><line number="9"  hits="6" /></lines>
			</method>
			<method name="f"  hits="56"  signature="()V" >
				<lines><line number="9"  hits="56" /></lines>
			</method>
			<method name="g"  hits="118"  signature="()V" >
				<lines><line number="9"  hits="118" /></lines>
			</method>
			<method name="h"  hits="113"  signature="()V" >
				<lines><line number="9"  hits="113" /></lines>
			</method>
			<method name="i"  hits="403"  signature="()V" >
				<lines><line number="9"  hits="403" /></lines>
			</method>
			<method name="j"  hits="0"  signature="()V" >
				<lines><line number="9"  hits="0" /></lines>
			</method>
			<method name="k"  hits="6"  signature="()V" >
				<lines><line number="9"  hits="6" /></lines>
			</method>
			<method name="l"  hits="7"  signature="()V" >
				<lines><line number="9"  hits="7" /></lines>
			</method>
			<method name="m"  hits="1"  signature="()V" >
				<lines><line number="9"  hits="1" /></lines>
			</method>
			<method name="n"  hits="4"  signature="()V" >
				<lines><line number="9"  hits="4" /></lines>
			</method>
			<method name="o"  hits="2"  signature="()V" >
				<lines><line number="9"  hits="2" /></lines>
			</method>
			<method name="p"  hits="0"  signature="()V" >
				<lines><line number="9"  hits="0" /></lines>
			</method>
			<method name="q"  hits="879"  signature="()V" >
				<lines><line number="9"  hits="879" /></lines>
			</method>
			<method name="r"  hits="199"  signature="()V" >
				<lines><line number="9"  hits="199" /></lines>
			</method>
			<method name="s"  hits="2"  signature="()V" >
				<lines><line number="9"  hits="2" /></lines>
			</method>
			<method name="t"  hits="6"  signature="()V" >
				<lines><line number="9"  hits="6" /></lines>
			</method>
			<method name="u"  hits="4"  signature="()V" >
				<lines><line number="9"  hits="4" /></lines>
			</method>
			<method name="v"  hits="0"  signature="()V" >
				<lines><line number="9"  hits="0" /></lines>
			</method>
			<method name="w"  hits="2"  signature="()V" >
				<lines><line number="9"  hits="2" /></lines>
			</method>
			<method name="x"  hits="0"  signature="()V" >
				<lines><line number="9"  hits="0" /></lines>
			</method>
			<method name="y"  hits="2"  signature="()V" >
				<lines><line number="9"  hits="2" /></lines>
			</method>
			<method name="z"  hits="2"  signature="()V" >
				<lines><line number="9"  hits="2" /></lines>
			</method>
			<method name="A"  hits="0"  signature="()V" >
				<lines><line number="9"  hits="0" /></lines>
			</method>
			<method name="B"  hits="0"  signature="()V" >
				<lines><line number="9"  hits="0" /></lines>
			</method>
			<method name="C"  hits="2"  signature="()V" >
				<lines><line number="9"  hits="2" /></lines>
			</method>
			<method name="D"  hits="108"  signature="()V" >
				<lines><line number="9"  hits="108" /></lines>
			</method>
			<method name="(anonymous_1625)"  hits="3"  signature="()V" >
				<lines><line number="9"  hits="3" /></lines>
			</method>
			<method name="(anonymous_1626)"  hits="6"  signature="()V" >
				<lines><line number="9"  hits="6" /></lines>
			</method>
			<method name="(anonymous_1627)"  hits="1"  signature="()V" >
				<lines><line number="9"  hits="1" /></lines>
			</method>
			<method name="d"  hits="2"  signature="()V" >
				<lines><line number="9"  hits="2" /></lines>
			</method>
		</methods>
		<lines>
			<line number="1"  hits="31938"  branch="true"  condition-coverage="60.02691790040377% (446/743)" />
			<line number="2"  hits="9093"  branch="true"  condition-coverage="42.4408014571949% (233/549)" />
			<line number="3"  hits="9419"  branch="true"  condition-coverage="46.478873239436616% (297/639)" />
			<line number="4"  hits="70155"  branch="true"  condition-coverage="49.53519256308101% (373/753)" />
			<line number="5"  hits="70134"  branch="true"  condition-coverage="33.4855403348554% (220/657)" />
			<line number="6"  hits="325"  branch="true"  condition-coverage="25.657894736842106% (78/304)" />
			<line number="7"  hits="42748"  branch="true"  condition-coverage="39.55696202531646% (125/316)" />
			<line number="8"  hits="70520"  branch="true"  condition-coverage="24.012158054711247% (158/658)" />
			<line number="9"  hits="2943"  branch="true"  condition-coverage="18.53546910755149% (162/874)" />
		</lines>
		</class>
	</classes>
	</package>
</packages>
</coverage>
